/scratch/Shares/layer/workspace/devin_sra/sv_step/align_src
fijinode-42
Sat Feb 19 11:17:54 MST 2022
SRR13786956

Read 263081822 spots for SRR13786956
Written 263081822 spots for SRR13786956
SRR13786958

Read 244855374 spots for SRR13786958
Written 244855374 spots for SRR13786958
SRR13786962

Read 272695980 spots for SRR13786962
Written 272695980 spots for SRR13786962
SRR13786964

Read 303236896 spots for SRR13786964
Written 303236896 spots for SRR13786964
SRR13786965

Read 318961534 spots for SRR13786965
Written 318961534 spots for SRR13786965
SRR13786966

Read 308927500 spots for SRR13786966
Written 308927500 spots for SRR13786966
