2022-02-19T18:17:55 prefetch.2.11.2: Current preference is set to retrieve SRA Normalized Format files with full base quality scores.
2022-02-19T18:17:55 prefetch.2.11.2: 1) Downloading 'SRR13786977'...
2022-02-19T18:17:55 prefetch.2.11.2: SRA Normalized Format file is being retrieved, if this is different from your preference, it may be due to current file availability.
2022-02-19T18:17:55 prefetch.2.11.2:  Downloading via HTTPS...
2022-02-19T18:30:10 prefetch.2.11.2:  HTTPS download succeed
2022-02-19T18:35:05 prefetch.2.11.2:  'SRR13786977' is valid
2022-02-19T18:35:05 prefetch.2.11.2: 1) 'SRR13786977' was downloaded successfully
2022-02-19T18:35:05 prefetch.2.11.2: 'SRR13786977' has 0 unresolved dependencies
[bam_sort_core] merging from 208 files and 16 in-memory blocks...
rm: cannot remove ‘data/bams/SRR13786977.bam’: No such file or directory
rm: cannot remove ‘data/fastqs/SRR13786977_1.fastq’: No such file or directory
rm: cannot remove ‘data/fastqs/SRR13786977_2.fastq’: No such file or directory
2022-02-20T05:55:29 prefetch.2.11.2: Current preference is set to retrieve SRA Normalized Format files with full base quality scores.
2022-02-20T05:55:29 prefetch.2.11.2: 1) Downloading 'SRR13786978'...
2022-02-20T05:55:29 prefetch.2.11.2: SRA Normalized Format file is being retrieved, if this is different from your preference, it may be due to current file availability.
2022-02-20T05:55:29 prefetch.2.11.2:  Downloading via HTTPS...
2022-02-20T06:04:59 prefetch.2.11.2:  HTTPS download succeed
2022-02-20T06:09:29 prefetch.2.11.2:  'SRR13786978' is valid
2022-02-20T06:09:29 prefetch.2.11.2: 1) 'SRR13786978' was downloaded successfully
2022-02-20T06:09:29 prefetch.2.11.2: 'SRR13786978' has 0 unresolved dependencies
[bam_sort_core] merging from 208 files and 16 in-memory blocks...
rm: cannot remove ‘data/bams/SRR13786978.bam’: No such file or directory
rm: cannot remove ‘data/fastqs/SRR13786978_1.fastq’: No such file or directory
rm: cannot remove ‘data/fastqs/SRR13786978_2.fastq’: No such file or directory
2022-02-20T15:51:32 prefetch.2.11.2: Current preference is set to retrieve SRA Normalized Format files with full base quality scores.
2022-02-20T15:51:32 prefetch.2.11.2: 1) Downloading 'SRR13786979'...
2022-02-20T15:51:32 prefetch.2.11.2: SRA Normalized Format file is being retrieved, if this is different from your preference, it may be due to current file availability.
2022-02-20T15:51:32 prefetch.2.11.2:  Downloading via HTTPS...
2022-02-20T16:00:54 prefetch.2.11.2:  HTTPS download succeed
2022-02-20T16:00:54 prefetch.2.11.2:   verifying 'SRR13786979'...
2022-02-20T16:05:21 prefetch.2.11.2:  'SRR13786979' is valid
2022-02-20T16:05:21 prefetch.2.11.2: 1) 'SRR13786979' was downloaded successfully
2022-02-20T16:05:21 prefetch.2.11.2: 'SRR13786979' has 0 unresolved dependencies
