/scratch/Shares/layer/workspace/devin_sra/sv_step/align_src
fijinode-42
Sat Feb 19 11:17:54 MST 2022
SRR13786977

Read 237460067 spots for SRR13786977
Written 237460067 spots for SRR13786977
SRR13786978

Read 231959238 spots for SRR13786978
Written 231959238 spots for SRR13786978
SRR13786979

Read 247928757 spots for SRR13786979
Written 247928757 spots for SRR13786979
SRR13786981

Read 250771104 spots for SRR13786981
Written 250771104 spots for SRR13786981
SRR13786985

Read 254749572 spots for SRR13786985
Written 254749572 spots for SRR13786985
SRR13786987

Read 231366949 spots for SRR13786987
Written 231366949 spots for SRR13786987
SRR13786988

Read 257213610 spots for SRR13786988
Written 257213610 spots for SRR13786988
