/scratch/Shares/layer/workspace/devin_sra/sv_step/align_src
fijinode-42
Sat Feb 19 11:17:54 MST 2022
SRR13786946

Read 236046472 spots for SRR13786946
Written 236046472 spots for SRR13786946
SRR13786947

Read 236087156 spots for SRR13786947
Written 236087156 spots for SRR13786947
SRR13786949

Read 232299172 spots for SRR13786949
Written 232299172 spots for SRR13786949
SRR13786950

Read 250179284 spots for SRR13786950
Written 250179284 spots for SRR13786950
SRR13786951

Read 240884134 spots for SRR13786951
Written 240884134 spots for SRR13786951
SRR13786952

Read 252441287 spots for SRR13786952
Written 252441287 spots for SRR13786952
SRR13786954

Read 241586642 spots for SRR13786954
Written 241586642 spots for SRR13786954
