2022-02-19T18:17:55 prefetch.2.11.2: Current preference is set to retrieve SRA Normalized Format files with full base quality scores.
2022-02-19T18:17:55 prefetch.2.11.2: 1) Downloading 'ERR4336881'...
2022-02-19T18:17:55 prefetch.2.11.2: SRA Normalized Format file is being retrieved, if this is different from your preference, it may be due to current file availability.
2022-02-19T18:17:55 prefetch.2.11.2:  Downloading via HTTPS...
2022-02-19T18:30:54 prefetch.2.11.2:  HTTPS download succeed
2022-02-19T18:30:54 prefetch.2.11.2:   verifying 'ERR4336881'...
2022-02-19T18:37:13 prefetch.2.11.2:  'ERR4336881' is valid
2022-02-19T18:37:13 prefetch.2.11.2: 1) 'ERR4336881' was downloaded successfully
2022-02-19T18:37:13 prefetch.2.11.2: 'ERR4336881' has 0 unresolved dependencies
[bam_sort_core] merging from 208 files and 16 in-memory blocks...
rm: cannot remove ‘data/bams/ERR4336881.bam’: No such file or directory
rm: cannot remove ‘data/fastqs/ERR4336881_1.fastq’: No such file or directory
rm: cannot remove ‘data/fastqs/ERR4336881_2.fastq’: No such file or directory
2022-02-20T03:42:56 prefetch.2.11.2: Current preference is set to retrieve SRA Normalized Format files with full base quality scores.
2022-02-20T03:42:56 prefetch.2.11.2: 1) Downloading 'ERR4336896'...
2022-02-20T03:42:56 prefetch.2.11.2: SRA Normalized Format file is being retrieved, if this is different from your preference, it may be due to current file availability.
2022-02-20T03:42:56 prefetch.2.11.2:  Downloading via HTTPS...
2022-02-20T03:52:43 prefetch.2.11.2:  HTTPS download succeed
2022-02-20T03:52:43 prefetch.2.11.2:   verifying 'ERR4336896'...
2022-02-20T03:58:36 prefetch.2.11.2:  'ERR4336896' is valid
2022-02-20T03:58:36 prefetch.2.11.2: 1) 'ERR4336896' was downloaded successfully
2022-02-20T03:58:36 prefetch.2.11.2: 'ERR4336896' has 0 unresolved dependencies
[bam_sort_core] merging from 208 files and 16 in-memory blocks...
rm: cannot remove ‘data/bams/ERR4336896.bam’: No such file or directory
rm: cannot remove ‘data/fastqs/ERR4336896_1.fastq’: No such file or directory
rm: cannot remove ‘data/fastqs/ERR4336896_2.fastq’: No such file or directory
2022-02-20T12:56:58 prefetch.2.11.2: Current preference is set to retrieve SRA Normalized Format files with full base quality scores.
2022-02-20T12:56:59 prefetch.2.11.2: 1) Downloading 'ERR4336897'...
2022-02-20T12:56:59 prefetch.2.11.2: SRA Normalized Format file is being retrieved, if this is different from your preference, it may be due to current file availability.
2022-02-20T12:56:59 prefetch.2.11.2:  Downloading via HTTPS...
2022-02-20T13:07:50 prefetch.2.11.2:  HTTPS download succeed
2022-02-20T13:07:50 prefetch.2.11.2:   verifying 'ERR4336897'...
2022-02-20T13:13:51 prefetch.2.11.2:  'ERR4336897' is valid
2022-02-20T13:13:51 prefetch.2.11.2: 1) 'ERR4336897' was downloaded successfully
2022-02-20T13:13:51 prefetch.2.11.2: 'ERR4336897' has 0 unresolved dependencies
[bam_sort_core] merging from 224 files and 16 in-memory blocks...
rm: cannot remove ‘data/bams/ERR4336897.bam’: No such file or directory
rm: cannot remove ‘data/fastqs/ERR4336897_1.fastq’: No such file or directory
rm: cannot remove ‘data/fastqs/ERR4336897_2.fastq’: No such file or directory
2022-02-20T23:05:47 prefetch.2.11.2: Current preference is set to retrieve SRA Normalized Format files with full base quality scores.
2022-02-20T23:05:47 prefetch.2.11.2: 1) Downloading 'ERR4336903'...
2022-02-20T23:05:47 prefetch.2.11.2: SRA Normalized Format file is being retrieved, if this is different from your preference, it may be due to current file availability.
2022-02-20T23:05:47 prefetch.2.11.2:  Downloading via HTTPS...
2022-02-20T23:16:30 prefetch.2.11.2:  HTTPS download succeed
2022-02-20T23:16:30 prefetch.2.11.2:   verifying 'ERR4336903'...
2022-02-20T23:22:57 prefetch.2.11.2:  'ERR4336903' is valid
2022-02-20T23:22:57 prefetch.2.11.2: 1) 'ERR4336903' was downloaded successfully
2022-02-20T23:22:57 prefetch.2.11.2: 'ERR4336903' has 0 unresolved dependencies
[bam_sort_core] merging from 256 files and 16 in-memory blocks...
rm: cannot remove ‘data/bams/ERR4336903.bam’: No such file or directory
rm: cannot remove ‘data/fastqs/ERR4336903_1.fastq’: No such file or directory
rm: cannot remove ‘data/fastqs/ERR4336903_2.fastq’: No such file or directory
2022-02-21T11:18:18 prefetch.2.11.2: Current preference is set to retrieve SRA Normalized Format files with full base quality scores.
2022-02-21T11:18:18 prefetch.2.11.2: 1) Downloading 'ERR4336924'...
2022-02-21T11:18:18 prefetch.2.11.2: SRA Normalized Format file is being retrieved, if this is different from your preference, it may be due to current file availability.
2022-02-21T11:18:18 prefetch.2.11.2:  Downloading via HTTPS...
2022-02-21T11:26:44 prefetch.2.11.2:  HTTPS download succeed
2022-02-21T11:30:30 prefetch.2.11.2:  'ERR4336924' is valid
2022-02-21T11:30:30 prefetch.2.11.2: 1) 'ERR4336924' was downloaded successfully
2022-02-21T11:30:30 prefetch.2.11.2: 'ERR4336924' has 0 unresolved dependencies
[bam_sort_core] merging from 160 files and 16 in-memory blocks...
rm: cannot remove ‘data/bams/ERR4336924.bam’: No such file or directory
rm: cannot remove ‘data/fastqs/ERR4336924_1.fastq’: No such file or directory
rm: cannot remove ‘data/fastqs/ERR4336924_2.fastq’: No such file or directory
2022-02-21T18:48:27 prefetch.2.11.2: Current preference is set to retrieve SRA Normalized Format files with full base quality scores.
2022-02-21T18:48:27 prefetch.2.11.2: 1) Downloading 'ERR4336927'...
2022-02-21T18:48:27 prefetch.2.11.2: SRA Normalized Format file is being retrieved, if this is different from your preference, it may be due to current file availability.
2022-02-21T18:48:27 prefetch.2.11.2:  Downloading via HTTPS...
2022-02-21T18:58:10 prefetch.2.11.2:  HTTPS download succeed
2022-02-21T18:58:10 prefetch.2.11.2:   verifying 'ERR4336927'...
2022-02-21T19:02:29 prefetch.2.11.2:  'ERR4336927' is valid
2022-02-21T19:02:29 prefetch.2.11.2: 1) 'ERR4336927' was downloaded successfully
2022-02-21T19:02:29 prefetch.2.11.2: 'ERR4336927' has 0 unresolved dependencies
[bam_sort_core] merging from 176 files and 16 in-memory blocks...
rm: cannot remove ‘data/bams/ERR4336927.bam’: No such file or directory
rm: cannot remove ‘data/fastqs/ERR4336927_1.fastq’: No such file or directory
rm: cannot remove ‘data/fastqs/ERR4336927_2.fastq’: No such file or directory
2022-02-22T03:02:13 prefetch.2.11.2: Current preference is set to retrieve SRA Normalized Format files with full base quality scores.
2022-02-22T03:02:14 prefetch.2.11.2: 1) Downloading 'SRR13786941'...
2022-02-22T03:02:14 prefetch.2.11.2: SRA Normalized Format file is being retrieved, if this is different from your preference, it may be due to current file availability.
2022-02-22T03:02:14 prefetch.2.11.2:  Downloading via HTTPS...
2022-02-22T03:14:13 prefetch.2.11.2:  HTTPS download succeed
2022-02-22T03:14:13 prefetch.2.11.2:   verifying 'SRR13786941'...
2022-02-22T03:18:56 prefetch.2.11.2:  'SRR13786941' is valid
2022-02-22T03:18:56 prefetch.2.11.2: 1) 'SRR13786941' was downloaded successfully
2022-02-22T03:18:56 prefetch.2.11.2: 'SRR13786941' has 0 unresolved dependencies
[bam_sort_core] merging from 224 files and 16 in-memory blocks...
rm: cannot remove ‘data/bams/SRR13786941.bam’: No such file or directory
rm: cannot remove ‘data/fastqs/SRR13786941_1.fastq’: No such file or directory
rm: cannot remove ‘data/fastqs/SRR13786941_2.fastq’: No such file or directory
