/scratch/Shares/layer/workspace/devin_sra/sv_step/align_src
fijinode-33
Sat Feb 19 11:17:54 MST 2022
ERR4336881

Read 233819563 spots for ERR4336881
Written 233819563 spots for ERR4336881
ERR4336896

Read 236920870 spots for ERR4336896
Written 236920870 spots for ERR4336896
ERR4336897

Read 257978477 spots for ERR4336897
Written 257978477 spots for ERR4336897
ERR4336903

Read 283025814 spots for ERR4336903
Written 283025814 spots for ERR4336903
ERR4336924

Read 175727471 spots for ERR4336924
Written 175727471 spots for ERR4336924
ERR4336927

Read 207601269 spots for ERR4336927
Written 207601269 spots for ERR4336927
SRR13786941

Read 258384171 spots for SRR13786941
Written 258384171 spots for SRR13786941
Tue Feb 22 05:03:50 MST 2022
