2022-04-24T17:59:46 prefetch.2.11.2: Current preference is set to retrieve SRA Normalized Format files with full base quality scores.
2022-04-24T17:59:46 prefetch.2.11.2: 1) Downloading 'SRR5827418'...
2022-04-24T17:59:46 prefetch.2.11.2: SRA Normalized Format file is being retrieved, if this is different from your preference, it may be due to current file availability.
2022-04-24T17:59:46 prefetch.2.11.2:  Downloading via HTTPS...
2022-04-24T18:43:05 prefetch.2.11.2:  HTTPS download succeed
2022-04-24T18:43:05 prefetch.2.11.2:   verifying 'SRR5827418'...
2022-04-24T18:45:16 prefetch.2.11.2:  'SRR5827418' is valid
2022-04-24T18:45:16 prefetch.2.11.2: 1) 'SRR5827418' was downloaded successfully
[bam_sort_core] merging from 208 files and 16 in-memory blocks...
rm: cannot remove ‘data/bams/SRR5827418.bam’: No such file or directory
rm: cannot remove ‘data/fastqs/SRR5827418_1.fastq’: No such file or directory
rm: cannot remove ‘data/fastqs/SRR5827418_2.fastq’: No such file or directory
2022-04-24T23:58:52 prefetch.2.11.2: Current preference is set to retrieve SRA Normalized Format files with full base quality scores.
2022-04-24T23:58:52 prefetch.2.11.2: 1) Downloading 'ERR2226340'...
2022-04-24T23:58:52 prefetch.2.11.2: SRA Normalized Format file is being retrieved, if this is different from your preference, it may be due to current file availability.
2022-04-24T23:58:52 prefetch.2.11.2:  Downloading via HTTPS...
2022-04-25T00:24:09 prefetch.2.11.2:  HTTPS download succeed
2022-04-25T00:24:09 prefetch.2.11.2:   verifying 'ERR2226340'...
2022-04-25T00:29:10 prefetch.2.11.2:  'ERR2226340' is valid
2022-04-25T00:29:10 prefetch.2.11.2: 1) 'ERR2226340' was downloaded successfully
[bam_sort_core] merging from 304 files and 16 in-memory blocks...
rm: cannot remove ‘data/bams/ERR2226340.bam’: No such file or directory
rm: cannot remove ‘data/fastqs/ERR2226340_1.fastq’: No such file or directory
rm: cannot remove ‘data/fastqs/ERR2226340_2.fastq’: No such file or directory
2022-04-25T07:54:20 prefetch.2.11.2: Current preference is set to retrieve SRA Normalized Format files with full base quality scores.
2022-04-25T07:54:20 prefetch.2.11.2: 1) Downloading 'ERR4349451'...
2022-04-25T07:54:20 prefetch.2.11.2: SRA Normalized Format file is being retrieved, if this is different from your preference, it may be due to current file availability.
2022-04-25T07:54:20 prefetch.2.11.2:  Downloading via HTTPS...
2022-04-25T08:00:32 prefetch.2.11.2:  HTTPS download succeed
2022-04-25T08:00:32 prefetch.2.11.2:   verifying 'ERR4349451'...
2022-04-25T08:03:10 prefetch.2.11.2:  'ERR4349451' is valid
2022-04-25T08:03:10 prefetch.2.11.2: 1) 'ERR4349451' was downloaded successfully
2022-04-25T08:03:10 prefetch.2.11.2: 'ERR4349451' has 0 unresolved dependencies
[bam_sort_core] merging from 160 files and 16 in-memory blocks...
rm: cannot remove ‘data/bams/ERR4349451.bam’: No such file or directory
rm: cannot remove ‘data/fastqs/ERR4349451_1.fastq’: No such file or directory
rm: cannot remove ‘data/fastqs/ERR4349451_2.fastq’: No such file or directory
2022-04-25T13:29:37 prefetch.2.11.2: Current preference is set to retrieve SRA Normalized Format files with full base quality scores.
2022-04-25T13:29:37 prefetch.2.11.2: 1) Downloading 'ERR4350107'...
2022-04-25T13:29:37 prefetch.2.11.2: SRA Normalized Format file is being retrieved, if this is different from your preference, it may be due to current file availability.
2022-04-25T13:29:37 prefetch.2.11.2:  Downloading via HTTPS...
2022-04-25T13:38:44 prefetch.2.11.2:  HTTPS download succeed
2022-04-25T13:38:44 prefetch.2.11.2:   verifying 'ERR4350107'...
2022-04-25T13:40:52 prefetch.2.11.2:  'ERR4350107' is valid
2022-04-25T13:40:52 prefetch.2.11.2: 1) 'ERR4350107' was downloaded successfully
2022-04-25T13:40:52 prefetch.2.11.2: 'ERR4350107' has 0 unresolved dependencies
[bam_sort_core] merging from 176 files and 16 in-memory blocks...
rm: cannot remove ‘data/bams/ERR4350107.bam’: No such file or directory
rm: cannot remove ‘data/fastqs/ERR4350107_1.fastq’: No such file or directory
rm: cannot remove ‘data/fastqs/ERR4350107_2.fastq’: No such file or directory
2022-04-25T19:26:03 prefetch.2.11.2: Current preference is set to retrieve SRA Normalized Format files with full base quality scores.
2022-04-25T19:26:05 prefetch.2.11.2: 1) Downloading 'ERR4351093'...
2022-04-25T19:26:05 prefetch.2.11.2: SRA Normalized Format file is being retrieved, if this is different from your preference, it may be due to current file availability.
2022-04-25T19:26:05 prefetch.2.11.2:  Downloading via HTTPS...
2022-04-25T21:04:31 prefetch.2.11.2:  HTTPS download succeed
2022-04-25T21:04:31 prefetch.2.11.2:   verifying 'ERR4351093'...
2022-04-25T21:07:11 prefetch.2.11.2:  'ERR4351093' is valid
2022-04-25T21:07:11 prefetch.2.11.2: 1) 'ERR4351093' was downloaded successfully
2022-04-25T21:07:11 prefetch.2.11.2: 'ERR4351093' has 0 unresolved dependencies
[bam_sort_core] merging from 192 files and 16 in-memory blocks...
rm: cannot remove ‘data/bams/ERR4351093.bam’: No such file or directory
rm: cannot remove ‘data/fastqs/ERR4351093_1.fastq’: No such file or directory
rm: cannot remove ‘data/fastqs/ERR4351093_2.fastq’: No such file or directory
2022-04-26T03:12:15 prefetch.2.11.2: Current preference is set to retrieve SRA Normalized Format files with full base quality scores.
2022-04-26T03:12:15 prefetch.2.11.2: 1) Downloading 'ERR4351386'...
2022-04-26T03:12:15 prefetch.2.11.2: SRA Normalized Format file is being retrieved, if this is different from your preference, it may be due to current file availability.
2022-04-26T03:12:15 prefetch.2.11.2:  Downloading via HTTPS...
2022-04-26T03:21:25 prefetch.2.11.2:  HTTPS download succeed
2022-04-26T03:21:25 prefetch.2.11.2:   verifying 'ERR4351386'...
2022-04-26T03:23:27 prefetch.2.11.2:  'ERR4351386' is valid
2022-04-26T03:23:27 prefetch.2.11.2: 1) 'ERR4351386' was downloaded successfully
2022-04-26T03:23:27 prefetch.2.11.2: 'ERR4351386' has 0 unresolved dependencies
[bam_sort_core] merging from 176 files and 16 in-memory blocks...
rm: cannot remove ‘data/bams/ERR4351386.bam’: No such file or directory
rm: cannot remove ‘data/fastqs/ERR4351386_1.fastq’: No such file or directory
rm: cannot remove ‘data/fastqs/ERR4351386_2.fastq’: No such file or directory
2022-04-26T08:37:18 prefetch.2.11.2: Current preference is set to retrieve SRA Normalized Format files with full base quality scores.
2022-04-26T08:37:18 prefetch.2.11.2: 1) Downloading 'ERR4351465'...
2022-04-26T08:37:18 prefetch.2.11.2: SRA Normalized Format file is being retrieved, if this is different from your preference, it may be due to current file availability.
2022-04-26T08:37:18 prefetch.2.11.2:  Downloading via HTTPS...
2022-04-26T08:43:18 prefetch.2.11.2:  HTTPS download succeed
2022-04-26T08:43:18 prefetch.2.11.2:   verifying 'ERR4351465'...
2022-04-26T08:45:44 prefetch.2.11.2:  'ERR4351465' is valid
2022-04-26T08:45:44 prefetch.2.11.2: 1) 'ERR4351465' was downloaded successfully
2022-04-26T08:45:44 prefetch.2.11.2: 'ERR4351465' has 0 unresolved dependencies
[bam_sort_core] merging from 176 files and 16 in-memory blocks...
rm: cannot remove ‘data/bams/ERR4351465.bam’: No such file or directory
rm: cannot remove ‘data/fastqs/ERR4351465_1.fastq’: No such file or directory
rm: cannot remove ‘data/fastqs/ERR4351465_2.fastq’: No such file or directory
2022-04-26T14:30:00 prefetch.2.11.2: Current preference is set to retrieve SRA Normalized Format files with full base quality scores.
2022-04-26T14:30:00 prefetch.2.11.2: 1) Downloading 'ERR4351492'...
2022-04-26T14:30:00 prefetch.2.11.2: SRA Normalized Format file is being retrieved, if this is different from your preference, it may be due to current file availability.
2022-04-26T14:30:00 prefetch.2.11.2:  Downloading via HTTPS...
2022-04-26T14:43:36 prefetch.2.11.2:  HTTPS download succeed
2022-04-26T14:43:36 prefetch.2.11.2:   verifying 'ERR4351492'...
2022-04-26T14:46:28 prefetch.2.11.2:  'ERR4351492' is valid
2022-04-26T14:46:28 prefetch.2.11.2: 1) 'ERR4351492' was downloaded successfully
2022-04-26T14:46:28 prefetch.2.11.2: 'ERR4351492' has 0 unresolved dependencies
[bam_sort_core] merging from 208 files and 16 in-memory blocks...
slurmstepd: error: *** JOB 8264306 ON fijinode-59 CANCELLED AT 2022-04-26T14:45:51 ***
