2022-04-24T17:59:46 prefetch.2.11.2: Current preference is set to retrieve SRA Normalized Format files with full base quality scores.
2022-04-24T17:59:46 prefetch.2.11.2: 1) Downloading 'ERR4349374'...
2022-04-24T17:59:46 prefetch.2.11.2: SRA Normalized Format file is being retrieved, if this is different from your preference, it may be due to current file availability.
2022-04-24T17:59:46 prefetch.2.11.2:  Downloading via HTTPS...
2022-04-24T18:27:01 prefetch.2.11.2:  HTTPS download succeed
2022-04-24T18:27:01 prefetch.2.11.2:   verifying 'ERR4349374'...
2022-04-24T18:28:43 prefetch.2.11.2:  'ERR4349374' is valid
2022-04-24T18:28:43 prefetch.2.11.2: 1) 'ERR4349374' was downloaded successfully
2022-04-24T18:28:43 prefetch.2.11.2: 'ERR4349374' has 0 unresolved dependencies
[bam_sort_core] merging from 176 files and 16 in-memory blocks...
rm: cannot remove ‘data/bams/ERR4349374.bam’: No such file or directory
rm: cannot remove ‘data/fastqs/ERR4349374_1.fastq’: No such file or directory
rm: cannot remove ‘data/fastqs/ERR4349374_2.fastq’: No such file or directory
2022-04-24T22:25:32 prefetch.2.11.2: Current preference is set to retrieve SRA Normalized Format files with full base quality scores.
2022-04-24T22:25:32 prefetch.2.11.2: 1) Downloading 'ERR4350106'...
2022-04-24T22:25:32 prefetch.2.11.2: SRA Normalized Format file is being retrieved, if this is different from your preference, it may be due to current file availability.
2022-04-24T22:25:32 prefetch.2.11.2:  Downloading via HTTPS...
2022-04-24T22:33:33 prefetch.2.11.2:  HTTPS download succeed
2022-04-24T22:33:33 prefetch.2.11.2:   verifying 'ERR4350106'...
2022-04-24T22:35:57 prefetch.2.11.2:  'ERR4350106' is valid
2022-04-24T22:35:57 prefetch.2.11.2: 1) 'ERR4350106' was downloaded successfully
2022-04-24T22:35:57 prefetch.2.11.2: 'ERR4350106' has 0 unresolved dependencies
[bam_sort_core] merging from 176 files and 16 in-memory blocks...
rm: cannot remove ‘data/bams/ERR4350106.bam’: No such file or directory
rm: cannot remove ‘data/fastqs/ERR4350106_1.fastq’: No such file or directory
rm: cannot remove ‘data/fastqs/ERR4350106_2.fastq’: No such file or directory
2022-04-25T03:45:43 prefetch.2.11.2: Current preference is set to retrieve SRA Normalized Format files with full base quality scores.
2022-04-25T03:45:43 prefetch.2.11.2: 1) Downloading 'ERR4351078'...
2022-04-25T03:45:43 prefetch.2.11.2: SRA Normalized Format file is being retrieved, if this is different from your preference, it may be due to current file availability.
2022-04-25T03:45:43 prefetch.2.11.2:  Downloading via HTTPS...
2022-04-25T03:56:02 prefetch.2.11.2:  HTTPS download succeed
2022-04-25T03:56:02 prefetch.2.11.2:   verifying 'ERR4351078'...
2022-04-25T03:59:02 prefetch.2.11.2:  'ERR4351078' is valid
2022-04-25T03:59:02 prefetch.2.11.2: 1) 'ERR4351078' was downloaded successfully
2022-04-25T03:59:02 prefetch.2.11.2: 'ERR4351078' has 0 unresolved dependencies
[bam_sort_core] merging from 224 files and 16 in-memory blocks...
rm: cannot remove ‘data/bams/ERR4351078.bam’: No such file or directory
rm: cannot remove ‘data/fastqs/ERR4351078_1.fastq’: No such file or directory
rm: cannot remove ‘data/fastqs/ERR4351078_2.fastq’: No such file or directory
2022-04-25T11:13:59 prefetch.2.11.2: Current preference is set to retrieve SRA Normalized Format files with full base quality scores.
2022-04-25T11:13:59 prefetch.2.11.2: 1) Downloading 'ERR4351380'...
2022-04-25T11:14:00 prefetch.2.11.2: SRA Normalized Format file is being retrieved, if this is different from your preference, it may be due to current file availability.
2022-04-25T11:14:00 prefetch.2.11.2:  Downloading via HTTPS...
2022-04-25T11:22:38 prefetch.2.11.2:  HTTPS download succeed
2022-04-25T11:22:38 prefetch.2.11.2:   verifying 'ERR4351380'...
2022-04-25T11:25:10 prefetch.2.11.2:  'ERR4351380' is valid
2022-04-25T11:25:10 prefetch.2.11.2: 1) 'ERR4351380' was downloaded successfully
2022-04-25T11:25:10 prefetch.2.11.2: 'ERR4351380' has 0 unresolved dependencies
[bam_sort_core] merging from 176 files and 16 in-memory blocks...
rm: cannot remove ‘data/bams/ERR4351380.bam’: No such file or directory
rm: cannot remove ‘data/fastqs/ERR4351380_1.fastq’: No such file or directory
rm: cannot remove ‘data/fastqs/ERR4351380_2.fastq’: No such file or directory
2022-04-25T17:29:09 prefetch.2.11.2: Current preference is set to retrieve SRA Normalized Format files with full base quality scores.
2022-04-25T17:29:10 prefetch.2.11.2: 1) Downloading 'ERR4351464'...
2022-04-25T17:29:10 prefetch.2.11.2: SRA Normalized Format file is being retrieved, if this is different from your preference, it may be due to current file availability.
2022-04-25T17:29:10 prefetch.2.11.2:  Downloading via HTTPS...
2022-04-25T19:17:09 prefetch.2.11.2:  HTTPS download succeed
2022-04-25T19:17:09 prefetch.2.11.2:   verifying 'ERR4351464'...
2022-04-25T19:20:07 prefetch.2.11.2:  'ERR4351464' is valid
2022-04-25T19:20:07 prefetch.2.11.2: 1) 'ERR4351464' was downloaded successfully
2022-04-25T19:20:07 prefetch.2.11.2: 'ERR4351464' has 0 unresolved dependencies
[bam_sort_core] merging from 208 files and 16 in-memory blocks...
rm: cannot remove ‘data/bams/ERR4351464.bam’: No such file or directory
rm: cannot remove ‘data/fastqs/ERR4351464_1.fastq’: No such file or directory
rm: cannot remove ‘data/fastqs/ERR4351464_2.fastq’: No such file or directory
2022-04-26T00:42:43 prefetch.2.11.2: Current preference is set to retrieve SRA Normalized Format files with full base quality scores.
2022-04-26T00:42:44 prefetch.2.11.2: 1) Downloading 'ERR4351491'...
2022-04-26T00:42:44 prefetch.2.11.2: SRA Normalized Format file is being retrieved, if this is different from your preference, it may be due to current file availability.
2022-04-26T00:42:44 prefetch.2.11.2:  Downloading via HTTPS...
2022-04-26T01:24:50 prefetch.2.11.2:  HTTPS download succeed
2022-04-26T01:24:50 prefetch.2.11.2:   verifying 'ERR4351491'...
2022-04-26T01:28:17 prefetch.2.11.2:  'ERR4351491' is valid
2022-04-26T01:28:17 prefetch.2.11.2: 1) 'ERR4351491' was downloaded successfully
2022-04-26T01:28:17 prefetch.2.11.2: 'ERR4351491' has 0 unresolved dependencies
[bam_sort_core] merging from 240 files and 16 in-memory blocks...
rm: cannot remove ‘data/bams/ERR4351491.bam’: No such file or directory
rm: cannot remove ‘data/fastqs/ERR4351491_1.fastq’: No such file or directory
rm: cannot remove ‘data/fastqs/ERR4351491_2.fastq’: No such file or directory
2022-04-26T07:24:18 prefetch.2.11.2: Current preference is set to retrieve SRA Normalized Format files with full base quality scores.
2022-04-26T07:24:18 prefetch.2.11.2: 1) Downloading 'ERR4351514'...
2022-04-26T07:24:18 prefetch.2.11.2: SRA Normalized Format file is being retrieved, if this is different from your preference, it may be due to current file availability.
2022-04-26T07:24:18 prefetch.2.11.2:  Downloading via HTTPS...
2022-04-26T07:38:38 prefetch.2.11.2:  HTTPS download succeed
2022-04-26T07:38:38 prefetch.2.11.2:   verifying 'ERR4351514'...
2022-04-26T07:41:47 prefetch.2.11.2:  'ERR4351514' is valid
2022-04-26T07:41:47 prefetch.2.11.2: 1) 'ERR4351514' was downloaded successfully
2022-04-26T07:41:47 prefetch.2.11.2: 'ERR4351514' has 0 unresolved dependencies
[bam_sort_core] merging from 240 files and 16 in-memory blocks...
rm: cannot remove ‘data/bams/ERR4351514.bam’: No such file or directory
rm: cannot remove ‘data/fastqs/ERR4351514_1.fastq’: No such file or directory
rm: cannot remove ‘data/fastqs/ERR4351514_2.fastq’: No such file or directory
2022-04-26T14:15:22 prefetch.2.11.2: Current preference is set to retrieve SRA Normalized Format files with full base quality scores.
2022-04-26T14:15:22 prefetch.2.11.2: 1) Downloading 'SRR12532404'...
2022-04-26T14:15:22 prefetch.2.11.2: SRA Normalized Format file is being retrieved, if this is different from your preference, it may be due to current file availability.
2022-04-26T14:15:22 prefetch.2.11.2:  Downloading via HTTPS...
2022-04-26T15:03:35 prefetch.2.11.2:  HTTPS download succeed
2022-04-26T15:03:36 prefetch.2.11.2:   verifying 'SRR12532404'...
2022-04-26T15:07:43 prefetch.2.11.2:  'SRR12532404' is valid
2022-04-26T15:07:43 prefetch.2.11.2: 1) 'SRR12532404' was downloaded successfully
2022-04-26T15:07:43 prefetch.2.11.2: 'SRR12532404' has 0 unresolved dependencies
slurmstepd: error: *** JOB 8264309 ON fijinode-03 CANCELLED AT 2022-04-26T14:47:38 ***
