2022-04-24T17:59:46 prefetch.2.11.2: Current preference is set to retrieve SRA Normalized Format files with full base quality scores.
2022-04-24T17:59:46 prefetch.2.11.2: 1) Downloading 'ERR4349369'...
2022-04-24T17:59:46 prefetch.2.11.2: SRA Normalized Format file is being retrieved, if this is different from your preference, it may be due to current file availability.
2022-04-24T17:59:46 prefetch.2.11.2:  Downloading via HTTPS...
2022-04-24T18:28:15 prefetch.2.11.2:  HTTPS download succeed
2022-04-24T18:28:15 prefetch.2.11.2:   verifying 'ERR4349369'...
2022-04-24T18:30:26 prefetch.2.11.2:  'ERR4349369' is valid
2022-04-24T18:30:26 prefetch.2.11.2: 1) 'ERR4349369' was downloaded successfully
2022-04-24T18:30:26 prefetch.2.11.2: 'ERR4349369' has 0 unresolved dependencies
[bam_sort_core] merging from 176 files and 16 in-memory blocks...
rm: cannot remove ‘data/bams/ERR4349369.bam’: No such file or directory
rm: cannot remove ‘data/fastqs/ERR4349369_1.fastq’: No such file or directory
rm: cannot remove ‘data/fastqs/ERR4349369_2.fastq’: No such file or directory
2022-04-24T23:31:04 prefetch.2.11.2: Current preference is set to retrieve SRA Normalized Format files with full base quality scores.
2022-04-24T23:31:05 prefetch.2.11.2: 1) Downloading 'ERR4350105'...
2022-04-24T23:31:05 prefetch.2.11.2: SRA Normalized Format file is being retrieved, if this is different from your preference, it may be due to current file availability.
2022-04-24T23:31:05 prefetch.2.11.2:  Downloading via HTTPS...
2022-04-24T23:42:39 prefetch.2.11.2:  HTTPS download succeed
2022-04-24T23:42:39 prefetch.2.11.2:   verifying 'ERR4350105'...
2022-04-24T23:45:17 prefetch.2.11.2:  'ERR4350105' is valid
2022-04-24T23:45:17 prefetch.2.11.2: 1) 'ERR4350105' was downloaded successfully
2022-04-24T23:45:17 prefetch.2.11.2: 'ERR4350105' has 0 unresolved dependencies
[bam_sort_core] merging from 176 files and 16 in-memory blocks...
rm: cannot remove ‘data/bams/ERR4350105.bam’: No such file or directory
rm: cannot remove ‘data/fastqs/ERR4350105_1.fastq’: No such file or directory
rm: cannot remove ‘data/fastqs/ERR4350105_2.fastq’: No such file or directory
2022-04-25T05:28:10 prefetch.2.11.2: Current preference is set to retrieve SRA Normalized Format files with full base quality scores.
2022-04-25T05:28:10 prefetch.2.11.2: 1) Downloading 'ERR4351044'...
2022-04-25T05:28:10 prefetch.2.11.2: SRA Normalized Format file is being retrieved, if this is different from your preference, it may be due to current file availability.
2022-04-25T05:28:10 prefetch.2.11.2:  Downloading via HTTPS...
2022-04-25T05:39:36 prefetch.2.11.2:  HTTPS download succeed
2022-04-25T05:39:36 prefetch.2.11.2:   verifying 'ERR4351044'...
2022-04-25T05:42:52 prefetch.2.11.2:  'ERR4351044' is valid
2022-04-25T05:42:52 prefetch.2.11.2: 1) 'ERR4351044' was downloaded successfully
2022-04-25T05:42:52 prefetch.2.11.2: 'ERR4351044' has 0 unresolved dependencies
[bam_sort_core] merging from 208 files and 16 in-memory blocks...
rm: cannot remove ‘data/bams/ERR4351044.bam’: No such file or directory
rm: cannot remove ‘data/fastqs/ERR4351044_1.fastq’: No such file or directory
rm: cannot remove ‘data/fastqs/ERR4351044_2.fastq’: No such file or directory
2022-04-25T12:38:17 prefetch.2.11.2: Current preference is set to retrieve SRA Normalized Format files with full base quality scores.
2022-04-25T12:38:17 prefetch.2.11.2: 1) Downloading 'ERR4351378'...
2022-04-25T12:38:17 prefetch.2.11.2: SRA Normalized Format file is being retrieved, if this is different from your preference, it may be due to current file availability.
2022-04-25T12:38:17 prefetch.2.11.2:  Downloading via HTTPS...
2022-04-25T12:47:49 prefetch.2.11.2:  HTTPS download succeed
2022-04-25T12:47:49 prefetch.2.11.2:   verifying 'ERR4351378'...
2022-04-25T12:50:23 prefetch.2.11.2:  'ERR4351378' is valid
2022-04-25T12:50:23 prefetch.2.11.2: 1) 'ERR4351378' was downloaded successfully
2022-04-25T12:50:23 prefetch.2.11.2: 'ERR4351378' has 0 unresolved dependencies
[bam_sort_core] merging from 176 files and 16 in-memory blocks...
rm: cannot remove ‘data/bams/ERR4351378.bam’: No such file or directory
rm: cannot remove ‘data/fastqs/ERR4351378_1.fastq’: No such file or directory
rm: cannot remove ‘data/fastqs/ERR4351378_2.fastq’: No such file or directory
2022-04-25T18:07:54 prefetch.2.11.2: Current preference is set to retrieve SRA Normalized Format files with full base quality scores.
2022-04-25T18:07:56 prefetch.2.11.2: 1) Downloading 'ERR4351462'...
2022-04-25T18:07:56 prefetch.2.11.2: SRA Normalized Format file is being retrieved, if this is different from your preference, it may be due to current file availability.
2022-04-25T18:07:56 prefetch.2.11.2:  Downloading via HTTPS...
2022-04-25T20:01:14 prefetch.2.11.2:  HTTPS download succeed
2022-04-25T20:01:14 prefetch.2.11.2:   verifying 'ERR4351462'...
2022-04-25T20:03:47 prefetch.2.11.2:  'ERR4351462' is valid
2022-04-25T20:03:47 prefetch.2.11.2: 1) 'ERR4351462' was downloaded successfully
2022-04-25T20:03:47 prefetch.2.11.2: 'ERR4351462' has 0 unresolved dependencies
[bam_sort_core] merging from 224 files and 16 in-memory blocks...
rm: cannot remove ‘data/bams/ERR4351462.bam’: No such file or directory
rm: cannot remove ‘data/fastqs/ERR4351462_1.fastq’: No such file or directory
rm: cannot remove ‘data/fastqs/ERR4351462_2.fastq’: No such file or directory
2022-04-26T00:55:41 prefetch.2.11.2: Current preference is set to retrieve SRA Normalized Format files with full base quality scores.
2022-04-26T00:55:43 prefetch.2.11.2: 1) Downloading 'ERR4351488'...
2022-04-26T00:55:43 prefetch.2.11.2: SRA Normalized Format file is being retrieved, if this is different from your preference, it may be due to current file availability.
2022-04-26T00:55:43 prefetch.2.11.2:  Downloading via HTTPS...
2022-04-26T01:21:09 prefetch.2.11.2:  HTTPS download succeed
2022-04-26T01:21:09 prefetch.2.11.2:   verifying 'ERR4351488'...
2022-04-26T01:23:26 prefetch.2.11.2:  'ERR4351488' is valid
2022-04-26T01:23:26 prefetch.2.11.2: 1) 'ERR4351488' was downloaded successfully
2022-04-26T01:23:26 prefetch.2.11.2: 'ERR4351488' has 0 unresolved dependencies
[bam_sort_core] merging from 176 files and 16 in-memory blocks...
rm: cannot remove ‘data/bams/ERR4351488.bam’: No such file or directory
rm: cannot remove ‘data/fastqs/ERR4351488_1.fastq’: No such file or directory
rm: cannot remove ‘data/fastqs/ERR4351488_2.fastq’: No such file or directory
2022-04-26T06:58:47 prefetch.2.11.2: Current preference is set to retrieve SRA Normalized Format files with full base quality scores.
2022-04-26T06:58:48 prefetch.2.11.2: 1) Downloading 'ERR4351512'...
2022-04-26T06:58:48 prefetch.2.11.2: SRA Normalized Format file is being retrieved, if this is different from your preference, it may be due to current file availability.
2022-04-26T06:58:48 prefetch.2.11.2:  Downloading via HTTPS...
2022-04-26T07:06:11 prefetch.2.11.2:  HTTPS download succeed
2022-04-26T07:06:11 prefetch.2.11.2:   verifying 'ERR4351512'...
2022-04-26T07:09:09 prefetch.2.11.2:  'ERR4351512' is valid
2022-04-26T07:09:09 prefetch.2.11.2: 1) 'ERR4351512' was downloaded successfully
2022-04-26T07:09:09 prefetch.2.11.2: 'ERR4351512' has 0 unresolved dependencies
[bam_sort_core] merging from 192 files and 16 in-memory blocks...
rm: cannot remove ‘data/bams/ERR4351512.bam’: No such file or directory
rm: cannot remove ‘data/fastqs/ERR4351512_1.fastq’: No such file or directory
rm: cannot remove ‘data/fastqs/ERR4351512_2.fastq’: No such file or directory
2022-04-26T12:21:23 prefetch.2.11.2: Current preference is set to retrieve SRA Normalized Format files with full base quality scores.
2022-04-26T12:21:24 prefetch.2.11.2: 1) Downloading 'ERR4351526'...
2022-04-26T12:21:24 prefetch.2.11.2: SRA Normalized Format file is being retrieved, if this is different from your preference, it may be due to current file availability.
2022-04-26T12:21:24 prefetch.2.11.2:  Downloading via HTTPS...
2022-04-26T12:35:05 prefetch.2.11.2:  HTTPS download succeed
2022-04-26T12:35:05 prefetch.2.11.2:   verifying 'ERR4351526'...
2022-04-26T12:40:28 prefetch.2.11.2:  'ERR4351526' is valid
2022-04-26T12:40:28 prefetch.2.11.2: 1) 'ERR4351526' was downloaded successfully
2022-04-26T12:40:28 prefetch.2.11.2: 'ERR4351526' has 0 unresolved dependencies
[bam_sort_core] merging from 304 files and 16 in-memory blocks...
slurmstepd: error: *** JOB 8264317 ON fijinode-50 CANCELLED AT 2022-04-26T14:49:18 ***
