/scratch/Shares/layer/workspace/devin_sra/sv_step/align_src
fijinode-49
Sun Apr 24 11:59:36 MDT 2022
ERR4350087

Read 223374021 spots for ERR4350087
Written 223374021 spots for ERR4350087
ERR4351332

Read 215730805 spots for ERR4351332
Written 215730805 spots for ERR4351332
ERR4351472

Read 248000703 spots for ERR4351472
Written 248000703 spots for ERR4351472
ERR4351502

Read 241166137 spots for ERR4351502
Written 241166137 spots for ERR4351502
ERR4351520

Read 265669387 spots for ERR4351520
Written 265669387 spots for ERR4351520
SRR10303811

Read 238020702 spots for SRR10303811
Written 238020702 spots for SRR10303811
SRR12681012

Read 411424855 spots for SRR12681012
Written 411424855 spots for SRR12681012
