2022-04-24T17:59:46 prefetch.2.11.2: Current preference is set to retrieve SRA Normalized Format files with full base quality scores.
2022-04-24T17:59:46 prefetch.2.11.2: 1) Downloading 'ERR4350116'...
2022-04-24T17:59:46 prefetch.2.11.2: SRA Normalized Format file is being retrieved, if this is different from your preference, it may be due to current file availability.
2022-04-24T17:59:46 prefetch.2.11.2:  Downloading via HTTPS...
2022-04-24T18:30:39 prefetch.2.11.2:  HTTPS download succeed
2022-04-24T18:30:39 prefetch.2.11.2:   verifying 'ERR4350116'...
2022-04-24T18:32:44 prefetch.2.11.2:  'ERR4350116' is valid
2022-04-24T18:32:44 prefetch.2.11.2: 1) 'ERR4350116' was downloaded successfully
2022-04-24T18:32:44 prefetch.2.11.2: 'ERR4350116' has 0 unresolved dependencies
[bam_sort_core] merging from 192 files and 16 in-memory blocks...
rm: cannot remove ‘data/bams/ERR4350116.bam’: No such file or directory
rm: cannot remove ‘data/fastqs/ERR4350116_1.fastq’: No such file or directory
rm: cannot remove ‘data/fastqs/ERR4350116_2.fastq’: No such file or directory
2022-04-24T23:12:30 prefetch.2.11.2: Current preference is set to retrieve SRA Normalized Format files with full base quality scores.
2022-04-24T23:12:30 prefetch.2.11.2: 1) Downloading 'ERR4351323'...
2022-04-24T23:12:30 prefetch.2.11.2: SRA Normalized Format file is being retrieved, if this is different from your preference, it may be due to current file availability.
2022-04-24T23:12:30 prefetch.2.11.2:  Downloading via HTTPS...
2022-04-24T23:24:38 prefetch.2.11.2:  HTTPS download succeed
2022-04-24T23:24:38 prefetch.2.11.2:   verifying 'ERR4351323'...
2022-04-24T23:27:39 prefetch.2.11.2:  'ERR4351323' is valid
2022-04-24T23:27:39 prefetch.2.11.2: 1) 'ERR4351323' was downloaded successfully
2022-04-24T23:27:39 prefetch.2.11.2: 'ERR4351323' has 0 unresolved dependencies
[bam_sort_core] merging from 176 files and 16 in-memory blocks...
rm: cannot remove ‘data/bams/ERR4351323.bam’: No such file or directory
rm: cannot remove ‘data/fastqs/ERR4351323_1.fastq’: No such file or directory
rm: cannot remove ‘data/fastqs/ERR4351323_2.fastq’: No such file or directory
2022-04-25T04:40:31 prefetch.2.11.2: Current preference is set to retrieve SRA Normalized Format files with full base quality scores.
2022-04-25T04:40:31 prefetch.2.11.2: 1) Downloading 'ERR4351415'...
2022-04-25T04:40:31 prefetch.2.11.2: SRA Normalized Format file is being retrieved, if this is different from your preference, it may be due to current file availability.
2022-04-25T04:40:31 prefetch.2.11.2:  Downloading via HTTPS...
2022-04-25T04:54:26 prefetch.2.11.2:  HTTPS download succeed
2022-04-25T04:54:26 prefetch.2.11.2:   verifying 'ERR4351415'...
2022-04-25T04:57:01 prefetch.2.11.2:  'ERR4351415' is valid
2022-04-25T04:57:01 prefetch.2.11.2: 1) 'ERR4351415' was downloaded successfully
2022-04-25T04:57:01 prefetch.2.11.2: 'ERR4351415' has 0 unresolved dependencies
[bam_sort_core] merging from 176 files and 16 in-memory blocks...
rm: cannot remove ‘data/bams/ERR4351415.bam’: No such file or directory
rm: cannot remove ‘data/fastqs/ERR4351415_1.fastq’: No such file or directory
rm: cannot remove ‘data/fastqs/ERR4351415_2.fastq’: No such file or directory
2022-04-25T10:52:49 prefetch.2.11.2: Current preference is set to retrieve SRA Normalized Format files with full base quality scores.
2022-04-25T10:52:49 prefetch.2.11.2: 1) Downloading 'ERR4351471'...
2022-04-25T10:52:49 prefetch.2.11.2: SRA Normalized Format file is being retrieved, if this is different from your preference, it may be due to current file availability.
2022-04-25T10:52:49 prefetch.2.11.2:  Downloading via HTTPS...
2022-04-25T11:05:49 prefetch.2.11.2:  HTTPS download succeed
2022-04-25T11:05:49 prefetch.2.11.2:   verifying 'ERR4351471'...
2022-04-25T11:09:03 prefetch.2.11.2:  'ERR4351471' is valid
2022-04-25T11:09:03 prefetch.2.11.2: 1) 'ERR4351471' was downloaded successfully
2022-04-25T11:09:04 prefetch.2.11.2: 'ERR4351471' has 0 unresolved dependencies
[bam_sort_core] merging from 224 files and 16 in-memory blocks...
rm: cannot remove ‘data/bams/ERR4351471.bam’: No such file or directory
rm: cannot remove ‘data/fastqs/ERR4351471_1.fastq’: No such file or directory
rm: cannot remove ‘data/fastqs/ERR4351471_2.fastq’: No such file or directory
2022-04-25T18:20:16 prefetch.2.11.2: Current preference is set to retrieve SRA Normalized Format files with full base quality scores.
2022-04-25T18:20:18 prefetch.2.11.2: 1) Downloading 'ERR4351498'...
2022-04-25T18:20:18 prefetch.2.11.2: SRA Normalized Format file is being retrieved, if this is different from your preference, it may be due to current file availability.
2022-04-25T18:20:18 prefetch.2.11.2:  Downloading via HTTPS...
2022-04-26T01:02:54 prefetch.2.11.2:  HTTPS download succeed
2022-04-26T01:02:54 prefetch.2.11.2:   verifying 'ERR4351498'...
2022-04-26T01:05:51 prefetch.2.11.2:  'ERR4351498' is valid
2022-04-26T01:05:51 prefetch.2.11.2: 1) 'ERR4351498' was downloaded successfully
2022-04-26T01:05:51 prefetch.2.11.2: 'ERR4351498' has 0 unresolved dependencies
[bam_sort_core] merging from 208 files and 16 in-memory blocks...
rm: cannot remove ‘data/bams/ERR4351498.bam’: No such file or directory
rm: cannot remove ‘data/fastqs/ERR4351498_1.fastq’: No such file or directory
rm: cannot remove ‘data/fastqs/ERR4351498_2.fastq’: No such file or directory
2022-04-26T07:20:07 prefetch.2.11.2: Current preference is set to retrieve SRA Normalized Format files with full base quality scores.
2022-04-26T07:20:08 prefetch.2.11.2: 1) Downloading 'ERR4351518'...
2022-04-26T07:20:08 prefetch.2.11.2: SRA Normalized Format file is being retrieved, if this is different from your preference, it may be due to current file availability.
2022-04-26T07:20:08 prefetch.2.11.2:  Downloading via HTTPS...
2022-04-26T07:31:14 prefetch.2.11.2:  HTTPS download succeed
2022-04-26T07:31:14 prefetch.2.11.2:   verifying 'ERR4351518'...
2022-04-26T07:34:02 prefetch.2.11.2:  'ERR4351518' is valid
2022-04-26T07:34:02 prefetch.2.11.2: 1) 'ERR4351518' was downloaded successfully
2022-04-26T07:34:02 prefetch.2.11.2: 'ERR4351518' has 0 unresolved dependencies
[bam_sort_core] merging from 240 files and 16 in-memory blocks...
rm: cannot remove ‘data/bams/ERR4351518.bam’: No such file or directory
rm: cannot remove ‘data/fastqs/ERR4351518_1.fastq’: No such file or directory
rm: cannot remove ‘data/fastqs/ERR4351518_2.fastq’: No such file or directory
2022-04-26T14:04:57 prefetch.2.11.2: Current preference is set to retrieve SRA Normalized Format files with full base quality scores.
2022-04-26T14:04:57 prefetch.2.11.2: 1) Downloading 'SRR12681011'...
2022-04-26T14:04:57 prefetch.2.11.2: SRA Normalized Format file is being retrieved, if this is different from your preference, it may be due to current file availability.
2022-04-26T14:04:57 prefetch.2.11.2:  Downloading via HTTPS...
2022-04-26T14:18:03 prefetch.2.11.2:  HTTPS download succeed
2022-04-26T14:18:03 prefetch.2.11.2:   verifying 'SRR12681011'...
2022-04-26T14:20:17 prefetch.2.11.2:  'SRR12681011' is valid
2022-04-26T14:20:17 prefetch.2.11.2: 1) 'SRR12681011' was downloaded successfully
2022-04-26T14:20:17 prefetch.2.11.2: 'SRR12681011' has 0 unresolved dependencies
[bam_sort_core] merging from 224 files and 16 in-memory blocks...
slurmstepd: error: *** JOB 8264314 ON fijinode-56 CANCELLED AT 2022-04-26T14:48:51 ***
