/scratch/Shares/layer/workspace/devin_sra/sv_step/align_src
fijinode-60
Sun Apr 24 11:59:36 MDT 2022
ERR4349095

Read 202434489 spots for ERR4349095
Written 202434489 spots for ERR4349095
ERR4351037

Read 195060857 spots for ERR4351037
Written 195060857 spots for ERR4351037
ERR4351359

Read 239438827 spots for ERR4351359
Written 239438827 spots for ERR4351359
ERR4351460

Read 238841700 spots for ERR4351460
Written 238841700 spots for ERR4351460
ERR4351476

Read 237053984 spots for ERR4351476
Written 237053984 spots for ERR4351476
ERR4351509

Read 285006193 spots for ERR4351509
Written 285006193 spots for ERR4351509
ERR4351524

Read 280842991 spots for ERR4351524
Written 280842991 spots for ERR4351524
