2022-04-24T17:59:46 prefetch.2.11.2: Current preference is set to retrieve SRA Normalized Format files with full base quality scores.
2022-04-24T17:59:46 prefetch.2.11.2: 1) Downloading 'ERR4350091'...
2022-04-24T17:59:46 prefetch.2.11.2: SRA Normalized Format file is being retrieved, if this is different from your preference, it may be due to current file availability.
2022-04-24T17:59:46 prefetch.2.11.2:  Downloading via HTTPS...
2022-04-24T18:55:14 prefetch.2.11.2:  HTTPS download succeed
2022-04-24T18:55:14 prefetch.2.11.2:   verifying 'ERR4350091'...
2022-04-24T18:57:28 prefetch.2.11.2:  'ERR4350091' is valid
2022-04-24T18:57:28 prefetch.2.11.2: 1) 'ERR4350091' was downloaded successfully
2022-04-24T18:57:28 prefetch.2.11.2: 'ERR4350091' has 0 unresolved dependencies
[bam_sort_core] merging from 192 files and 16 in-memory blocks...
rm: cannot remove ‘data/bams/ERR4350091.bam’: No such file or directory
rm: cannot remove ‘data/fastqs/ERR4350091_1.fastq’: No such file or directory
rm: cannot remove ‘data/fastqs/ERR4350091_2.fastq’: No such file or directory
2022-04-24T23:37:26 prefetch.2.11.2: Current preference is set to retrieve SRA Normalized Format files with full base quality scores.
2022-04-24T23:37:26 prefetch.2.11.2: 1) Downloading 'ERR4350697'...
2022-04-24T23:37:26 prefetch.2.11.2: SRA Normalized Format file is being retrieved, if this is different from your preference, it may be due to current file availability.
2022-04-24T23:37:26 prefetch.2.11.2:  Downloading via HTTPS...
2022-04-24T23:50:41 prefetch.2.11.2:  HTTPS download succeed
2022-04-24T23:50:41 prefetch.2.11.2:   verifying 'ERR4350697'...
2022-04-24T23:53:50 prefetch.2.11.2:  'ERR4350697' is valid
2022-04-24T23:53:50 prefetch.2.11.2: 1) 'ERR4350697' was downloaded successfully
2022-04-24T23:53:50 prefetch.2.11.2: 'ERR4350697' has 0 unresolved dependencies
[bam_sort_core] merging from 224 files and 16 in-memory blocks...
rm: cannot remove ‘data/bams/ERR4350697.bam’: No such file or directory
rm: cannot remove ‘data/fastqs/ERR4350697_1.fastq’: No such file or directory
rm: cannot remove ‘data/fastqs/ERR4350697_2.fastq’: No such file or directory
2022-04-25T06:27:14 prefetch.2.11.2: Current preference is set to retrieve SRA Normalized Format files with full base quality scores.
2022-04-25T06:27:14 prefetch.2.11.2: 1) Downloading 'ERR4351346'...
2022-04-25T06:27:14 prefetch.2.11.2: SRA Normalized Format file is being retrieved, if this is different from your preference, it may be due to current file availability.
2022-04-25T06:27:14 prefetch.2.11.2:  Downloading via HTTPS...
2022-04-25T06:40:40 prefetch.2.11.2:  HTTPS download succeed
2022-04-25T06:40:40 prefetch.2.11.2:   verifying 'ERR4351346'...
2022-04-25T06:43:15 prefetch.2.11.2:  'ERR4351346' is valid
2022-04-25T06:43:15 prefetch.2.11.2: 1) 'ERR4351346' was downloaded successfully
2022-04-25T06:43:15 prefetch.2.11.2: 'ERR4351346' has 0 unresolved dependencies
[bam_sort_core] merging from 208 files and 16 in-memory blocks...
rm: cannot remove ‘data/bams/ERR4351346.bam’: No such file or directory
rm: cannot remove ‘data/fastqs/ERR4351346_1.fastq’: No such file or directory
rm: cannot remove ‘data/fastqs/ERR4351346_2.fastq’: No such file or directory
2022-04-25T13:36:03 prefetch.2.11.2: Current preference is set to retrieve SRA Normalized Format files with full base quality scores.
2022-04-25T13:36:03 prefetch.2.11.2: 1) Downloading 'ERR4351459'...
2022-04-25T13:36:03 prefetch.2.11.2: SRA Normalized Format file is being retrieved, if this is different from your preference, it may be due to current file availability.
2022-04-25T13:36:03 prefetch.2.11.2:  Downloading via HTTPS...
2022-04-25T13:50:54 prefetch.2.11.2:  HTTPS download succeed
2022-04-25T13:50:54 prefetch.2.11.2:   verifying 'ERR4351459'...
2022-04-25T13:53:24 prefetch.2.11.2:  'ERR4351459' is valid
2022-04-25T13:53:24 prefetch.2.11.2: 1) 'ERR4351459' was downloaded successfully
2022-04-25T13:53:24 prefetch.2.11.2: 'ERR4351459' has 0 unresolved dependencies
[bam_sort_core] merging from 208 files and 16 in-memory blocks...
rm: cannot remove ‘data/bams/ERR4351459.bam’: No such file or directory
rm: cannot remove ‘data/fastqs/ERR4351459_1.fastq’: No such file or directory
rm: cannot remove ‘data/fastqs/ERR4351459_2.fastq’: No such file or directory
2022-04-25T19:54:09 prefetch.2.11.2: Current preference is set to retrieve SRA Normalized Format files with full base quality scores.
2022-04-25T19:54:11 prefetch.2.11.2: 1) Downloading 'ERR4351475'...
2022-04-25T19:54:11 prefetch.2.11.2: SRA Normalized Format file is being retrieved, if this is different from your preference, it may be due to current file availability.
2022-04-25T19:54:11 prefetch.2.11.2:  Downloading via HTTPS...
2022-04-25T22:53:28 prefetch.2.11.2:  HTTPS download succeed
2022-04-25T22:53:28 prefetch.2.11.2:   verifying 'ERR4351475'...
2022-04-25T22:56:16 prefetch.2.11.2:  'ERR4351475' is valid
2022-04-25T22:56:16 prefetch.2.11.2: 1) 'ERR4351475' was downloaded successfully
2022-04-25T22:56:16 prefetch.2.11.2: 'ERR4351475' has 0 unresolved dependencies
[bam_sort_core] merging from 224 files and 16 in-memory blocks...
rm: cannot remove ‘data/bams/ERR4351475.bam’: No such file or directory
rm: cannot remove ‘data/fastqs/ERR4351475_1.fastq’: No such file or directory
rm: cannot remove ‘data/fastqs/ERR4351475_2.fastq’: No such file or directory
2022-04-26T05:12:04 prefetch.2.11.2: Current preference is set to retrieve SRA Normalized Format files with full base quality scores.
2022-04-26T05:12:04 prefetch.2.11.2: 1) Downloading 'ERR4351508'...
2022-04-26T05:12:04 prefetch.2.11.2: SRA Normalized Format file is being retrieved, if this is different from your preference, it may be due to current file availability.
2022-04-26T05:12:04 prefetch.2.11.2:  Downloading via HTTPS...
2022-04-26T05:21:35 prefetch.2.11.2:  HTTPS download succeed
2022-04-26T05:21:35 prefetch.2.11.2:   verifying 'ERR4351508'...
2022-04-26T05:24:35 prefetch.2.11.2:  'ERR4351508' is valid
2022-04-26T05:24:35 prefetch.2.11.2: 1) 'ERR4351508' was downloaded successfully
2022-04-26T05:24:35 prefetch.2.11.2: 'ERR4351508' has 0 unresolved dependencies
[bam_sort_core] merging from 224 files and 16 in-memory blocks...
rm: cannot remove ‘data/bams/ERR4351508.bam’: No such file or directory
rm: cannot remove ‘data/fastqs/ERR4351508_1.fastq’: No such file or directory
rm: cannot remove ‘data/fastqs/ERR4351508_2.fastq’: No such file or directory
2022-04-26T11:11:58 prefetch.2.11.2: Current preference is set to retrieve SRA Normalized Format files with full base quality scores.
2022-04-26T11:11:58 prefetch.2.11.2: 1) Downloading 'ERR4351523'...
2022-04-26T11:11:58 prefetch.2.11.2: SRA Normalized Format file is being retrieved, if this is different from your preference, it may be due to current file availability.
2022-04-26T11:11:58 prefetch.2.11.2:  Downloading via HTTPS...
2022-04-26T11:29:20 prefetch.2.11.2:  HTTPS download succeed
2022-04-26T11:29:20 prefetch.2.11.2:   verifying 'ERR4351523'...
2022-04-26T11:32:22 prefetch.2.11.2:  'ERR4351523' is valid
2022-04-26T11:32:22 prefetch.2.11.2: 1) 'ERR4351523' was downloaded successfully
2022-04-26T11:32:22 prefetch.2.11.2: 'ERR4351523' has 0 unresolved dependencies
[bam_sort_core] merging from 240 files and 16 in-memory blocks...
rm: cannot remove ‘data/bams/ERR4351523.bam’: No such file or directory
rm: cannot remove ‘data/fastqs/ERR4351523_1.fastq’: No such file or directory
rm: cannot remove ‘data/fastqs/ERR4351523_2.fastq’: No such file or directory
mkdir: cannot create directory ‘SRR1217557’: File exists
2022-04-26T17:59:14 prefetch.2.11.2: Current preference is set to retrieve SRA Normalized Format files with full base quality scores.
2022-04-26T17:59:14 prefetch.2.11.2: 1) Downloading 'SRR1217557'...
2022-04-26T17:59:14 prefetch.2.11.2: SRA Normalized Format file is being retrieved, if this is different from your preference, it may be due to current file availability.
2022-04-26T17:59:14 prefetch.2.11.2:  Downloading via HTTPS...
2022-04-26T18:21:59 prefetch.2.11.2:  HTTPS download succeed
2022-04-26T18:21:59 prefetch.2.11.2:   verifying 'SRR1217557'...
2022-04-26T18:26:06 prefetch.2.11.2:  'SRR1217557' is valid
2022-04-26T18:26:06 prefetch.2.11.2: 1) 'SRR1217557' was downloaded successfully
2022-04-26T18:26:06 prefetch.2.11.2: 'SRR1217557' has 0 unresolved dependencies
slurmstepd: error: *** JOB 8264313 ON fijinode-56 CANCELLED AT 2022-04-26T14:48:17 ***
