/scratch/Shares/layer/workspace/devin_sra/sv_step/align_src
fijinode-56
Sun Apr 24 11:59:36 MDT 2022
ERR4350091

Read 210263073 spots for ERR4350091
Written 210263073 spots for ERR4350091
ERR4350697

Read 258231231 spots for ERR4350697
Written 258231231 spots for ERR4350697
ERR4351346

Read 231822222 spots for ERR4351346
Written 231822222 spots for ERR4351346
ERR4351459

Read 235330808 spots for ERR4351459
Written 235330808 spots for ERR4351459
ERR4351475

Read 257638319 spots for ERR4351475
Written 257638319 spots for ERR4351475
ERR4351508

Read 256197086 spots for ERR4351508
Written 256197086 spots for ERR4351508
ERR4351523

Read 276246879 spots for ERR4351523
Written 276246879 spots for ERR4351523
SRR1217557

Read 211259885 spots for SRR1217557
Written 211259885 spots for SRR1217557
