/scratch/Shares/layer/workspace/devin_sra/sv_step/align_src
fijinode-49
Sun Apr 24 11:59:36 MDT 2022
ERR4368125

Read 208716330 spots for ERR4368125
Written 208716330 spots for ERR4368125
SRR12532405

Read 480803111 spots for SRR12532405
Written 480803111 spots for SRR12532405
SRR13091899

Read 195400795 spots for SRR13091899
Written 195400795 spots for SRR13091899
SRR5827419

Read 268585250 spots for SRR5827419
Written 268585250 spots for SRR5827419
ERR4335881

Read 211196221 spots for ERR4335881
Written 211196221 spots for ERR4335881
ERR4350081

Read 205742068 spots for ERR4350081
Written 205742068 spots for ERR4350081
ERR4350108

Read 203753022 spots for ERR4350108
Written 203753022 spots for ERR4350108
