/scratch/Shares/layer/workspace/devin_sra/sv_step/align_src
fijinode-56
Sun Apr 24 11:59:36 MDT 2022
ERR4350116

Read 224707183 spots for ERR4350116
Written 224707183 spots for ERR4350116
ERR4351323

Read 206828761 spots for ERR4351323
Written 206828761 spots for ERR4351323
ERR4351415

Read 192284955 spots for ERR4351415
Written 192284955 spots for ERR4351415
ERR4351471

Read 245482239 spots for ERR4351471
Written 245482239 spots for ERR4351471
ERR4351498

Read 233217499 spots for ERR4351498
Written 233217499 spots for ERR4351498
ERR4351518

Read 270092780 spots for ERR4351518
Written 270092780 spots for ERR4351518
SRR12681011

Read 250657693 spots for SRR12681011
Written 250657693 spots for SRR12681011
