2022-04-24T17:59:46 prefetch.2.11.2: Current preference is set to retrieve SRA Normalized Format files with full base quality scores.
2022-04-24T17:59:46 prefetch.2.11.2: 1) Downloading 'ERR4351466'...
2022-04-24T17:59:46 prefetch.2.11.2: SRA Normalized Format file is being retrieved, if this is different from your preference, it may be due to current file availability.
2022-04-24T17:59:46 prefetch.2.11.2:  Downloading via HTTPS...
2022-04-24T18:48:11 prefetch.2.11.2:  HTTPS download succeed
2022-04-24T18:48:11 prefetch.2.11.2:   verifying 'ERR4351466'...
2022-04-24T18:50:20 prefetch.2.11.2:  'ERR4351466' is valid
2022-04-24T18:50:20 prefetch.2.11.2: 1) 'ERR4351466' was downloaded successfully
2022-04-24T18:50:20 prefetch.2.11.2: 'ERR4351466' has 0 unresolved dependencies
[bam_sort_core] merging from 176 files and 16 in-memory blocks...
rm: cannot remove ‘data/bams/ERR4351466.bam’: No such file or directory
rm: cannot remove ‘data/fastqs/ERR4351466_1.fastq’: No such file or directory
rm: cannot remove ‘data/fastqs/ERR4351466_2.fastq’: No such file or directory
2022-04-24T23:20:30 prefetch.2.11.2: Current preference is set to retrieve SRA Normalized Format files with full base quality scores.
2022-04-24T23:20:30 prefetch.2.11.2: 1) Downloading 'ERR4351496'...
2022-04-24T23:20:30 prefetch.2.11.2: SRA Normalized Format file is being retrieved, if this is different from your preference, it may be due to current file availability.
2022-04-24T23:20:30 prefetch.2.11.2:  Downloading via HTTPS...
2022-04-24T23:34:57 prefetch.2.11.2:  HTTPS download succeed
2022-04-24T23:34:57 prefetch.2.11.2:   verifying 'ERR4351496'...
2022-04-24T23:37:53 prefetch.2.11.2:  'ERR4351496' is valid
2022-04-24T23:37:53 prefetch.2.11.2: 1) 'ERR4351496' was downloaded successfully
2022-04-24T23:37:53 prefetch.2.11.2: 'ERR4351496' has 0 unresolved dependencies
[bam_sort_core] merging from 224 files and 16 in-memory blocks...
rm: cannot remove ‘data/bams/ERR4351496.bam’: No such file or directory
rm: cannot remove ‘data/fastqs/ERR4351496_1.fastq’: No such file or directory
rm: cannot remove ‘data/fastqs/ERR4351496_2.fastq’: No such file or directory
2022-04-25T06:22:14 prefetch.2.11.2: Current preference is set to retrieve SRA Normalized Format files with full base quality scores.
2022-04-25T06:22:14 prefetch.2.11.2: 1) Downloading 'ERR4351516'...
2022-04-25T06:22:14 prefetch.2.11.2: SRA Normalized Format file is being retrieved, if this is different from your preference, it may be due to current file availability.
2022-04-25T06:22:14 prefetch.2.11.2:  Downloading via HTTPS...
2022-04-25T06:32:58 prefetch.2.11.2:  HTTPS download succeed
2022-04-25T06:32:58 prefetch.2.11.2:   verifying 'ERR4351516'...
2022-04-25T06:35:22 prefetch.2.11.2:  'ERR4351516' is valid
2022-04-25T06:35:22 prefetch.2.11.2: 1) 'ERR4351516' was downloaded successfully
2022-04-25T06:35:22 prefetch.2.11.2: 'ERR4351516' has 0 unresolved dependencies
[bam_sort_core] merging from 208 files and 16 in-memory blocks...
rm: cannot remove ‘data/bams/ERR4351516.bam’: No such file or directory
rm: cannot remove ‘data/fastqs/ERR4351516_1.fastq’: No such file or directory
rm: cannot remove ‘data/fastqs/ERR4351516_2.fastq’: No such file or directory
2022-04-25T13:20:14 prefetch.2.11.2: Current preference is set to retrieve SRA Normalized Format files with full base quality scores.
2022-04-25T13:20:14 prefetch.2.11.2: 1) Downloading 'ERR571464'...
2022-04-25T13:20:14 prefetch.2.11.2: SRA Normalized Format file is being retrieved, if this is different from your preference, it may be due to current file availability.
2022-04-25T13:20:14 prefetch.2.11.2:  Downloading via HTTPS...
2022-04-25T13:31:48 prefetch.2.11.2:  HTTPS download succeed
2022-04-25T13:31:48 prefetch.2.11.2:   verifying 'ERR571464'...
2022-04-25T13:33:53 prefetch.2.11.2:  'ERR571464' is valid
2022-04-25T13:33:53 prefetch.2.11.2: 1) 'ERR571464' was downloaded successfully
[bam_sort_core] merging from 224 files and 16 in-memory blocks...
rm: cannot remove ‘data/bams/ERR571464.bam’: No such file or directory
rm: cannot remove ‘data/fastqs/ERR571464_1.fastq’: No such file or directory
rm: cannot remove ‘data/fastqs/ERR571464_2.fastq’: No such file or directory
2022-04-25T18:47:41 prefetch.2.11.2: Current preference is set to retrieve SRA Normalized Format files with full base quality scores.
2022-04-25T18:47:42 prefetch.2.11.2: 1) Downloading 'SRR5827420'...
2022-04-25T18:47:42 prefetch.2.11.2: SRA Normalized Format file is being retrieved, if this is different from your preference, it may be due to current file availability.
2022-04-25T18:47:42 prefetch.2.11.2:  Downloading via HTTPS...
2022-04-26T01:16:50 prefetch.2.11.2:  HTTPS download succeed
2022-04-26T01:16:50 prefetch.2.11.2:   verifying 'SRR5827420'...
2022-04-26T01:19:15 prefetch.2.11.2:  'SRR5827420' is valid
2022-04-26T01:19:15 prefetch.2.11.2: 1) 'SRR5827420' was downloaded successfully
[bam_sort_core] merging from 208 files and 16 in-memory blocks...
rm: cannot remove ‘data/bams/SRR5827420.bam’: No such file or directory
rm: cannot remove ‘data/fastqs/SRR5827420_1.fastq’: No such file or directory
rm: cannot remove ‘data/fastqs/SRR5827420_2.fastq’: No such file or directory
2022-04-26T06:42:52 prefetch.2.11.2: Current preference is set to retrieve SRA Normalized Format files with full base quality scores.
2022-04-26T06:42:53 prefetch.2.11.2: 1) Downloading 'SRR9671994'...
2022-04-26T06:42:53 prefetch.2.11.2: SRA Normalized Format file is being retrieved, if this is different from your preference, it may be due to current file availability.
2022-04-26T06:42:53 prefetch.2.11.2:  Downloading via HTTPS...
2022-04-26T06:48:51 prefetch.2.11.2:  HTTPS download succeed
2022-04-26T06:48:51 prefetch.2.11.2:   verifying 'SRR9671994'...
2022-04-26T06:50:50 prefetch.2.11.2:  'SRR9671994' is valid
2022-04-26T06:50:50 prefetch.2.11.2: 1) 'SRR9671994' was downloaded successfully
2022-04-26T06:50:50 prefetch.2.11.2: 'SRR9671994' has 0 unresolved dependencies
[bam_sort_core] merging from 176 files and 16 in-memory blocks...
rm: cannot remove ‘data/bams/SRR9671994.bam’: No such file or directory
rm: cannot remove ‘data/fastqs/SRR9671994_1.fastq’: No such file or directory
rm: cannot remove ‘data/fastqs/SRR9671994_2.fastq’: No such file or directory
2022-04-26T12:22:55 prefetch.2.11.2: Current preference is set to retrieve SRA Normalized Format files with full base quality scores.
2022-04-26T12:22:55 prefetch.2.11.2: 1) Downloading 'ERR4337735'...
2022-04-26T12:22:55 prefetch.2.11.2: SRA Normalized Format file is being retrieved, if this is different from your preference, it may be due to current file availability.
2022-04-26T12:22:55 prefetch.2.11.2:  Downloading via HTTPS...
2022-04-26T12:33:45 prefetch.2.11.2:  HTTPS download succeed
2022-04-26T12:33:45 prefetch.2.11.2:   verifying 'ERR4337735'...
2022-04-26T12:36:13 prefetch.2.11.2:  'ERR4337735' is valid
2022-04-26T12:36:13 prefetch.2.11.2: 1) 'ERR4337735' was downloaded successfully
2022-04-26T12:36:13 prefetch.2.11.2: 'ERR4337735' has 0 unresolved dependencies
[bam_sort_core] merging from 192 files and 16 in-memory blocks...
rm: cannot remove ‘data/bams/ERR4337735.bam’: No such file or directory
rm: cannot remove ‘data/fastqs/ERR4337735_1.fastq’: No such file or directory
rm: cannot remove ‘data/fastqs/ERR4337735_2.fastq’: No such file or directory
2022-04-26T17:24:16 prefetch.2.11.2: Current preference is set to retrieve SRA Normalized Format files with full base quality scores.
2022-04-26T17:24:16 prefetch.2.11.2: 1) Downloading 'ERR4350082'...
2022-04-26T17:24:16 prefetch.2.11.2: SRA Normalized Format file is being retrieved, if this is different from your preference, it may be due to current file availability.
2022-04-26T17:24:16 prefetch.2.11.2:  Downloading via HTTPS...
2022-04-26T17:32:19 prefetch.2.11.2:  HTTPS download succeed
2022-04-26T17:32:19 prefetch.2.11.2:   verifying 'ERR4350082'...
2022-04-26T17:34:36 prefetch.2.11.2:  'ERR4350082' is valid
2022-04-26T17:34:36 prefetch.2.11.2: 1) 'ERR4350082' was downloaded successfully
2022-04-26T17:34:36 prefetch.2.11.2: 'ERR4350082' has 0 unresolved dependencies
slurmstepd: error: *** JOB 8264310 ON fijinode-02 CANCELLED AT 2022-04-26T14:47:41 ***
