/scratch/Shares/layer/workspace/devin_sra/sv_step/align_src
fijinode-60
Sun Apr 24 11:59:36 MDT 2022
ERR4350088

Read 209572541 spots for ERR4350088
Written 209572541 spots for ERR4350088
ERR4350148

Read 216663455 spots for ERR4350148
Written 216663455 spots for ERR4350148
ERR4351344

Read 194734764 spots for ERR4351344
Written 194734764 spots for ERR4351344
ERR4351454

Read 237574115 spots for ERR4351454
Written 237574115 spots for ERR4351454
ERR4351474

Read 238719443 spots for ERR4351474
Written 238719443 spots for ERR4351474
ERR4351506

Read 235530885 spots for ERR4351506
Written 235530885 spots for ERR4351506
ERR4351521

Read 221757177 spots for ERR4351521
Written 221757177 spots for ERR4351521
SRR12681018

Read 279093088 spots for SRR12681018
Written 279093088 spots for SRR12681018
