/scratch/Shares/layer/workspace/devin_sra/sv_step/align_src
fijinode-50
Sun Apr 24 11:59:36 MDT 2022
SRR3041436

Read 248374352 spots for SRR3041436
Written 248374352 spots for SRR3041436
ERR4349110

Read 248627376 spots for ERR4349110
Written 248627376 spots for ERR4349110
ERR4350104

Read 211546437 spots for ERR4350104
Written 211546437 spots for ERR4350104
ERR4351362

Read 220419363 spots for ERR4351362
Written 220419363 spots for ERR4351362
ERR4351461

Read 209755600 spots for ERR4351461
Written 209755600 spots for ERR4351461
ERR4351485

Read 240955666 spots for ERR4351485
Written 240955666 spots for ERR4351485
ERR4351511

Read 236189159 spots for ERR4351511
Written 236189159 spots for ERR4351511
SRR12532402

