2022-04-24T17:59:46 prefetch.2.11.2: Current preference is set to retrieve SRA Normalized Format files with full base quality scores.
2022-04-24T17:59:46 prefetch.2.11.2: 1) Downloading 'ERR4349095'...
2022-04-24T17:59:46 prefetch.2.11.2: SRA Normalized Format file is being retrieved, if this is different from your preference, it may be due to current file availability.
2022-04-24T17:59:46 prefetch.2.11.2:  Downloading via HTTPS...
2022-04-24T18:48:07 prefetch.2.11.2:  HTTPS download succeed
2022-04-24T18:48:07 prefetch.2.11.2:   verifying 'ERR4349095'...
2022-04-24T18:51:05 prefetch.2.11.2:  'ERR4349095' is valid
2022-04-24T18:51:05 prefetch.2.11.2: 1) 'ERR4349095' was downloaded successfully
2022-04-24T18:51:05 prefetch.2.11.2: 'ERR4349095' has 0 unresolved dependencies
[bam_sort_core] merging from 176 files and 16 in-memory blocks...
rm: cannot remove ‘data/bams/ERR4349095.bam’: No such file or directory
rm: cannot remove ‘data/fastqs/ERR4349095_1.fastq’: No such file or directory
rm: cannot remove ‘data/fastqs/ERR4349095_2.fastq’: No such file or directory
2022-04-24T23:25:59 prefetch.2.11.2: Current preference is set to retrieve SRA Normalized Format files with full base quality scores.
2022-04-24T23:26:00 prefetch.2.11.2: 1) Downloading 'ERR4351037'...
2022-04-24T23:26:00 prefetch.2.11.2: SRA Normalized Format file is being retrieved, if this is different from your preference, it may be due to current file availability.
2022-04-24T23:26:00 prefetch.2.11.2:  Downloading via HTTPS...
2022-04-24T23:46:05 prefetch.2.11.2:  HTTPS download succeed
2022-04-24T23:46:05 prefetch.2.11.2:   verifying 'ERR4351037'...
2022-04-24T23:48:39 prefetch.2.11.2:  'ERR4351037' is valid
2022-04-24T23:48:39 prefetch.2.11.2: 1) 'ERR4351037' was downloaded successfully
2022-04-24T23:48:39 prefetch.2.11.2: 'ERR4351037' has 0 unresolved dependencies
[bam_sort_core] merging from 176 files and 16 in-memory blocks...
rm: cannot remove ‘data/bams/ERR4351037.bam’: No such file or directory
rm: cannot remove ‘data/fastqs/ERR4351037_1.fastq’: No such file or directory
rm: cannot remove ‘data/fastqs/ERR4351037_2.fastq’: No such file or directory
2022-04-25T04:41:51 prefetch.2.11.2: Current preference is set to retrieve SRA Normalized Format files with full base quality scores.
2022-04-25T04:41:51 prefetch.2.11.2: 1) Downloading 'ERR4351359'...
2022-04-25T04:41:51 prefetch.2.11.2: SRA Normalized Format file is being retrieved, if this is different from your preference, it may be due to current file availability.
2022-04-25T04:41:51 prefetch.2.11.2:  Downloading via HTTPS...
2022-04-25T04:59:23 prefetch.2.11.2:  HTTPS download succeed
2022-04-25T04:59:23 prefetch.2.11.2:   verifying 'ERR4351359'...
2022-04-25T05:02:52 prefetch.2.11.2:  'ERR4351359' is valid
2022-04-25T05:02:52 prefetch.2.11.2: 1) 'ERR4351359' was downloaded successfully
2022-04-25T05:02:52 prefetch.2.11.2: 'ERR4351359' has 0 unresolved dependencies
[bam_sort_core] merging from 208 files and 16 in-memory blocks...
rm: cannot remove ‘data/bams/ERR4351359.bam’: No such file or directory
rm: cannot remove ‘data/fastqs/ERR4351359_1.fastq’: No such file or directory
rm: cannot remove ‘data/fastqs/ERR4351359_2.fastq’: No such file or directory
2022-04-25T12:04:53 prefetch.2.11.2: Current preference is set to retrieve SRA Normalized Format files with full base quality scores.
2022-04-25T12:04:53 prefetch.2.11.2: 1) Downloading 'ERR4351460'...
2022-04-25T12:04:53 prefetch.2.11.2: SRA Normalized Format file is being retrieved, if this is different from your preference, it may be due to current file availability.
2022-04-25T12:04:53 prefetch.2.11.2:  Downloading via HTTPS...
2022-04-25T12:15:57 prefetch.2.11.2:  HTTPS download succeed
2022-04-25T12:15:57 prefetch.2.11.2:   verifying 'ERR4351460'...
2022-04-25T12:18:39 prefetch.2.11.2:  'ERR4351460' is valid
2022-04-25T12:18:39 prefetch.2.11.2: 1) 'ERR4351460' was downloaded successfully
2022-04-25T12:18:39 prefetch.2.11.2: 'ERR4351460' has 0 unresolved dependencies
[bam_sort_core] merging from 208 files and 16 in-memory blocks...
rm: cannot remove ‘data/bams/ERR4351460.bam’: No such file or directory
rm: cannot remove ‘data/fastqs/ERR4351460_1.fastq’: No such file or directory
rm: cannot remove ‘data/fastqs/ERR4351460_2.fastq’: No such file or directory
2022-04-25T18:33:18 prefetch.2.11.2: Current preference is set to retrieve SRA Normalized Format files with full base quality scores.
2022-04-25T18:33:19 prefetch.2.11.2: 1) Downloading 'ERR4351476'...
2022-04-25T18:33:19 prefetch.2.11.2: SRA Normalized Format file is being retrieved, if this is different from your preference, it may be due to current file availability.
2022-04-25T18:33:19 prefetch.2.11.2:  Downloading via HTTPS...
2022-04-26T01:12:41 prefetch.2.11.2:  HTTPS download succeed
2022-04-26T01:12:41 prefetch.2.11.2:   verifying 'ERR4351476'...
2022-04-26T01:15:35 prefetch.2.11.2:  'ERR4351476' is valid
2022-04-26T01:15:35 prefetch.2.11.2: 1) 'ERR4351476' was downloaded successfully
2022-04-26T01:15:35 prefetch.2.11.2: 'ERR4351476' has 0 unresolved dependencies
[bam_sort_core] merging from 208 files and 16 in-memory blocks...
rm: cannot remove ‘data/bams/ERR4351476.bam’: No such file or directory
rm: cannot remove ‘data/fastqs/ERR4351476_1.fastq’: No such file or directory
rm: cannot remove ‘data/fastqs/ERR4351476_2.fastq’: No such file or directory
2022-04-26T07:28:07 prefetch.2.11.2: Current preference is set to retrieve SRA Normalized Format files with full base quality scores.
2022-04-26T07:28:07 prefetch.2.11.2: 1) Downloading 'ERR4351509'...
2022-04-26T07:28:07 prefetch.2.11.2: SRA Normalized Format file is being retrieved, if this is different from your preference, it may be due to current file availability.
2022-04-26T07:28:07 prefetch.2.11.2:  Downloading via HTTPS...
2022-04-26T07:41:18 prefetch.2.11.2:  HTTPS download succeed
2022-04-26T07:41:18 prefetch.2.11.2:   verifying 'ERR4351509'...
2022-04-26T07:44:51 prefetch.2.11.2:  'ERR4351509' is valid
2022-04-26T07:44:51 prefetch.2.11.2: 1) 'ERR4351509' was downloaded successfully
2022-04-26T07:44:51 prefetch.2.11.2: 'ERR4351509' has 0 unresolved dependencies
[bam_sort_core] merging from 256 files and 16 in-memory blocks...
rm: cannot remove ‘data/bams/ERR4351509.bam’: No such file or directory
rm: cannot remove ‘data/fastqs/ERR4351509_1.fastq’: No such file or directory
rm: cannot remove ‘data/fastqs/ERR4351509_2.fastq’: No such file or directory
2022-04-26T15:11:30 prefetch.2.11.2: Current preference is set to retrieve SRA Normalized Format files with full base quality scores.
2022-04-26T15:11:30 prefetch.2.11.2: 1) Downloading 'ERR4351524'...
2022-04-26T15:11:30 prefetch.2.11.2: SRA Normalized Format file is being retrieved, if this is different from your preference, it may be due to current file availability.
2022-04-26T15:11:30 prefetch.2.11.2:  Downloading via HTTPS...
2022-04-26T15:24:20 prefetch.2.11.2:  HTTPS download succeed
2022-04-26T15:24:20 prefetch.2.11.2:   verifying 'ERR4351524'...
2022-04-26T15:27:26 prefetch.2.11.2:  'ERR4351524' is valid
2022-04-26T15:27:26 prefetch.2.11.2: 1) 'ERR4351524' was downloaded successfully
2022-04-26T15:27:26 prefetch.2.11.2: 'ERR4351524' has 0 unresolved dependencies
slurmstepd: error: *** JOB 8264308 ON fijinode-60 CANCELLED AT 2022-04-26T14:47:07 ***
