2022-04-24T17:59:46 prefetch.2.11.2: Current preference is set to retrieve SRA Normalized Format files with full base quality scores.
2022-04-24T17:59:46 prefetch.2.11.2: 1) Downloading 'ERR4350088'...
2022-04-24T17:59:46 prefetch.2.11.2: SRA Normalized Format file is being retrieved, if this is different from your preference, it may be due to current file availability.
2022-04-24T17:59:46 prefetch.2.11.2:  Downloading via HTTPS...
2022-04-24T18:28:37 prefetch.2.11.2:  HTTPS download succeed
2022-04-24T18:28:37 prefetch.2.11.2:   verifying 'ERR4350088'...
2022-04-24T18:31:13 prefetch.2.11.2:  'ERR4350088' is valid
2022-04-24T18:31:13 prefetch.2.11.2: 1) 'ERR4350088' was downloaded successfully
2022-04-24T18:31:13 prefetch.2.11.2: 'ERR4350088' has 0 unresolved dependencies
[bam_sort_core] merging from 176 files and 16 in-memory blocks...
rm: cannot remove ‘data/bams/ERR4350088.bam’: No such file or directory
rm: cannot remove ‘data/fastqs/ERR4350088_1.fastq’: No such file or directory
rm: cannot remove ‘data/fastqs/ERR4350088_2.fastq’: No such file or directory
2022-04-24T23:27:39 prefetch.2.11.2: Current preference is set to retrieve SRA Normalized Format files with full base quality scores.
2022-04-24T23:27:39 prefetch.2.11.2: 1) Downloading 'ERR4350148'...
2022-04-24T23:27:39 prefetch.2.11.2: SRA Normalized Format file is being retrieved, if this is different from your preference, it may be due to current file availability.
2022-04-24T23:27:39 prefetch.2.11.2:  Downloading via HTTPS...
2022-04-24T23:39:27 prefetch.2.11.2:  HTTPS download succeed
2022-04-24T23:39:27 prefetch.2.11.2:   verifying 'ERR4350148'...
2022-04-24T23:42:13 prefetch.2.11.2:  'ERR4350148' is valid
2022-04-24T23:42:13 prefetch.2.11.2: 1) 'ERR4350148' was downloaded successfully
2022-04-24T23:42:13 prefetch.2.11.2: 'ERR4350148' has 0 unresolved dependencies
[bam_sort_core] merging from 192 files and 16 in-memory blocks...
rm: cannot remove ‘data/bams/ERR4350148.bam’: No such file or directory
rm: cannot remove ‘data/fastqs/ERR4350148_1.fastq’: No such file or directory
rm: cannot remove ‘data/fastqs/ERR4350148_2.fastq’: No such file or directory
2022-04-25T05:25:35 prefetch.2.11.2: Current preference is set to retrieve SRA Normalized Format files with full base quality scores.
2022-04-25T05:25:35 prefetch.2.11.2: 1) Downloading 'ERR4351344'...
2022-04-25T05:25:35 prefetch.2.11.2: SRA Normalized Format file is being retrieved, if this is different from your preference, it may be due to current file availability.
2022-04-25T05:25:35 prefetch.2.11.2:  Downloading via HTTPS...
2022-04-25T05:33:23 prefetch.2.11.2:  HTTPS download succeed
2022-04-25T05:33:23 prefetch.2.11.2:   verifying 'ERR4351344'...
2022-04-25T05:36:25 prefetch.2.11.2:  'ERR4351344' is valid
2022-04-25T05:36:25 prefetch.2.11.2: 1) 'ERR4351344' was downloaded successfully
2022-04-25T05:36:25 prefetch.2.11.2: 'ERR4351344' has 0 unresolved dependencies
[bam_sort_core] merging from 176 files and 16 in-memory blocks...
rm: cannot remove ‘data/bams/ERR4351344.bam’: No such file or directory
rm: cannot remove ‘data/fastqs/ERR4351344_1.fastq’: No such file or directory
rm: cannot remove ‘data/fastqs/ERR4351344_2.fastq’: No such file or directory
2022-04-25T11:06:04 prefetch.2.11.2: Current preference is set to retrieve SRA Normalized Format files with full base quality scores.
2022-04-25T11:06:04 prefetch.2.11.2: 1) Downloading 'ERR4351454'...
2022-04-25T11:06:04 prefetch.2.11.2: SRA Normalized Format file is being retrieved, if this is different from your preference, it may be due to current file availability.
2022-04-25T11:06:04 prefetch.2.11.2:  Downloading via HTTPS...
2022-04-25T11:14:58 prefetch.2.11.2:  HTTPS download succeed
2022-04-25T11:14:58 prefetch.2.11.2:   verifying 'ERR4351454'...
2022-04-25T11:18:28 prefetch.2.11.2:  'ERR4351454' is valid
2022-04-25T11:18:28 prefetch.2.11.2: 1) 'ERR4351454' was downloaded successfully
2022-04-25T11:18:28 prefetch.2.11.2: 'ERR4351454' has 0 unresolved dependencies
[bam_sort_core] merging from 208 files and 16 in-memory blocks...
rm: cannot remove ‘data/bams/ERR4351454.bam’: No such file or directory
rm: cannot remove ‘data/fastqs/ERR4351454_1.fastq’: No such file or directory
rm: cannot remove ‘data/fastqs/ERR4351454_2.fastq’: No such file or directory
2022-04-25T17:42:03 prefetch.2.11.2: Current preference is set to retrieve SRA Normalized Format files with full base quality scores.
2022-04-25T17:42:04 prefetch.2.11.2: 1) Downloading 'ERR4351474'...
2022-04-25T17:42:04 prefetch.2.11.2: SRA Normalized Format file is being retrieved, if this is different from your preference, it may be due to current file availability.
2022-04-25T17:42:04 prefetch.2.11.2:  Downloading via HTTPS...
2022-04-25T19:23:45 prefetch.2.11.2:  HTTPS download succeed
2022-04-25T19:23:45 prefetch.2.11.2:   verifying 'ERR4351474'...
2022-04-25T19:27:43 prefetch.2.11.2:  'ERR4351474' is valid
2022-04-25T19:27:43 prefetch.2.11.2: 1) 'ERR4351474' was downloaded successfully
2022-04-25T19:27:43 prefetch.2.11.2: 'ERR4351474' has 0 unresolved dependencies
[bam_sort_core] merging from 208 files and 16 in-memory blocks...
rm: cannot remove ‘data/bams/ERR4351474.bam’: No such file or directory
rm: cannot remove ‘data/fastqs/ERR4351474_1.fastq’: No such file or directory
rm: cannot remove ‘data/fastqs/ERR4351474_2.fastq’: No such file or directory
2022-04-26T01:16:21 prefetch.2.11.2: Current preference is set to retrieve SRA Normalized Format files with full base quality scores.
2022-04-26T01:16:21 prefetch.2.11.2: 1) Downloading 'ERR4351506'...
2022-04-26T01:16:21 prefetch.2.11.2: SRA Normalized Format file is being retrieved, if this is different from your preference, it may be due to current file availability.
2022-04-26T01:16:21 prefetch.2.11.2:  Downloading via HTTPS...
2022-04-26T01:28:43 prefetch.2.11.2:  HTTPS download succeed
2022-04-26T01:28:43 prefetch.2.11.2:   verifying 'ERR4351506'...
2022-04-26T01:31:32 prefetch.2.11.2:  'ERR4351506' is valid
2022-04-26T01:31:32 prefetch.2.11.2: 1) 'ERR4351506' was downloaded successfully
2022-04-26T01:31:32 prefetch.2.11.2: 'ERR4351506' has 0 unresolved dependencies
[bam_sort_core] merging from 208 files and 16 in-memory blocks...
rm: cannot remove ‘data/bams/ERR4351506.bam’: No such file or directory
rm: cannot remove ‘data/fastqs/ERR4351506_1.fastq’: No such file or directory
rm: cannot remove ‘data/fastqs/ERR4351506_2.fastq’: No such file or directory
2022-04-26T09:02:16 prefetch.2.11.2: Current preference is set to retrieve SRA Normalized Format files with full base quality scores.
2022-04-26T09:02:16 prefetch.2.11.2: 1) Downloading 'ERR4351521'...
2022-04-26T09:02:16 prefetch.2.11.2: SRA Normalized Format file is being retrieved, if this is different from your preference, it may be due to current file availability.
2022-04-26T09:02:16 prefetch.2.11.2:  Downloading via HTTPS...
2022-04-26T09:11:19 prefetch.2.11.2:  HTTPS download succeed
2022-04-26T09:11:19 prefetch.2.11.2:   verifying 'ERR4351521'...
2022-04-26T09:13:55 prefetch.2.11.2:  'ERR4351521' is valid
2022-04-26T09:13:55 prefetch.2.11.2: 1) 'ERR4351521' was downloaded successfully
2022-04-26T09:13:55 prefetch.2.11.2: 'ERR4351521' has 0 unresolved dependencies
[bam_sort_core] merging from 192 files and 16 in-memory blocks...
rm: cannot remove ‘data/bams/ERR4351521.bam’: No such file or directory
rm: cannot remove ‘data/fastqs/ERR4351521_1.fastq’: No such file or directory
rm: cannot remove ‘data/fastqs/ERR4351521_2.fastq’: No such file or directory
2022-04-26T15:13:17 prefetch.2.11.2: Current preference is set to retrieve SRA Normalized Format files with full base quality scores.
2022-04-26T15:13:17 prefetch.2.11.2: 1) Downloading 'SRR12681018'...
2022-04-26T15:13:17 prefetch.2.11.2: SRA Normalized Format file is being retrieved, if this is different from your preference, it may be due to current file availability.
2022-04-26T15:13:17 prefetch.2.11.2:  Downloading via HTTPS...
2022-04-26T15:23:05 prefetch.2.11.2:  HTTPS download succeed
2022-04-26T15:23:05 prefetch.2.11.2:   verifying 'SRR12681018'...
2022-04-26T15:25:15 prefetch.2.11.2:  'SRR12681018' is valid
2022-04-26T15:25:15 prefetch.2.11.2: 1) 'SRR12681018' was downloaded successfully
2022-04-26T15:25:15 prefetch.2.11.2: 'SRR12681018' has 0 unresolved dependencies
slurmstepd: error: *** JOB 8264307 ON fijinode-60 CANCELLED AT 2022-04-26T14:47:05 ***
