/scratch/Shares/layer/workspace/devin_sra/sv_step/align_src
fijinode-02
Sun Apr 24 11:59:36 MDT 2022
ERR4351466

Read 196938915 spots for ERR4351466
Written 196938915 spots for ERR4351466
ERR4351496

Read 256119589 spots for ERR4351496
Written 256119589 spots for ERR4351496
ERR4351516

Read 240100167 spots for ERR4351516
Written 240100167 spots for ERR4351516
ERR571464

Read 317463320 spots for ERR571464
Written 317463320 spots for ERR571464
SRR5827420

Read 268402688 spots for SRR5827420
Written 268402688 spots for SRR5827420
SRR9671994

Read 196748077 spots for SRR9671994
Written 196748077 spots for SRR9671994
ERR4337735

Read 221676963 spots for ERR4337735
Written 221676963 spots for ERR4337735
ERR4350082

Read 210686761 spots for ERR4350082
Written 210686761 spots for ERR4350082
