/scratch/Shares/layer/workspace/devin_sra/sv_step/align_src
fijinode-50
Sun Apr 24 11:59:36 MDT 2022
ERR4349369

Read 195647263 spots for ERR4349369
Written 195647263 spots for ERR4349369
ERR4350105

Read 197892965 spots for ERR4350105
Written 197892965 spots for ERR4350105
ERR4351044

Read 231834678 spots for ERR4351044
Written 231834678 spots for ERR4351044
ERR4351378

Read 202362491 spots for ERR4351378
Written 202362491 spots for ERR4351378
ERR4351462

Read 246350017 spots for ERR4351462
Written 246350017 spots for ERR4351462
ERR4351488

Read 194232239 spots for ERR4351488
Written 194232239 spots for ERR4351488
ERR4351512

Read 219841013 spots for ERR4351512
Written 219841013 spots for ERR4351512
ERR4351526

Read 346459637 spots for ERR4351526
Written 346459637 spots for ERR4351526
