2022-04-24T17:59:46 prefetch.2.11.2: Current preference is set to retrieve SRA Normalized Format files with full base quality scores.
2022-04-24T17:59:46 prefetch.2.11.2: 1) Downloading 'ERR4350087'...
2022-04-24T17:59:46 prefetch.2.11.2: SRA Normalized Format file is being retrieved, if this is different from your preference, it may be due to current file availability.
2022-04-24T17:59:46 prefetch.2.11.2:  Downloading via HTTPS...
2022-04-24T18:50:36 prefetch.2.11.2:  HTTPS download succeed
2022-04-24T18:50:36 prefetch.2.11.2:   verifying 'ERR4350087'...
2022-04-24T18:53:19 prefetch.2.11.2:  'ERR4350087' is valid
2022-04-24T18:53:19 prefetch.2.11.2: 1) 'ERR4350087' was downloaded successfully
2022-04-24T18:53:19 prefetch.2.11.2: 'ERR4350087' has 0 unresolved dependencies
[bam_sort_core] merging from 192 files and 16 in-memory blocks...
rm: cannot remove ‘data/bams/ERR4350087.bam’: No such file or directory
rm: cannot remove ‘data/fastqs/ERR4350087_1.fastq’: No such file or directory
rm: cannot remove ‘data/fastqs/ERR4350087_2.fastq’: No such file or directory
2022-04-25T00:47:00 prefetch.2.11.2: Current preference is set to retrieve SRA Normalized Format files with full base quality scores.
2022-04-25T00:47:01 prefetch.2.11.2: 1) Downloading 'ERR4351332'...
2022-04-25T00:47:01 prefetch.2.11.2: SRA Normalized Format file is being retrieved, if this is different from your preference, it may be due to current file availability.
2022-04-25T00:47:01 prefetch.2.11.2:  Downloading via HTTPS...
2022-04-25T00:58:18 prefetch.2.11.2:  HTTPS download succeed
2022-04-25T00:58:18 prefetch.2.11.2:   verifying 'ERR4351332'...
2022-04-25T01:01:17 prefetch.2.11.2:  'ERR4351332' is valid
2022-04-25T01:01:17 prefetch.2.11.2: 1) 'ERR4351332' was downloaded successfully
2022-04-25T01:01:17 prefetch.2.11.2: 'ERR4351332' has 0 unresolved dependencies
[bam_sort_core] merging from 192 files and 16 in-memory blocks...
rm: cannot remove ‘data/bams/ERR4351332.bam’: No such file or directory
rm: cannot remove ‘data/fastqs/ERR4351332_1.fastq’: No such file or directory
rm: cannot remove ‘data/fastqs/ERR4351332_2.fastq’: No such file or directory
2022-04-25T07:24:12 prefetch.2.11.2: Current preference is set to retrieve SRA Normalized Format files with full base quality scores.
2022-04-25T07:24:12 prefetch.2.11.2: 1) Downloading 'ERR4351472'...
2022-04-25T07:24:12 prefetch.2.11.2: SRA Normalized Format file is being retrieved, if this is different from your preference, it may be due to current file availability.
2022-04-25T07:24:12 prefetch.2.11.2:  Downloading via HTTPS...
2022-04-25T07:32:56 prefetch.2.11.2:  HTTPS download succeed
2022-04-25T07:32:56 prefetch.2.11.2:   verifying 'ERR4351472'...
2022-04-25T07:37:21 prefetch.2.11.2:  'ERR4351472' is valid
2022-04-25T07:37:21 prefetch.2.11.2: 1) 'ERR4351472' was downloaded successfully
2022-04-25T07:37:21 prefetch.2.11.2: 'ERR4351472' has 0 unresolved dependencies
[bam_sort_core] merging from 224 files and 16 in-memory blocks...
rm: cannot remove ‘data/bams/ERR4351472.bam’: No such file or directory
rm: cannot remove ‘data/fastqs/ERR4351472_1.fastq’: No such file or directory
rm: cannot remove ‘data/fastqs/ERR4351472_2.fastq’: No such file or directory
2022-04-25T15:53:21 prefetch.2.11.2: Current preference is set to retrieve SRA Normalized Format files with full base quality scores.
2022-04-25T15:53:23 prefetch.2.11.2: 1) Downloading 'ERR4351502'...
2022-04-25T15:53:23 prefetch.2.11.2: SRA Normalized Format file is being retrieved, if this is different from your preference, it may be due to current file availability.
2022-04-25T15:53:23 prefetch.2.11.2:  Downloading via HTTPS...
2022-04-25T17:44:50 prefetch.2.11.2:  HTTPS download succeed
2022-04-25T17:44:50 prefetch.2.11.2:   verifying 'ERR4351502'...
2022-04-25T17:51:46 prefetch.2.11.2:  'ERR4351502' is valid
2022-04-25T17:51:46 prefetch.2.11.2: 1) 'ERR4351502' was downloaded successfully
2022-04-25T17:51:46 prefetch.2.11.2: 'ERR4351502' has 0 unresolved dependencies
[bam_sort_core] merging from 208 files and 16 in-memory blocks...
rm: cannot remove ‘data/bams/ERR4351502.bam’: No such file or directory
rm: cannot remove ‘data/fastqs/ERR4351502_1.fastq’: No such file or directory
rm: cannot remove ‘data/fastqs/ERR4351502_2.fastq’: No such file or directory
2022-04-26T01:34:32 prefetch.2.11.2: Current preference is set to retrieve SRA Normalized Format files with full base quality scores.
2022-04-26T01:34:32 prefetch.2.11.2: 1) Downloading 'ERR4351520'...
2022-04-26T01:34:32 prefetch.2.11.2: SRA Normalized Format file is being retrieved, if this is different from your preference, it may be due to current file availability.
2022-04-26T01:34:32 prefetch.2.11.2:  Downloading via HTTPS...
2022-04-26T01:43:37 prefetch.2.11.2:  HTTPS download succeed
2022-04-26T01:43:37 prefetch.2.11.2:   verifying 'ERR4351520'...
2022-04-26T01:46:31 prefetch.2.11.2:  'ERR4351520' is valid
2022-04-26T01:46:31 prefetch.2.11.2: 1) 'ERR4351520' was downloaded successfully
2022-04-26T01:46:31 prefetch.2.11.2: 'ERR4351520' has 0 unresolved dependencies
[bam_sort_core] merging from 240 files and 16 in-memory blocks...
rm: cannot remove ‘data/bams/ERR4351520.bam’: No such file or directory
rm: cannot remove ‘data/fastqs/ERR4351520_1.fastq’: No such file or directory
rm: cannot remove ‘data/fastqs/ERR4351520_2.fastq’: No such file or directory
2022-04-26T08:48:35 prefetch.2.11.2: Current preference is set to retrieve SRA Normalized Format files with full base quality scores.
2022-04-26T08:48:35 prefetch.2.11.2: 1) Downloading 'SRR10303811'...
2022-04-26T08:48:35 prefetch.2.11.2: SRA Normalized Format file is being retrieved, if this is different from your preference, it may be due to current file availability.
2022-04-26T08:48:35 prefetch.2.11.2:  Downloading via HTTPS...
2022-04-26T08:59:14 prefetch.2.11.2:  HTTPS download succeed
2022-04-26T08:59:14 prefetch.2.11.2:   verifying 'SRR10303811'...
2022-04-26T09:01:34 prefetch.2.11.2:  'SRR10303811' is valid
2022-04-26T09:01:34 prefetch.2.11.2: 1) 'SRR10303811' was downloaded successfully
2022-04-26T09:01:34 prefetch.2.11.2: 'SRR10303811' has 0 unresolved dependencies
[bam_sort_core] merging from 208 files and 16 in-memory blocks...
rm: cannot remove ‘data/bams/SRR10303811.bam’: No such file or directory
rm: cannot remove ‘data/fastqs/SRR10303811_1.fastq’: No such file or directory
rm: cannot remove ‘data/fastqs/SRR10303811_2.fastq’: No such file or directory
2022-04-26T14:31:37 prefetch.2.11.2: Current preference is set to retrieve SRA Normalized Format files with full base quality scores.
2022-04-26T14:31:37 prefetch.2.11.2: 1) Downloading 'SRR12681012'...
2022-04-26T14:31:37 prefetch.2.11.2: SRA Normalized Format file is being retrieved, if this is different from your preference, it may be due to current file availability.
2022-04-26T14:31:37 prefetch.2.11.2:  Downloading via HTTPS...
2022-04-26T14:46:09 prefetch.2.11.2:  HTTPS download succeed
2022-04-26T14:46:09 prefetch.2.11.2:   verifying 'SRR12681012'...
2022-04-26T14:49:43 prefetch.2.11.2:  'SRR12681012' is valid
2022-04-26T14:49:43 prefetch.2.11.2: 1) 'SRR12681012' was downloaded successfully
2022-04-26T14:49:43 prefetch.2.11.2: 'SRR12681012' has 0 unresolved dependencies
slurmstepd: error: *** JOB 8264311 ON fijinode-49 CANCELLED AT 2022-04-26T14:48:14 ***
