2022-04-24T17:59:46 prefetch.2.11.2: Current preference is set to retrieve SRA Normalized Format files with full base quality scores.
2022-04-24T17:59:46 prefetch.2.11.2: 1) Downloading 'SRR3041436'...
2022-04-24T17:59:46 prefetch.2.11.2: SRA Normalized Format file is being retrieved, if this is different from your preference, it may be due to current file availability.
2022-04-24T17:59:46 prefetch.2.11.2:  Downloading via HTTPS...
2022-04-24T18:21:49 prefetch.2.11.2:  HTTPS download succeed
2022-04-24T18:21:49 prefetch.2.11.2:   verifying 'SRR3041436'...
2022-04-24T18:23:06 prefetch.2.11.2:  'SRR3041436' is valid
2022-04-24T18:23:06 prefetch.2.11.2: 1) 'SRR3041436' was downloaded successfully
2022-04-24T18:23:06 prefetch.2.11.2: 'SRR3041436' has 0 unresolved dependencies
[bam_sort_core] merging from 192 files and 16 in-memory blocks...
rm: cannot remove ‘data/bams/SRR3041436.bam’: No such file or directory
rm: cannot remove ‘data/fastqs/SRR3041436_1.fastq’: No such file or directory
rm: cannot remove ‘data/fastqs/SRR3041436_2.fastq’: No such file or directory
2022-04-24T22:46:42 prefetch.2.11.2: Current preference is set to retrieve SRA Normalized Format files with full base quality scores.
2022-04-24T22:46:43 prefetch.2.11.2: 1) Downloading 'ERR4349110'...
2022-04-24T22:46:43 prefetch.2.11.2: SRA Normalized Format file is being retrieved, if this is different from your preference, it may be due to current file availability.
2022-04-24T22:46:43 prefetch.2.11.2:  Downloading via HTTPS...
2022-04-24T22:57:30 prefetch.2.11.2:  HTTPS download succeed
2022-04-24T22:57:30 prefetch.2.11.2:   verifying 'ERR4349110'...
2022-04-24T23:01:26 prefetch.2.11.2:  'ERR4349110' is valid
2022-04-24T23:01:26 prefetch.2.11.2: 1) 'ERR4349110' was downloaded successfully
2022-04-24T23:01:26 prefetch.2.11.2: 'ERR4349110' has 0 unresolved dependencies
[bam_sort_core] merging from 224 files and 16 in-memory blocks...
rm: cannot remove ‘data/bams/ERR4349110.bam’: No such file or directory
rm: cannot remove ‘data/fastqs/ERR4349110_1.fastq’: No such file or directory
rm: cannot remove ‘data/fastqs/ERR4349110_2.fastq’: No such file or directory
2022-04-25T05:47:34 prefetch.2.11.2: Current preference is set to retrieve SRA Normalized Format files with full base quality scores.
2022-04-25T05:47:34 prefetch.2.11.2: 1) Downloading 'ERR4350104'...
2022-04-25T05:47:34 prefetch.2.11.2: SRA Normalized Format file is being retrieved, if this is different from your preference, it may be due to current file availability.
2022-04-25T05:47:34 prefetch.2.11.2:  Downloading via HTTPS...
2022-04-25T05:56:31 prefetch.2.11.2:  HTTPS download succeed
2022-04-25T05:56:31 prefetch.2.11.2:   verifying 'ERR4350104'...
2022-04-25T05:59:04 prefetch.2.11.2:  'ERR4350104' is valid
2022-04-25T05:59:04 prefetch.2.11.2: 1) 'ERR4350104' was downloaded successfully
2022-04-25T05:59:04 prefetch.2.11.2: 'ERR4350104' has 0 unresolved dependencies
[bam_sort_core] merging from 192 files and 16 in-memory blocks...
rm: cannot remove ‘data/bams/ERR4350104.bam’: No such file or directory
rm: cannot remove ‘data/fastqs/ERR4350104_1.fastq’: No such file or directory
rm: cannot remove ‘data/fastqs/ERR4350104_2.fastq’: No such file or directory
2022-04-25T12:13:59 prefetch.2.11.2: Current preference is set to retrieve SRA Normalized Format files with full base quality scores.
2022-04-25T12:14:00 prefetch.2.11.2: 1) Downloading 'ERR4351362'...
2022-04-25T12:14:00 prefetch.2.11.2: SRA Normalized Format file is being retrieved, if this is different from your preference, it may be due to current file availability.
2022-04-25T12:14:00 prefetch.2.11.2:  Downloading via HTTPS...
2022-04-25T12:26:16 prefetch.2.11.2:  HTTPS download succeed
2022-04-25T12:26:16 prefetch.2.11.2:   verifying 'ERR4351362'...
2022-04-25T12:29:28 prefetch.2.11.2:  'ERR4351362' is valid
2022-04-25T12:29:28 prefetch.2.11.2: 1) 'ERR4351362' was downloaded successfully
2022-04-25T12:29:28 prefetch.2.11.2: 'ERR4351362' has 0 unresolved dependencies
[bam_sort_core] merging from 192 files and 16 in-memory blocks...
rm: cannot remove ‘data/bams/ERR4351362.bam’: No such file or directory
rm: cannot remove ‘data/fastqs/ERR4351362_1.fastq’: No such file or directory
rm: cannot remove ‘data/fastqs/ERR4351362_2.fastq’: No such file or directory
2022-04-25T18:28:14 prefetch.2.11.2: Current preference is set to retrieve SRA Normalized Format files with full base quality scores.
2022-04-25T18:28:15 prefetch.2.11.2: 1) Downloading 'ERR4351461'...
2022-04-25T18:28:15 prefetch.2.11.2: SRA Normalized Format file is being retrieved, if this is different from your preference, it may be due to current file availability.
2022-04-25T18:28:15 prefetch.2.11.2:  Downloading via HTTPS...
2022-04-26T01:03:56 prefetch.2.11.2:  HTTPS download succeed
2022-04-26T01:03:56 prefetch.2.11.2:   verifying 'ERR4351461'...
2022-04-26T01:06:35 prefetch.2.11.2:  'ERR4351461' is valid
2022-04-26T01:06:35 prefetch.2.11.2: 1) 'ERR4351461' was downloaded successfully
2022-04-26T01:06:35 prefetch.2.11.2: 'ERR4351461' has 0 unresolved dependencies
[bam_sort_core] merging from 176 files and 16 in-memory blocks...
rm: cannot remove ‘data/bams/ERR4351461.bam’: No such file or directory
rm: cannot remove ‘data/fastqs/ERR4351461_1.fastq’: No such file or directory
rm: cannot remove ‘data/fastqs/ERR4351461_2.fastq’: No such file or directory
2022-04-26T07:01:58 prefetch.2.11.2: Current preference is set to retrieve SRA Normalized Format files with full base quality scores.
2022-04-26T07:01:58 prefetch.2.11.2: 1) Downloading 'ERR4351485'...
2022-04-26T07:01:58 prefetch.2.11.2: SRA Normalized Format file is being retrieved, if this is different from your preference, it may be due to current file availability.
2022-04-26T07:01:58 prefetch.2.11.2:  Downloading via HTTPS...
2022-04-26T07:15:37 prefetch.2.11.2:  HTTPS download succeed
2022-04-26T07:15:37 prefetch.2.11.2:   verifying 'ERR4351485'...
2022-04-26T07:18:50 prefetch.2.11.2:  'ERR4351485' is valid
2022-04-26T07:18:50 prefetch.2.11.2: 1) 'ERR4351485' was downloaded successfully
2022-04-26T07:18:50 prefetch.2.11.2: 'ERR4351485' has 0 unresolved dependencies
[bam_sort_core] merging from 208 files and 16 in-memory blocks...
rm: cannot remove ‘data/bams/ERR4351485.bam’: No such file or directory
rm: cannot remove ‘data/fastqs/ERR4351485_1.fastq’: No such file or directory
rm: cannot remove ‘data/fastqs/ERR4351485_2.fastq’: No such file or directory
2022-04-26T13:25:17 prefetch.2.11.2: Current preference is set to retrieve SRA Normalized Format files with full base quality scores.
2022-04-26T13:25:17 prefetch.2.11.2: 1) Downloading 'ERR4351511'...
2022-04-26T13:25:17 prefetch.2.11.2: SRA Normalized Format file is being retrieved, if this is different from your preference, it may be due to current file availability.
2022-04-26T13:25:17 prefetch.2.11.2:  Downloading via HTTPS...
2022-04-26T13:35:04 prefetch.2.11.2:  HTTPS download succeed
2022-04-26T13:35:04 prefetch.2.11.2:   verifying 'ERR4351511'...
2022-04-26T13:38:19 prefetch.2.11.2:  'ERR4351511' is valid
2022-04-26T13:38:19 prefetch.2.11.2: 1) 'ERR4351511' was downloaded successfully
2022-04-26T13:38:19 prefetch.2.11.2: 'ERR4351511' has 0 unresolved dependencies
[bam_sort_core] merging from 208 files and 16 in-memory blocks...
rm: cannot remove ‘data/bams/ERR4351511.bam’: No such file or directory
rm: cannot remove ‘data/fastqs/ERR4351511_1.fastq’: No such file or directory
rm: cannot remove ‘data/fastqs/ERR4351511_2.fastq’: No such file or directory
2022-04-26T19:42:09 prefetch.2.11.2: Current preference is set to retrieve SRA Normalized Format files with full base quality scores.
2022-04-26T19:42:09 prefetch.2.11.2: 1) Downloading 'SRR12532402'...
2022-04-26T19:42:09 prefetch.2.11.2: SRA Normalized Format file is being retrieved, if this is different from your preference, it may be due to current file availability.
2022-04-26T19:42:09 prefetch.2.11.2:  Downloading via HTTPS...
2022-04-26T19:58:55 prefetch.2.11.2:  HTTPS download succeed
2022-04-26T19:58:55 prefetch.2.11.2:   verifying 'SRR12532402'...
2022-04-26T20:04:35 prefetch.2.11.2:  'SRR12532402' is valid
2022-04-26T20:04:35 prefetch.2.11.2: 1) 'SRR12532402' was downloaded successfully
2022-04-26T20:04:35 prefetch.2.11.2: 'SRR12532402' has 0 unresolved dependencies
slurmstepd: error: *** JOB 8264315 ON fijinode-50 CANCELLED AT 2022-04-26T14:48:52 ***
2022-04-26T20:48:52 fastq-dump.2.11.2 err: process canceled while executing process - failed SRR12532402
