/scratch/Shares/layer/workspace/devin_sra/sv_step/align_src
fijinode-59
Sun Apr 24 11:59:36 MDT 2022
SRR5827418

Read 269000963 spots for SRR5827418
Written 269000963 spots for SRR5827418
ERR2226340

Read 422455434 spots for ERR2226340
Written 422455434 spots for ERR2226340
ERR4349451

Read 191383859 spots for ERR4349451
Written 191383859 spots for ERR4349451
ERR4350107

Read 192840864 spots for ERR4350107
Written 192840864 spots for ERR4350107
ERR4351093

Read 209633949 spots for ERR4351093
Written 209633949 spots for ERR4351093
ERR4351386

Read 195953021 spots for ERR4351386
Written 195953021 spots for ERR4351386
ERR4351465

Read 199066825 spots for ERR4351465
Written 199066825 spots for ERR4351465
ERR4351492

Read 236903685 spots for ERR4351492
Written 236903685 spots for ERR4351492
