/scratch/Shares/layer/workspace/devin_sra/sv_step/align_src
fijinode-03
Sun Apr 24 11:59:36 MDT 2022
ERR4349374

Read 192733628 spots for ERR4349374
Written 192733628 spots for ERR4349374
ERR4350106

Read 207470216 spots for ERR4350106
Written 207470216 spots for ERR4350106
ERR4351078

Read 254625156 spots for ERR4351078
Written 254625156 spots for ERR4351078
ERR4351380

Read 203341979 spots for ERR4351380
Written 203341979 spots for ERR4351380
ERR4351464

Read 239431575 spots for ERR4351464
Written 239431575 spots for ERR4351464
ERR4351491

Read 275105168 spots for ERR4351491
Written 275105168 spots for ERR4351491
ERR4351514

Read 273287822 spots for ERR4351514
Written 273287822 spots for ERR4351514
SRR12532404

Read 484393043 spots for SRR12532404
Written 484393043 spots for SRR12532404
