2022-04-24T17:59:46 prefetch.2.11.2: Current preference is set to retrieve SRA Normalized Format files with full base quality scores.
2022-04-24T17:59:46 prefetch.2.11.2: 1) Downloading 'SRR12681028'...
2022-04-24T17:59:46 prefetch.2.11.2: SRA Normalized Format file is being retrieved, if this is different from your preference, it may be due to current file availability.
2022-04-24T17:59:46 prefetch.2.11.2:  Downloading via HTTPS...
2022-04-24T18:50:39 prefetch.2.11.2:  HTTPS download succeed
2022-04-24T18:50:39 prefetch.2.11.2:   verifying 'SRR12681028'...
2022-04-24T18:53:21 prefetch.2.11.2:  'SRR12681028' is valid
2022-04-24T18:53:21 prefetch.2.11.2: 1) 'SRR12681028' was downloaded successfully
2022-04-24T18:53:21 prefetch.2.11.2: 'SRR12681028' has 0 unresolved dependencies
[bam_sort_core] merging from 304 files and 16 in-memory blocks...
rm: cannot remove ‘data/bams/SRR12681028.bam’: No such file or directory
rm: cannot remove ‘data/fastqs/SRR12681028_1.fastq’: No such file or directory
rm: cannot remove ‘data/fastqs/SRR12681028_2.fastq’: No such file or directory
2022-04-25T02:51:27 prefetch.2.11.2: Current preference is set to retrieve SRA Normalized Format files with full base quality scores.
2022-04-25T02:51:28 prefetch.2.11.2: 1) Downloading 'SRR5827417'...
2022-04-25T02:51:28 prefetch.2.11.2: SRA Normalized Format file is being retrieved, if this is different from your preference, it may be due to current file availability.
2022-04-25T02:51:28 prefetch.2.11.2:  Downloading via HTTPS...
2022-04-25T03:06:32 prefetch.2.11.2:  HTTPS download succeed
2022-04-25T03:06:32 prefetch.2.11.2:   verifying 'SRR5827417'...
2022-04-25T03:09:24 prefetch.2.11.2:  'SRR5827417' is valid
2022-04-25T03:09:24 prefetch.2.11.2: 1) 'SRR5827417' was downloaded successfully
[bam_sort_core] merging from 208 files and 16 in-memory blocks...
rm: cannot remove ‘data/bams/SRR5827417.bam’: No such file or directory
rm: cannot remove ‘data/fastqs/SRR5827417_1.fastq’: No such file or directory
rm: cannot remove ‘data/fastqs/SRR5827417_2.fastq’: No such file or directory
