/scratch/Shares/layer/workspace/devin_sra/sv_step/align_src
fijinode-50
Sun Apr 24 11:59:36 MDT 2022
ERR4351295

Read 218242387 spots for ERR4351295
Written 218242387 spots for ERR4351295
ERR4351410

Read 202087813 spots for ERR4351410
Written 202087813 spots for ERR4351410
ERR4351470

ERR4351497

Read 255279427 spots for ERR4351497
Written 255279427 spots for ERR4351497
ERR4351517

Read 283120181 spots for ERR4351517
Written 283120181 spots for ERR4351517
SRR12532408

Read 404319713 spots for SRR12532408
Written 404319713 spots for SRR12532408
SRR5827421

Read 266871657 spots for SRR5827421
Written 266871657 spots for SRR5827421
ERR4339391

Read 214924783 spots for ERR4339391
Written 214924783 spots for ERR4339391
ERR4350083

Read 190512885 spots for ERR4350083
Written 190512885 spots for ERR4350083
