2022-04-24T17:59:46 prefetch.2.11.2: Current preference is set to retrieve SRA Normalized Format files with full base quality scores.
2022-04-24T17:59:46 prefetch.2.11.2: 1) Downloading 'ERR4368125'...
2022-04-24T17:59:46 prefetch.2.11.2: SRA Normalized Format file is being retrieved, if this is different from your preference, it may be due to current file availability.
2022-04-24T17:59:46 prefetch.2.11.2:  Downloading via HTTPS...
2022-04-24T18:48:36 prefetch.2.11.2:  HTTPS download succeed
2022-04-24T18:48:36 prefetch.2.11.2:   verifying 'ERR4368125'...
2022-04-24T18:51:26 prefetch.2.11.2:  'ERR4368125' is valid
2022-04-24T18:51:26 prefetch.2.11.2: 1) 'ERR4368125' was downloaded successfully
2022-04-24T18:51:26 prefetch.2.11.2: 'ERR4368125' has 0 unresolved dependencies
[bam_sort_core] merging from 176 files and 16 in-memory blocks...
rm: cannot remove ‘data/bams/ERR4368125.bam’: No such file or directory
rm: cannot remove ‘data/fastqs/ERR4368125_1.fastq’: No such file or directory
rm: cannot remove ‘data/fastqs/ERR4368125_2.fastq’: No such file or directory
2022-04-25T00:41:34 prefetch.2.11.2: Current preference is set to retrieve SRA Normalized Format files with full base quality scores.
2022-04-25T00:41:35 prefetch.2.11.2: 1) Downloading 'SRR12532405'...
2022-04-25T00:41:35 prefetch.2.11.2: SRA Normalized Format file is being retrieved, if this is different from your preference, it may be due to current file availability.
2022-04-25T00:41:35 prefetch.2.11.2:  Downloading via HTTPS...
2022-04-25T00:58:35 prefetch.2.11.2:  HTTPS download succeed
2022-04-25T00:58:35 prefetch.2.11.2:   verifying 'SRR12532405'...
2022-04-25T01:03:46 prefetch.2.11.2:  'SRR12532405' is valid
2022-04-25T01:03:46 prefetch.2.11.2: 1) 'SRR12532405' was downloaded successfully
2022-04-25T01:03:46 prefetch.2.11.2: 'SRR12532405' has 0 unresolved dependencies
[bam_sort_core] merging from 512 files and 16 in-memory blocks...
rm: cannot remove ‘data/bams/SRR12532405.bam’: No such file or directory
rm: cannot remove ‘data/fastqs/SRR12532405_1.fastq’: No such file or directory
rm: cannot remove ‘data/fastqs/SRR12532405_2.fastq’: No such file or directory
2022-04-25T15:01:41 prefetch.2.11.2: Current preference is set to retrieve SRA Normalized Format files with full base quality scores.
2022-04-25T15:01:41 prefetch.2.11.2: 1) Downloading 'SRR13091899'...
2022-04-25T15:01:41 prefetch.2.11.2: SRA Normalized Format file is being retrieved, if this is different from your preference, it may be due to current file availability.
2022-04-25T15:01:41 prefetch.2.11.2:  Downloading via HTTPS...
2022-04-25T15:10:34 prefetch.2.11.2:  HTTPS download succeed
2022-04-25T15:10:34 prefetch.2.11.2:   verifying 'SRR13091899'...
2022-04-25T15:13:19 prefetch.2.11.2:  'SRR13091899' is valid
2022-04-25T15:13:19 prefetch.2.11.2: 1) 'SRR13091899' was downloaded successfully
2022-04-25T15:13:19 prefetch.2.11.2: 'SRR13091899' has 0 unresolved dependencies
[bam_sort_core] merging from 176 files and 16 in-memory blocks...
rm: cannot remove ‘data/bams/SRR13091899.bam’: No such file or directory
rm: cannot remove ‘data/fastqs/SRR13091899_1.fastq’: No such file or directory
rm: cannot remove ‘data/fastqs/SRR13091899_2.fastq’: No such file or directory
2022-04-25T22:32:01 prefetch.2.11.2: Current preference is set to retrieve SRA Normalized Format files with full base quality scores.
2022-04-25T22:32:02 prefetch.2.11.2: 1) Downloading 'SRR5827419'...
2022-04-25T22:32:02 prefetch.2.11.2: SRA Normalized Format file is being retrieved, if this is different from your preference, it may be due to current file availability.
2022-04-25T22:32:02 prefetch.2.11.2:  Downloading via HTTPS...
2022-04-26T01:24:32 prefetch.2.11.2:  HTTPS download succeed
2022-04-26T01:24:32 prefetch.2.11.2:   verifying 'SRR5827419'...
2022-04-26T01:28:27 prefetch.2.11.2:  'SRR5827419' is valid
2022-04-26T01:28:27 prefetch.2.11.2: 1) 'SRR5827419' was downloaded successfully
[bam_sort_core] merging from 208 files and 16 in-memory blocks...
rm: cannot remove ‘data/bams/SRR5827419.bam’: No such file or directory
rm: cannot remove ‘data/fastqs/SRR5827419_1.fastq’: No such file or directory
rm: cannot remove ‘data/fastqs/SRR5827419_2.fastq’: No such file or directory
2022-04-26T07:51:43 prefetch.2.11.2: Current preference is set to retrieve SRA Normalized Format files with full base quality scores.
2022-04-26T07:51:43 prefetch.2.11.2: 1) Downloading 'ERR4335881'...
2022-04-26T07:51:43 prefetch.2.11.2: SRA Normalized Format file is being retrieved, if this is different from your preference, it may be due to current file availability.
2022-04-26T07:51:43 prefetch.2.11.2:  Downloading via HTTPS...
2022-04-26T08:00:43 prefetch.2.11.2:  HTTPS download succeed
2022-04-26T08:00:44 prefetch.2.11.2:   verifying 'ERR4335881'...
2022-04-26T08:03:51 prefetch.2.11.2:  'ERR4335881' is valid
2022-04-26T08:03:51 prefetch.2.11.2: 1) 'ERR4335881' was downloaded successfully
2022-04-26T08:03:51 prefetch.2.11.2: 'ERR4335881' has 0 unresolved dependencies
[bam_sort_core] merging from 192 files and 16 in-memory blocks...
rm: cannot remove ‘data/bams/ERR4335881.bam’: No such file or directory
rm: cannot remove ‘data/fastqs/ERR4335881_1.fastq’: No such file or directory
rm: cannot remove ‘data/fastqs/ERR4335881_2.fastq’: No such file or directory
2022-04-26T13:15:23 prefetch.2.11.2: Current preference is set to retrieve SRA Normalized Format files with full base quality scores.
2022-04-26T13:15:23 prefetch.2.11.2: 1) Downloading 'ERR4350081'...
2022-04-26T13:15:23 prefetch.2.11.2: SRA Normalized Format file is being retrieved, if this is different from your preference, it may be due to current file availability.
2022-04-26T13:15:23 prefetch.2.11.2:  Downloading via HTTPS...
2022-04-26T13:25:27 prefetch.2.11.2:  HTTPS download succeed
2022-04-26T13:25:27 prefetch.2.11.2:   verifying 'ERR4350081'...
2022-04-26T13:28:07 prefetch.2.11.2:  'ERR4350081' is valid
2022-04-26T13:28:07 prefetch.2.11.2: 1) 'ERR4350081' was downloaded successfully
2022-04-26T13:28:07 prefetch.2.11.2: 'ERR4350081' has 0 unresolved dependencies
[bam_sort_core] merging from 176 files and 16 in-memory blocks...
rm: cannot remove ‘data/bams/ERR4350081.bam’: No such file or directory
rm: cannot remove ‘data/fastqs/ERR4350081_1.fastq’: No such file or directory
rm: cannot remove ‘data/fastqs/ERR4350081_2.fastq’: No such file or directory
2022-04-26T18:37:55 prefetch.2.11.2: Current preference is set to retrieve SRA Normalized Format files with full base quality scores.
2022-04-26T18:37:55 prefetch.2.11.2: 1) Downloading 'ERR4350108'...
2022-04-26T18:37:55 prefetch.2.11.2: SRA Normalized Format file is being retrieved, if this is different from your preference, it may be due to current file availability.
2022-04-26T18:37:55 prefetch.2.11.2:  Downloading via HTTPS...
2022-04-26T18:45:47 prefetch.2.11.2:  HTTPS download succeed
2022-04-26T18:45:47 prefetch.2.11.2:   verifying 'ERR4350108'...
2022-04-26T18:50:20 prefetch.2.11.2:  'ERR4350108' is valid
2022-04-26T18:50:20 prefetch.2.11.2: 1) 'ERR4350108' was downloaded successfully
2022-04-26T18:50:20 prefetch.2.11.2: 'ERR4350108' has 0 unresolved dependencies
slurmstepd: error: *** JOB 8264312 ON fijinode-49 CANCELLED AT 2022-04-26T14:48:15 ***
