Building DAG of jobs...
Creating conda environment sv_pipe/src/envs/smoove.yaml...
Downloading and installing remote packages.
Environment for sv_pipe/src/envs/smoove.yaml created (location: sv_results/snakemake-conda/2569facf81f9a8b701f5dc78534d4ddf)
Creating conda environment sv_pipe/src/envs/mosdepth.yaml...
Downloading and installing remote packages.
Environment for sv_pipe/src/envs/mosdepth.yaml created (location: sv_results/snakemake-conda/fb54a7b50dbaf69849f828725b17b631)
Creating conda environment sv_pipe/src/envs/bedtools.yaml...
Downloading and installing remote packages.
Environment for sv_pipe/src/envs/bedtools.yaml created (location: sv_results/snakemake-conda/d3c944d02f501ed13d3c162abc46ab2e)
Creating conda environment sv_pipe/src/envs/biopython.yaml...
Downloading and installing remote packages.
Environment for sv_pipe/src/envs/biopython.yaml created (location: sv_results/snakemake-conda/c6e4c93014a7b9665befbcb33e1d3642)
Using shell: /usr/bin/bash
Provided cores: 18
Rules claiming more threads will be scaled down.
Provided resources: disk_mb=700000
Job stats:
job               count    min threads    max threads
--------------  -------  -------------  -------------
AllCall               1              1              1
ExcludeRegions        5              1              1
GapRegions            1             18             18
GetData               5              1              1
GetHighCov            5              1              1
GetReference          1              1              1
Mosdepth              5              1              1
SmooveCall            5              1              1
SmooveMerge           1              1              1
total                29              1             18

Select jobs to execute...

[Fri Nov 12 17:44:29 2021]
checkpoint GetData:
    output: /scratch/Shares/layer/workspace/devin_sra/sv_step/sv_results/data/SRR11780527.sorted.bam, /scratch/Shares/layer/workspace/devin_sra/sv_step/sv_results/data/SRR11780527.sorted.bam.bai
    log: /scratch/Shares/layer/workspace/devin_sra/sv_step/sv_results/data/log/SRR11780527.sorted.get_data.log
    jobid: 15
    wildcards: sample=SRR11780527.sorted
    resources: tmpdir=/tmp, disk_mb=16842
Downstream jobs will be updated after completion.


[Fri Nov 12 17:44:29 2021]
rule GetReference:
    output: /scratch/Shares/layer/workspace/devin_sra/sv_step/sv_results/data/ref/ref.fa, /scratch/Shares/layer/workspace/devin_sra/sv_step/sv_results/data/ref/ref.fa.fai
    log: /scratch/Shares/layer/workspace/devin_sra/sv_step/sv_results/data/log/get_reference.log
    jobid: 2
    resources: tmpdir=/tmp


[Fri Nov 12 17:44:29 2021]
checkpoint GetData:
    output: /scratch/Shares/layer/workspace/devin_sra/sv_step/sv_results/data/SRR11777081.sorted.bam, /scratch/Shares/layer/workspace/devin_sra/sv_step/sv_results/data/SRR11777081.sorted.bam.bai
    log: /scratch/Shares/layer/workspace/devin_sra/sv_step/sv_results/data/log/SRR11777081.sorted.get_data.log
    jobid: 4
    wildcards: sample=SRR11777081.sorted
    resources: tmpdir=/tmp, disk_mb=28539
Downstream jobs will be updated after completion.


[Fri Nov 12 17:44:29 2021]
checkpoint GetData:
    output: /scratch/Shares/layer/workspace/devin_sra/sv_step/sv_results/data/SRR4040040.sorted.bam, /scratch/Shares/layer/workspace/devin_sra/sv_step/sv_results/data/SRR4040040.sorted.bam.bai
    log: /scratch/Shares/layer/workspace/devin_sra/sv_step/sv_results/data/log/SRR4040040.sorted.get_data.log
    jobid: 20
    wildcards: sample=SRR4040040.sorted
    resources: tmpdir=/tmp, disk_mb=7541
Downstream jobs will be updated after completion.


[Fri Nov 12 17:44:30 2021]
checkpoint GetData:
    output: /scratch/Shares/layer/workspace/devin_sra/sv_step/sv_results/data/SRR4041813_2.sorted.bam, /scratch/Shares/layer/workspace/devin_sra/sv_step/sv_results/data/SRR4041813_2.sorted.bam.bai
    log: /scratch/Shares/layer/workspace/devin_sra/sv_step/sv_results/data/log/SRR4041813_2.sorted.get_data.log
    jobid: 25
    wildcards: sample=SRR4041813_2.sorted
    resources: tmpdir=/tmp, disk_mb=2550
Downstream jobs will be updated after completion.


[Fri Nov 12 17:44:30 2021]
checkpoint GetData:
    output: /scratch/Shares/layer/workspace/devin_sra/sv_step/sv_results/data/SRR11780525.sorted.bam, /scratch/Shares/layer/workspace/devin_sra/sv_step/sv_results/data/SRR11780525.sorted.bam.bai
    log: /scratch/Shares/layer/workspace/devin_sra/sv_step/sv_results/data/log/SRR11780525.sorted.get_data.log
    jobid: 10
    wildcards: sample=SRR11780525.sorted
    resources: tmpdir=/tmp, disk_mb=19424
Downstream jobs will be updated after completion.

[Fri Nov 12 17:45:57 2021]
Finished job 2.
1 of 29 steps (3%) done
Select jobs to execute...
[Fri Nov 12 17:46:42 2021]
Finished job 25.
2 of 29 steps (7%) done
Updating job Mosdepth.
Updating job SmooveCall.

[Fri Nov 12 17:46:42 2021]
rule Mosdepth:
    input: /scratch/Shares/layer/workspace/devin_sra/sv_step/sv_results/data/SRR4041813_2.sorted.bam, /scratch/Shares/layer/workspace/devin_sra/sv_step/sv_results/data/SRR4041813_2.sorted.bam.bai, /scratch/Shares/layer/workspace/devin_sra/sv_step/sv_results/data/ref/ref.fa, /scratch/Shares/layer/workspace/devin_sra/sv_step/sv_results/data/ref/ref.fa.fai
    output: /scratch/Shares/layer/workspace/devin_sra/sv_step/sv_results/data/SRR4041813_2.sorted/SRR4041813_2.sorted.mosdepth.global.dist.txt, /scratch/Shares/layer/workspace/devin_sra/sv_step/sv_results/data/SRR4041813_2.sorted/SRR4041813_2.sorted.mosdepth.summary.txt, /scratch/Shares/layer/workspace/devin_sra/sv_step/sv_results/data/SRR4041813_2.sorted/SRR4041813_2.sorted.mosdepth.region.dist.txt, /scratch/Shares/layer/workspace/devin_sra/sv_step/sv_results/data/SRR4041813_2.sorted/SRR4041813_2.sorted.regions.bed.gz
    jobid: 28
    wildcards: sample=SRR4041813_2.sorted
    resources: tmpdir=/tmp, disk_mb=2550

Activating conda environment: /scratch/Shares/layer/workspace/devin_sra/sv_step/sv_results/snakemake-conda/fb54a7b50dbaf69849f828725b17b631
Removing temporary output file /scratch/Shares/layer/workspace/devin_sra/sv_step/sv_results/data/SRR4041813_2.sorted/SRR4041813_2.sorted.mosdepth.global.dist.txt.
Removing temporary output file /scratch/Shares/layer/workspace/devin_sra/sv_step/sv_results/data/SRR4041813_2.sorted/SRR4041813_2.sorted.mosdepth.summary.txt.
Removing temporary output file /scratch/Shares/layer/workspace/devin_sra/sv_step/sv_results/data/SRR4041813_2.sorted/SRR4041813_2.sorted.mosdepth.region.dist.txt.
[Fri Nov 12 17:49:08 2021]
Finished job 28.
3 of 29 steps (10%) done
Select jobs to execute...

[Fri Nov 12 17:49:08 2021]
rule GetHighCov:
    input: /scratch/Shares/layer/workspace/devin_sra/sv_step/sv_results/data/SRR4041813_2.sorted/SRR4041813_2.sorted.regions.bed.gz
    output: /scratch/Shares/layer/workspace/devin_sra/sv_step/sv_results/data/SRR4041813_2.sorted/SRR4041813_2.sorted.high_cov.bed
    jobid: 27
    wildcards: sample=SRR4041813_2.sorted
    resources: tmpdir=/tmp, disk_mb=2550

Removing temporary output file /scratch/Shares/layer/workspace/devin_sra/sv_step/sv_results/data/SRR4041813_2.sorted/SRR4041813_2.sorted.regions.bed.gz.
[Fri Nov 12 17:49:30 2021]
Finished job 27.
4 of 29 steps (14%) done
Select jobs to execute...
[Fri Nov 12 17:49:53 2021]
Finished job 20.
5 of 29 steps (17%) done
Updating job Mosdepth.
Updating job SmooveCall.

[Fri Nov 12 17:49:54 2021]
rule Mosdepth:
    input: /scratch/Shares/layer/workspace/devin_sra/sv_step/sv_results/data/SRR4040040.sorted.bam, /scratch/Shares/layer/workspace/devin_sra/sv_step/sv_results/data/SRR4040040.sorted.bam.bai, /scratch/Shares/layer/workspace/devin_sra/sv_step/sv_results/data/ref/ref.fa, /scratch/Shares/layer/workspace/devin_sra/sv_step/sv_results/data/ref/ref.fa.fai
    output: /scratch/Shares/layer/workspace/devin_sra/sv_step/sv_results/data/SRR4040040.sorted/SRR4040040.sorted.mosdepth.global.dist.txt, /scratch/Shares/layer/workspace/devin_sra/sv_step/sv_results/data/SRR4040040.sorted/SRR4040040.sorted.mosdepth.summary.txt, /scratch/Shares/layer/workspace/devin_sra/sv_step/sv_results/data/SRR4040040.sorted/SRR4040040.sorted.mosdepth.region.dist.txt, /scratch/Shares/layer/workspace/devin_sra/sv_step/sv_results/data/SRR4040040.sorted/SRR4040040.sorted.regions.bed.gz
    jobid: 23
    wildcards: sample=SRR4040040.sorted
    resources: tmpdir=/tmp, disk_mb=7541

Activating conda environment: /scratch/Shares/layer/workspace/devin_sra/sv_step/sv_results/snakemake-conda/fb54a7b50dbaf69849f828725b17b631
[Fri Nov 12 17:53:41 2021]
Finished job 15.
6 of 29 steps (21%) done
Updating job Mosdepth.
Updating job SmooveCall.
Select jobs to execute...

[Fri Nov 12 17:53:42 2021]
rule Mosdepth:
    input: /scratch/Shares/layer/workspace/devin_sra/sv_step/sv_results/data/SRR11780527.sorted.bam, /scratch/Shares/layer/workspace/devin_sra/sv_step/sv_results/data/SRR11780527.sorted.bam.bai, /scratch/Shares/layer/workspace/devin_sra/sv_step/sv_results/data/ref/ref.fa, /scratch/Shares/layer/workspace/devin_sra/sv_step/sv_results/data/ref/ref.fa.fai
    output: /scratch/Shares/layer/workspace/devin_sra/sv_step/sv_results/data/SRR11780527.sorted/SRR11780527.sorted.mosdepth.global.dist.txt, /scratch/Shares/layer/workspace/devin_sra/sv_step/sv_results/data/SRR11780527.sorted/SRR11780527.sorted.mosdepth.summary.txt, /scratch/Shares/layer/workspace/devin_sra/sv_step/sv_results/data/SRR11780527.sorted/SRR11780527.sorted.mosdepth.region.dist.txt, /scratch/Shares/layer/workspace/devin_sra/sv_step/sv_results/data/SRR11780527.sorted/SRR11780527.sorted.regions.bed.gz
    jobid: 18
    wildcards: sample=SRR11780527.sorted
    resources: tmpdir=/tmp, disk_mb=16842

Activating conda environment: /scratch/Shares/layer/workspace/devin_sra/sv_step/sv_results/snakemake-conda/fb54a7b50dbaf69849f828725b17b631
[Fri Nov 12 17:54:10 2021]
Finished job 10.
7 of 29 steps (24%) done
Updating job Mosdepth.
Updating job SmooveCall.
Select jobs to execute...

[Fri Nov 12 17:54:11 2021]
rule Mosdepth:
    input: /scratch/Shares/layer/workspace/devin_sra/sv_step/sv_results/data/SRR11780525.sorted.bam, /scratch/Shares/layer/workspace/devin_sra/sv_step/sv_results/data/SRR11780525.sorted.bam.bai, /scratch/Shares/layer/workspace/devin_sra/sv_step/sv_results/data/ref/ref.fa, /scratch/Shares/layer/workspace/devin_sra/sv_step/sv_results/data/ref/ref.fa.fai
    output: /scratch/Shares/layer/workspace/devin_sra/sv_step/sv_results/data/SRR11780525.sorted/SRR11780525.sorted.mosdepth.global.dist.txt, /scratch/Shares/layer/workspace/devin_sra/sv_step/sv_results/data/SRR11780525.sorted/SRR11780525.sorted.mosdepth.summary.txt, /scratch/Shares/layer/workspace/devin_sra/sv_step/sv_results/data/SRR11780525.sorted/SRR11780525.sorted.mosdepth.region.dist.txt, /scratch/Shares/layer/workspace/devin_sra/sv_step/sv_results/data/SRR11780525.sorted/SRR11780525.sorted.regions.bed.gz
    jobid: 13
    wildcards: sample=SRR11780525.sorted
    resources: tmpdir=/tmp, disk_mb=19424

Activating conda environment: /scratch/Shares/layer/workspace/devin_sra/sv_step/sv_results/snakemake-conda/fb54a7b50dbaf69849f828725b17b631
Removing temporary output file /scratch/Shares/layer/workspace/devin_sra/sv_step/sv_results/data/SRR4040040.sorted/SRR4040040.sorted.mosdepth.global.dist.txt.
Removing temporary output file /scratch/Shares/layer/workspace/devin_sra/sv_step/sv_results/data/SRR4040040.sorted/SRR4040040.sorted.mosdepth.summary.txt.
Removing temporary output file /scratch/Shares/layer/workspace/devin_sra/sv_step/sv_results/data/SRR4040040.sorted/SRR4040040.sorted.mosdepth.region.dist.txt.
[Fri Nov 12 17:54:46 2021]
Finished job 23.
8 of 29 steps (28%) done
Select jobs to execute...

[Fri Nov 12 17:54:46 2021]
rule GetHighCov:
    input: /scratch/Shares/layer/workspace/devin_sra/sv_step/sv_results/data/SRR4040040.sorted/SRR4040040.sorted.regions.bed.gz
    output: /scratch/Shares/layer/workspace/devin_sra/sv_step/sv_results/data/SRR4040040.sorted/SRR4040040.sorted.high_cov.bed
    jobid: 22
    wildcards: sample=SRR4040040.sorted
    resources: tmpdir=/tmp, disk_mb=7541

Removing temporary output file /scratch/Shares/layer/workspace/devin_sra/sv_step/sv_results/data/SRR4040040.sorted/SRR4040040.sorted.regions.bed.gz.
[Fri Nov 12 17:55:10 2021]
Finished job 22.
9 of 29 steps (31%) done
Select jobs to execute...
[Fri Nov 12 17:55:34 2021]
Finished job 4.
10 of 29 steps (34%) done
Updating job Mosdepth.
Updating job SmooveCall.

[Fri Nov 12 17:55:34 2021]
rule Mosdepth:
    input: /scratch/Shares/layer/workspace/devin_sra/sv_step/sv_results/data/SRR11777081.sorted.bam, /scratch/Shares/layer/workspace/devin_sra/sv_step/sv_results/data/SRR11777081.sorted.bam.bai, /scratch/Shares/layer/workspace/devin_sra/sv_step/sv_results/data/ref/ref.fa, /scratch/Shares/layer/workspace/devin_sra/sv_step/sv_results/data/ref/ref.fa.fai
    output: /scratch/Shares/layer/workspace/devin_sra/sv_step/sv_results/data/SRR11777081.sorted/SRR11777081.sorted.mosdepth.global.dist.txt, /scratch/Shares/layer/workspace/devin_sra/sv_step/sv_results/data/SRR11777081.sorted/SRR11777081.sorted.mosdepth.summary.txt, /scratch/Shares/layer/workspace/devin_sra/sv_step/sv_results/data/SRR11777081.sorted/SRR11777081.sorted.mosdepth.region.dist.txt, /scratch/Shares/layer/workspace/devin_sra/sv_step/sv_results/data/SRR11777081.sorted/SRR11777081.sorted.regions.bed.gz
    jobid: 8
    wildcards: sample=SRR11777081.sorted
    resources: tmpdir=/tmp, disk_mb=28539

Activating conda environment: /scratch/Shares/layer/workspace/devin_sra/sv_step/sv_results/snakemake-conda/fb54a7b50dbaf69849f828725b17b631
Removing temporary output file /scratch/Shares/layer/workspace/devin_sra/sv_step/sv_results/data/SRR11780527.sorted/SRR11780527.sorted.mosdepth.global.dist.txt.
Removing temporary output file /scratch/Shares/layer/workspace/devin_sra/sv_step/sv_results/data/SRR11780527.sorted/SRR11780527.sorted.mosdepth.summary.txt.
Removing temporary output file /scratch/Shares/layer/workspace/devin_sra/sv_step/sv_results/data/SRR11780527.sorted/SRR11780527.sorted.mosdepth.region.dist.txt.
[Fri Nov 12 18:02:39 2021]
Finished job 18.
11 of 29 steps (38%) done
Select jobs to execute...

[Fri Nov 12 18:02:39 2021]
rule GetHighCov:
    input: /scratch/Shares/layer/workspace/devin_sra/sv_step/sv_results/data/SRR11780527.sorted/SRR11780527.sorted.regions.bed.gz
    output: /scratch/Shares/layer/workspace/devin_sra/sv_step/sv_results/data/SRR11780527.sorted/SRR11780527.sorted.high_cov.bed
    jobid: 17
    wildcards: sample=SRR11780527.sorted
    resources: tmpdir=/tmp, disk_mb=16842

Removing temporary output file /scratch/Shares/layer/workspace/devin_sra/sv_step/sv_results/data/SRR11780527.sorted/SRR11780527.sorted.regions.bed.gz.
[Fri Nov 12 18:03:00 2021]
Finished job 17.
12 of 29 steps (41%) done
Select jobs to execute...
Removing temporary output file /scratch/Shares/layer/workspace/devin_sra/sv_step/sv_results/data/SRR11780525.sorted/SRR11780525.sorted.mosdepth.global.dist.txt.
Removing temporary output file /scratch/Shares/layer/workspace/devin_sra/sv_step/sv_results/data/SRR11780525.sorted/SRR11780525.sorted.mosdepth.summary.txt.
Removing temporary output file /scratch/Shares/layer/workspace/devin_sra/sv_step/sv_results/data/SRR11780525.sorted/SRR11780525.sorted.mosdepth.region.dist.txt.
[Fri Nov 12 18:04:14 2021]
Finished job 13.
13 of 29 steps (45%) done

[Fri Nov 12 18:04:14 2021]
rule GetHighCov:
    input: /scratch/Shares/layer/workspace/devin_sra/sv_step/sv_results/data/SRR11780525.sorted/SRR11780525.sorted.regions.bed.gz
    output: /scratch/Shares/layer/workspace/devin_sra/sv_step/sv_results/data/SRR11780525.sorted/SRR11780525.sorted.high_cov.bed
    jobid: 12
    wildcards: sample=SRR11780525.sorted
    resources: tmpdir=/tmp, disk_mb=19424

Removing temporary output file /scratch/Shares/layer/workspace/devin_sra/sv_step/sv_results/data/SRR11780525.sorted/SRR11780525.sorted.regions.bed.gz.
[Fri Nov 12 18:04:36 2021]
Finished job 12.
14 of 29 steps (48%) done
Select jobs to execute...
Removing temporary output file /scratch/Shares/layer/workspace/devin_sra/sv_step/sv_results/data/SRR11777081.sorted/SRR11777081.sorted.mosdepth.global.dist.txt.
Removing temporary output file /scratch/Shares/layer/workspace/devin_sra/sv_step/sv_results/data/SRR11777081.sorted/SRR11777081.sorted.mosdepth.summary.txt.
Removing temporary output file /scratch/Shares/layer/workspace/devin_sra/sv_step/sv_results/data/SRR11777081.sorted/SRR11777081.sorted.mosdepth.region.dist.txt.
[Fri Nov 12 18:09:42 2021]
Finished job 8.
15 of 29 steps (52%) done

[Fri Nov 12 18:09:42 2021]
rule GapRegions:
    input: /scratch/Shares/layer/workspace/devin_sra/sv_step/sv_results/data/ref/ref.fa
    output: /scratch/Shares/layer/workspace/devin_sra/sv_step/sv_results/data/gap_regions.bed
    jobid: 6
    priority: 2
    threads: 18
    resources: tmpdir=/tmp

Activating conda environment: /scratch/Shares/layer/workspace/devin_sra/sv_step/sv_results/snakemake-conda/c6e4c93014a7b9665befbcb33e1d3642
[Fri Nov 12 18:11:28 2021]
Finished job 6.
16 of 29 steps (55%) done
Select jobs to execute...

[Fri Nov 12 18:11:28 2021]
rule ExcludeRegions:
    input: /scratch/Shares/layer/workspace/devin_sra/sv_step/sv_results/data/gap_regions.bed, /scratch/Shares/layer/workspace/devin_sra/sv_step/sv_results/data/SRR11780525.sorted/SRR11780525.sorted.high_cov.bed
    output: /scratch/Shares/layer/workspace/devin_sra/sv_step/sv_results/data/SRR11780525.sorted/SRR11780525.sorted.exclude.bed
    jobid: 11
    wildcards: sample=SRR11780525.sorted
    resources: tmpdir=/tmp, disk_mb=19424

Activating conda environment: /scratch/Shares/layer/workspace/devin_sra/sv_step/sv_results/snakemake-conda/d3c944d02f501ed13d3c162abc46ab2e

[Fri Nov 12 18:11:28 2021]
rule ExcludeRegions:
    input: /scratch/Shares/layer/workspace/devin_sra/sv_step/sv_results/data/gap_regions.bed, /scratch/Shares/layer/workspace/devin_sra/sv_step/sv_results/data/SRR4041813_2.sorted/SRR4041813_2.sorted.high_cov.bed
    output: /scratch/Shares/layer/workspace/devin_sra/sv_step/sv_results/data/SRR4041813_2.sorted/SRR4041813_2.sorted.exclude.bed
    jobid: 26
    wildcards: sample=SRR4041813_2.sorted
    resources: tmpdir=/tmp, disk_mb=2550

Activating conda environment: /scratch/Shares/layer/workspace/devin_sra/sv_step/sv_results/snakemake-conda/d3c944d02f501ed13d3c162abc46ab2e

[Fri Nov 12 18:11:28 2021]
rule GetHighCov:
    input: /scratch/Shares/layer/workspace/devin_sra/sv_step/sv_results/data/SRR11777081.sorted/SRR11777081.sorted.regions.bed.gz
    output: /scratch/Shares/layer/workspace/devin_sra/sv_step/sv_results/data/SRR11777081.sorted/SRR11777081.sorted.high_cov.bed
    jobid: 7
    wildcards: sample=SRR11777081.sorted
    resources: tmpdir=/tmp, disk_mb=28539

[Fri Nov 12 18:11:28 2021]
rule ExcludeRegions:
    input: /scratch/Shares/layer/workspace/devin_sra/sv_step/sv_results/data/gap_regions.bed, /scratch/Shares/layer/workspace/devin_sra/sv_step/sv_results/data/SRR11780527.sorted/SRR11780527.sorted.high_cov.bed
    output: /scratch/Shares/layer/workspace/devin_sra/sv_step/sv_results/data/SRR11780527.sorted/SRR11780527.sorted.exclude.bed
    jobid: 16
    wildcards: sample=SRR11780527.sorted
    resources: tmpdir=/tmp, disk_mb=16842

Activating conda environment: /scratch/Shares/layer/workspace/devin_sra/sv_step/sv_results/snakemake-conda/d3c944d02f501ed13d3c162abc46ab2e

[Fri Nov 12 18:11:28 2021]
rule ExcludeRegions:
    input: /scratch/Shares/layer/workspace/devin_sra/sv_step/sv_results/data/gap_regions.bed, /scratch/Shares/layer/workspace/devin_sra/sv_step/sv_results/data/SRR4040040.sorted/SRR4040040.sorted.high_cov.bed
    output: /scratch/Shares/layer/workspace/devin_sra/sv_step/sv_results/data/SRR4040040.sorted/SRR4040040.sorted.exclude.bed
    jobid: 21
    wildcards: sample=SRR4040040.sorted
    resources: tmpdir=/tmp, disk_mb=7541

Activating conda environment: /scratch/Shares/layer/workspace/devin_sra/sv_step/sv_results/snakemake-conda/d3c944d02f501ed13d3c162abc46ab2e
[Fri Nov 12 18:11:29 2021]
Finished job 16.
17 of 29 steps (59%) done
Select jobs to execute...

[Fri Nov 12 18:11:29 2021]
rule SmooveCall:
    input: /scratch/Shares/layer/workspace/devin_sra/sv_step/sv_results/data/SRR11780527.sorted.bam, /scratch/Shares/layer/workspace/devin_sra/sv_step/sv_results/data/SRR11780527.sorted.bam.bai, /scratch/Shares/layer/workspace/devin_sra/sv_step/sv_results/data/ref/ref.fa, /scratch/Shares/layer/workspace/devin_sra/sv_step/sv_results/data/ref/ref.fa.fai, /scratch/Shares/layer/workspace/devin_sra/sv_step/sv_results/data/SRR11780527.sorted/SRR11780527.sorted.exclude.bed
    output: /scratch/Shares/layer/workspace/devin_sra/sv_step/sv_results/data/SRR11780527.sorted/SRR11780527.sorted-smoove.genotyped.vcf.gz
    jobid: 14
    wildcards: sample=SRR11780527.sorted
    priority: 1
    resources: tmpdir=/tmp, disk_mb=16842

Activating conda environment: /scratch/Shares/layer/workspace/devin_sra/sv_step/sv_results/snakemake-conda/2569facf81f9a8b701f5dc78534d4ddf
[Fri Nov 12 18:11:29 2021]
Finished job 11.
18 of 29 steps (62%) done
[Fri Nov 12 18:11:29 2021]
Finished job 21.
19 of 29 steps (66%) done
Select jobs to execute...

[Fri Nov 12 18:11:29 2021]
rule SmooveCall:
    input: /scratch/Shares/layer/workspace/devin_sra/sv_step/sv_results/data/SRR4040040.sorted.bam, /scratch/Shares/layer/workspace/devin_sra/sv_step/sv_results/data/SRR4040040.sorted.bam.bai, /scratch/Shares/layer/workspace/devin_sra/sv_step/sv_results/data/ref/ref.fa, /scratch/Shares/layer/workspace/devin_sra/sv_step/sv_results/data/ref/ref.fa.fai, /scratch/Shares/layer/workspace/devin_sra/sv_step/sv_results/data/SRR4040040.sorted/SRR4040040.sorted.exclude.bed
    output: /scratch/Shares/layer/workspace/devin_sra/sv_step/sv_results/data/SRR4040040.sorted/SRR4040040.sorted-smoove.genotyped.vcf.gz
    jobid: 19
    wildcards: sample=SRR4040040.sorted
    priority: 1
    resources: tmpdir=/tmp, disk_mb=7541

Activating conda environment: /scratch/Shares/layer/workspace/devin_sra/sv_step/sv_results/snakemake-conda/2569facf81f9a8b701f5dc78534d4ddf

[Fri Nov 12 18:11:29 2021]
rule SmooveCall:
    input: /scratch/Shares/layer/workspace/devin_sra/sv_step/sv_results/data/SRR11780525.sorted.bam, /scratch/Shares/layer/workspace/devin_sra/sv_step/sv_results/data/SRR11780525.sorted.bam.bai, /scratch/Shares/layer/workspace/devin_sra/sv_step/sv_results/data/ref/ref.fa, /scratch/Shares/layer/workspace/devin_sra/sv_step/sv_results/data/ref/ref.fa.fai, /scratch/Shares/layer/workspace/devin_sra/sv_step/sv_results/data/SRR11780525.sorted/SRR11780525.sorted.exclude.bed
    output: /scratch/Shares/layer/workspace/devin_sra/sv_step/sv_results/data/SRR11780525.sorted/SRR11780525.sorted-smoove.genotyped.vcf.gz
    jobid: 9
    wildcards: sample=SRR11780525.sorted
    priority: 1
    resources: tmpdir=/tmp, disk_mb=19424

Activating conda environment: /scratch/Shares/layer/workspace/devin_sra/sv_step/sv_results/snakemake-conda/2569facf81f9a8b701f5dc78534d4ddf
[Fri Nov 12 18:11:29 2021]
Finished job 26.
20 of 29 steps (69%) done
Select jobs to execute...

[Fri Nov 12 18:11:29 2021]
rule SmooveCall:
    input: /scratch/Shares/layer/workspace/devin_sra/sv_step/sv_results/data/SRR4041813_2.sorted.bam, /scratch/Shares/layer/workspace/devin_sra/sv_step/sv_results/data/SRR4041813_2.sorted.bam.bai, /scratch/Shares/layer/workspace/devin_sra/sv_step/sv_results/data/ref/ref.fa, /scratch/Shares/layer/workspace/devin_sra/sv_step/sv_results/data/ref/ref.fa.fai, /scratch/Shares/layer/workspace/devin_sra/sv_step/sv_results/data/SRR4041813_2.sorted/SRR4041813_2.sorted.exclude.bed
    output: /scratch/Shares/layer/workspace/devin_sra/sv_step/sv_results/data/SRR4041813_2.sorted/SRR4041813_2.sorted-smoove.genotyped.vcf.gz
    jobid: 24
    wildcards: sample=SRR4041813_2.sorted
    priority: 1
    resources: tmpdir=/tmp, disk_mb=2550

Activating conda environment: /scratch/Shares/layer/workspace/devin_sra/sv_step/sv_results/snakemake-conda/2569facf81f9a8b701f5dc78534d4ddf
Removing temporary output file /scratch/Shares/layer/workspace/devin_sra/sv_step/sv_results/data/SRR11777081.sorted/SRR11777081.sorted.regions.bed.gz.
[Fri Nov 12 18:11:50 2021]
Finished job 7.
21 of 29 steps (72%) done
Select jobs to execute...

[Fri Nov 12 18:11:50 2021]
rule ExcludeRegions:
    input: /scratch/Shares/layer/workspace/devin_sra/sv_step/sv_results/data/gap_regions.bed, /scratch/Shares/layer/workspace/devin_sra/sv_step/sv_results/data/SRR11777081.sorted/SRR11777081.sorted.high_cov.bed
    output: /scratch/Shares/layer/workspace/devin_sra/sv_step/sv_results/data/SRR11777081.sorted/SRR11777081.sorted.exclude.bed
    jobid: 5
    wildcards: sample=SRR11777081.sorted
    resources: tmpdir=/tmp, disk_mb=28539

Activating conda environment: /scratch/Shares/layer/workspace/devin_sra/sv_step/sv_results/snakemake-conda/d3c944d02f501ed13d3c162abc46ab2e
[Fri Nov 12 18:11:51 2021]
Finished job 5.
22 of 29 steps (76%) done
Select jobs to execute...

[Fri Nov 12 18:11:51 2021]
rule SmooveCall:
    input: /scratch/Shares/layer/workspace/devin_sra/sv_step/sv_results/data/SRR11777081.sorted.bam, /scratch/Shares/layer/workspace/devin_sra/sv_step/sv_results/data/SRR11777081.sorted.bam.bai, /scratch/Shares/layer/workspace/devin_sra/sv_step/sv_results/data/ref/ref.fa, /scratch/Shares/layer/workspace/devin_sra/sv_step/sv_results/data/ref/ref.fa.fai, /scratch/Shares/layer/workspace/devin_sra/sv_step/sv_results/data/SRR11777081.sorted/SRR11777081.sorted.exclude.bed
    output: /scratch/Shares/layer/workspace/devin_sra/sv_step/sv_results/data/SRR11777081.sorted/SRR11777081.sorted-smoove.genotyped.vcf.gz
    jobid: 3
    wildcards: sample=SRR11777081.sorted
    priority: 1
    resources: tmpdir=/tmp, disk_mb=28539

Activating conda environment: /scratch/Shares/layer/workspace/devin_sra/sv_step/sv_results/snakemake-conda/2569facf81f9a8b701f5dc78534d4ddf
Removing temporary output file /scratch/Shares/layer/workspace/devin_sra/sv_step/sv_results/data/SRR4040040.sorted.bam.bai.
Removing temporary output file /scratch/Shares/layer/workspace/devin_sra/sv_step/sv_results/data/SRR4040040.sorted.bam.
[Fri Nov 12 18:46:57 2021]
Finished job 19.
23 of 29 steps (79%) done
Removing temporary output file /scratch/Shares/layer/workspace/devin_sra/sv_step/sv_results/data/SRR11780527.sorted.bam.
Removing temporary output file /scratch/Shares/layer/workspace/devin_sra/sv_step/sv_results/data/SRR11780527.sorted.bam.bai.
[Fri Nov 12 20:17:44 2021]
Finished job 14.
24 of 29 steps (83%) done
Removing temporary output file /scratch/Shares/layer/workspace/devin_sra/sv_step/sv_results/data/SRR4041813_2.sorted.bam.bai.
Removing temporary output file /scratch/Shares/layer/workspace/devin_sra/sv_step/sv_results/data/SRR4041813_2.sorted.bam.
[Fri Nov 12 20:19:07 2021]
Finished job 24.
25 of 29 steps (86%) done
Removing temporary output file /scratch/Shares/layer/workspace/devin_sra/sv_step/sv_results/data/SRR11780525.sorted.bam.bai.
Removing temporary output file /scratch/Shares/layer/workspace/devin_sra/sv_step/sv_results/data/SRR11780525.sorted.bam.
[Fri Nov 12 20:52:09 2021]
Finished job 9.
26 of 29 steps (90%) done
Removing temporary output file /scratch/Shares/layer/workspace/devin_sra/sv_step/sv_results/data/SRR11777081.sorted.bam.
Removing temporary output file /scratch/Shares/layer/workspace/devin_sra/sv_step/sv_results/data/SRR11777081.sorted.bam.bai.
[Sat Nov 13 00:29:30 2021]
Finished job 3.
27 of 29 steps (93%) done
Select jobs to execute...

[Sat Nov 13 00:29:30 2021]
rule SmooveMerge:
    input: /scratch/Shares/layer/workspace/devin_sra/sv_step/sv_results/data/ref/ref.fa, /scratch/Shares/layer/workspace/devin_sra/sv_step/sv_results/data/ref/ref.fa.fai, /scratch/Shares/layer/workspace/devin_sra/sv_step/sv_results/data/SRR11777081.sorted/SRR11777081.sorted-smoove.genotyped.vcf.gz, /scratch/Shares/layer/workspace/devin_sra/sv_step/sv_results/data/SRR11780525.sorted/SRR11780525.sorted-smoove.genotyped.vcf.gz, /scratch/Shares/layer/workspace/devin_sra/sv_step/sv_results/data/SRR11780527.sorted/SRR11780527.sorted-smoove.genotyped.vcf.gz, /scratch/Shares/layer/workspace/devin_sra/sv_step/sv_results/data/SRR4040040.sorted/SRR4040040.sorted-smoove.genotyped.vcf.gz, /scratch/Shares/layer/workspace/devin_sra/sv_step/sv_results/data/SRR4041813_2.sorted/SRR4041813_2.sorted-smoove.genotyped.vcf.gz
    output: /scratch/Shares/layer/workspace/devin_sra/sv_step/sv_results/data/merged.sites.vcf.gz
    jobid: 1
    resources: tmpdir=/tmp

Activating conda environment: /scratch/Shares/layer/workspace/devin_sra/sv_step/sv_results/snakemake-conda/2569facf81f9a8b701f5dc78534d4ddf
Removing temporary output file /scratch/Shares/layer/workspace/devin_sra/sv_step/sv_results/data/ref/ref.fa.
Removing temporary output file /scratch/Shares/layer/workspace/devin_sra/sv_step/sv_results/data/ref/ref.fa.fai.
Removing temporary output file /scratch/Shares/layer/workspace/devin_sra/sv_step/sv_results/data/SRR4041813_2.sorted/SRR4041813_2.sorted-smoove.genotyped.vcf.gz.
Removing temporary output file /scratch/Shares/layer/workspace/devin_sra/sv_step/sv_results/data/SRR4040040.sorted/SRR4040040.sorted-smoove.genotyped.vcf.gz.
Removing temporary output file /scratch/Shares/layer/workspace/devin_sra/sv_step/sv_results/data/SRR11780527.sorted/SRR11780527.sorted-smoove.genotyped.vcf.gz.
Removing temporary output file /scratch/Shares/layer/workspace/devin_sra/sv_step/sv_results/data/SRR11780525.sorted/SRR11780525.sorted-smoove.genotyped.vcf.gz.
Removing temporary output file /scratch/Shares/layer/workspace/devin_sra/sv_step/sv_results/data/SRR11777081.sorted/SRR11777081.sorted-smoove.genotyped.vcf.gz.
[Sat Nov 13 01:06:17 2021]
Finished job 1.
28 of 29 steps (97%) done
Select jobs to execute...

[Sat Nov 13 01:06:17 2021]
localrule AllCall:
    input: /scratch/Shares/layer/workspace/devin_sra/sv_step/sv_results/data/merged.sites.vcf.gz
    jobid: 0
    resources: tmpdir=/tmp

[Sat Nov 13 01:06:17 2021]
Finished job 0.
29 of 29 steps (100%) done
Complete log: /scratch/Shares/layer/workspace/devin_sra/sv_step/.snakemake/log/2021-11-12T172853.151341.snakemake.log
