Building DAG of jobs...
Using shell: /usr/bin/bash
Provided cores: 16
Rules claiming more threads will be scaled down.
Provided resources: disk_mb=700000
Job stats:
job               count    min threads    max threads
--------------  -------  -------------  -------------
AllCall               1              1              1
ExcludeRegions       15              1              1
GapRegions            1             16             16
GetData              15              1              1
GetHighCov           15              1              1
GetReference          1              1              1
Mosdepth             15              1              1
SmooveCall           15              1              1
SmooveMerge           1              1              1
total                79              1             16

Select jobs to execute...

[Sat Nov 13 13:33:42 2021]
checkpoint GetData:
    output: /scratch/Shares/layer/workspace/devin_sra/sv_step/sv_results/human/data/ERR3240170/HG00183.final.cram, /scratch/Shares/layer/workspace/devin_sra/sv_step/sv_results/human/data/ERR3240170/HG00183.final.cram.crai
    log: /scratch/Shares/layer/workspace/devin_sra/sv_step/sv_results/human/data/log/ERR3240170/HG00183.final.get_data.log
    jobid: 40
    wildcards: sample=ERR3240170/HG00183.final
    resources: tmpdir=/tmp, disk_mb=15020
Downstream jobs will be updated after completion.


[Sat Nov 13 13:33:42 2021]
checkpoint GetData:
    output: /scratch/Shares/layer/workspace/devin_sra/sv_step/sv_results/human/data/ERR3241682/HG00479.final.cram, /scratch/Shares/layer/workspace/devin_sra/sv_step/sv_results/human/data/ERR3241682/HG00479.final.cram.crai
    log: /scratch/Shares/layer/workspace/devin_sra/sv_step/sv_results/human/data/log/ERR3241682/HG00479.final.get_data.log
    jobid: 55
    wildcards: sample=ERR3241682/HG00479.final
    resources: tmpdir=/tmp, disk_mb=15422
Downstream jobs will be updated after completion.


[Sat Nov 13 13:33:42 2021]
checkpoint GetData:
    output: /scratch/Shares/layer/workspace/devin_sra/sv_step/sv_results/human/data/ERR3242666/HG03644.final.cram, /scratch/Shares/layer/workspace/devin_sra/sv_step/sv_results/human/data/ERR3242666/HG03644.final.cram.crai
    log: /scratch/Shares/layer/workspace/devin_sra/sv_step/sv_results/human/data/log/ERR3242666/HG03644.final.get_data.log
    jobid: 70
    wildcards: sample=ERR3242666/HG03644.final
    resources: tmpdir=/tmp, disk_mb=16169
Downstream jobs will be updated after completion.


[Sat Nov 13 13:33:43 2021]
checkpoint GetData:
    output: /scratch/Shares/layer/workspace/devin_sra/sv_step/sv_results/human/data/ERR3239322/NA12761.final.cram, /scratch/Shares/layer/workspace/devin_sra/sv_step/sv_results/human/data/ERR3239322/NA12761.final.cram.crai
    log: /scratch/Shares/layer/workspace/devin_sra/sv_step/sv_results/human/data/log/ERR3239322/NA12761.final.get_data.log
    jobid: 4
    wildcards: sample=ERR3239322/NA12761.final
    resources: tmpdir=/tmp, disk_mb=16154
Downstream jobs will be updated after completion.


[Sat Nov 13 13:33:43 2021]
rule GetReference:
    output: /scratch/Shares/layer/workspace/devin_sra/sv_step/sv_results/data/human/ref/ref.fa, /scratch/Shares/layer/workspace/devin_sra/sv_step/sv_results/data/human/ref/ref.fa.fai
    log: /scratch/Shares/layer/workspace/devin_sra/sv_step/sv_results/human/data/log/get_reference.log
    jobid: 2
    resources: tmpdir=/tmp


[Sat Nov 13 13:33:43 2021]
checkpoint GetData:
    output: /scratch/Shares/layer/workspace/devin_sra/sv_step/sv_results/human/data/ERR3239484/NA12778.final.cram, /scratch/Shares/layer/workspace/devin_sra/sv_step/sv_results/human/data/ERR3239484/NA12778.final.cram.crai
    log: /scratch/Shares/layer/workspace/devin_sra/sv_step/sv_results/human/data/log/ERR3239484/NA12778.final.get_data.log
    jobid: 10
    wildcards: sample=ERR3239484/NA12778.final
    resources: tmpdir=/tmp, disk_mb=14652
Downstream jobs will be updated after completion.


[Sat Nov 13 13:33:43 2021]
checkpoint GetData:
    output: /scratch/Shares/layer/workspace/devin_sra/sv_step/sv_results/human/data/ERR3239806/NA20524.final.cram, /scratch/Shares/layer/workspace/devin_sra/sv_step/sv_results/human/data/ERR3239806/NA20524.final.cram.crai
    log: /scratch/Shares/layer/workspace/devin_sra/sv_step/sv_results/human/data/log/ERR3239806/NA20524.final.get_data.log
    jobid: 25
    wildcards: sample=ERR3239806/NA20524.final
    resources: tmpdir=/tmp, disk_mb=16604
Downstream jobs will be updated after completion.


[Sat Nov 13 13:33:43 2021]
checkpoint GetData:
    output: /scratch/Shares/layer/workspace/devin_sra/sv_step/sv_results/human/data/ERR3242089/HG01864.final.cram, /scratch/Shares/layer/workspace/devin_sra/sv_step/sv_results/human/data/ERR3242089/HG01864.final.cram.crai
    log: /scratch/Shares/layer/workspace/devin_sra/sv_step/sv_results/human/data/log/ERR3242089/HG01864.final.get_data.log
    jobid: 65
    wildcards: sample=ERR3242089/HG01864.final
    resources: tmpdir=/tmp, disk_mb=16646
Downstream jobs will be updated after completion.


[Sat Nov 13 13:33:43 2021]
checkpoint GetData:
    output: /scratch/Shares/layer/workspace/devin_sra/sv_step/sv_results/human/data/ERR3239967/NA19909.final.cram, /scratch/Shares/layer/workspace/devin_sra/sv_step/sv_results/human/data/ERR3239967/NA19909.final.cram.crai
    log: /scratch/Shares/layer/workspace/devin_sra/sv_step/sv_results/human/data/log/ERR3239967/NA19909.final.get_data.log
    jobid: 35
    wildcards: sample=ERR3239967/NA19909.final
    resources: tmpdir=/tmp, disk_mb=15704
Downstream jobs will be updated after completion.


[Sat Nov 13 13:33:43 2021]
checkpoint GetData:
    output: /scratch/Shares/layer/workspace/devin_sra/sv_step/sv_results/human/data/ERR3240205/HG00239.final.cram, /scratch/Shares/layer/workspace/devin_sra/sv_step/sv_results/human/data/ERR3240205/HG00239.final.cram.crai
    log: /scratch/Shares/layer/workspace/devin_sra/sv_step/sv_results/human/data/log/ERR3240205/HG00239.final.get_data.log
    jobid: 50
    wildcards: sample=ERR3240205/HG00239.final
    resources: tmpdir=/tmp, disk_mb=17758
Downstream jobs will be updated after completion.


[Sat Nov 13 13:33:43 2021]
checkpoint GetData:
    output: /scratch/Shares/layer/workspace/devin_sra/sv_step/sv_results/human/data/ERR3240178/HG00234.final.cram, /scratch/Shares/layer/workspace/devin_sra/sv_step/sv_results/human/data/ERR3240178/HG00234.final.cram.crai
    log: /scratch/Shares/layer/workspace/devin_sra/sv_step/sv_results/human/data/log/ERR3240178/HG00234.final.get_data.log
    jobid: 45
    wildcards: sample=ERR3240178/HG00234.final
    resources: tmpdir=/tmp, disk_mb=18541
Downstream jobs will be updated after completion.


[Sat Nov 13 13:33:43 2021]
checkpoint GetData:
    output: /scratch/Shares/layer/workspace/devin_sra/sv_step/sv_results/human/data/ERR3241980/HG01704.final.cram, /scratch/Shares/layer/workspace/devin_sra/sv_step/sv_results/human/data/ERR3241980/HG01704.final.cram.crai
    log: /scratch/Shares/layer/workspace/devin_sra/sv_step/sv_results/human/data/log/ERR3241980/HG01704.final.get_data.log
    jobid: 60
    wildcards: sample=ERR3241980/HG01704.final
    resources: tmpdir=/tmp, disk_mb=15278
Downstream jobs will be updated after completion.


[Sat Nov 13 13:33:43 2021]
checkpoint GetData:
    output: /scratch/Shares/layer/workspace/devin_sra/sv_step/sv_results/human/data/ERR3243018/HG02691.final.cram, /scratch/Shares/layer/workspace/devin_sra/sv_step/sv_results/human/data/ERR3243018/HG02691.final.cram.crai
    log: /scratch/Shares/layer/workspace/devin_sra/sv_step/sv_results/human/data/log/ERR3243018/HG02691.final.get_data.log
    jobid: 75
    wildcards: sample=ERR3243018/HG02691.final
    resources: tmpdir=/tmp, disk_mb=19080
Downstream jobs will be updated after completion.


[Sat Nov 13 13:33:43 2021]
checkpoint GetData:
    output: /scratch/Shares/layer/workspace/devin_sra/sv_step/sv_results/human/data/ERR3239768/NA19451.final.cram, /scratch/Shares/layer/workspace/devin_sra/sv_step/sv_results/human/data/ERR3239768/NA19451.final.cram.crai
    log: /scratch/Shares/layer/workspace/devin_sra/sv_step/sv_results/human/data/log/ERR3239768/NA19451.final.get_data.log
    jobid: 20
    wildcards: sample=ERR3239768/NA19451.final
    resources: tmpdir=/tmp, disk_mb=16208
Downstream jobs will be updated after completion.


[Sat Nov 13 13:33:43 2021]
checkpoint GetData:
    output: /scratch/Shares/layer/workspace/devin_sra/sv_step/sv_results/human/data/ERR3239684/NA19019.final.cram, /scratch/Shares/layer/workspace/devin_sra/sv_step/sv_results/human/data/ERR3239684/NA19019.final.cram.crai
    log: /scratch/Shares/layer/workspace/devin_sra/sv_step/sv_results/human/data/log/ERR3239684/NA19019.final.get_data.log
    jobid: 15
    wildcards: sample=ERR3239684/NA19019.final
    resources: tmpdir=/tmp, disk_mb=17614
Downstream jobs will be updated after completion.


[Sat Nov 13 13:33:43 2021]
checkpoint GetData:
    output: /scratch/Shares/layer/workspace/devin_sra/sv_step/sv_results/human/data/ERR3239918/NA19711.final.cram, /scratch/Shares/layer/workspace/devin_sra/sv_step/sv_results/human/data/ERR3239918/NA19711.final.cram.crai
    log: /scratch/Shares/layer/workspace/devin_sra/sv_step/sv_results/human/data/log/ERR3239918/NA19711.final.get_data.log
    jobid: 30
    wildcards: sample=ERR3239918/NA19711.final
    resources: tmpdir=/tmp, disk_mb=15103
Downstream jobs will be updated after completion.

[Sat Nov 13 13:40:42 2021]
Finished job 2.
1 of 79 steps (1%) done
Select jobs to execute...
[Sat Nov 13 14:05:09 2021]
Error in rule GetData:
    jobid: 60
    output: /scratch/Shares/layer/workspace/devin_sra/sv_step/sv_results/human/data/ERR3241980/HG01704.final.cram, /scratch/Shares/layer/workspace/devin_sra/sv_step/sv_results/human/data/ERR3241980/HG01704.final.cram.crai
    log: /scratch/Shares/layer/workspace/devin_sra/sv_step/sv_results/human/data/log/ERR3241980/HG01704.final.get_data.log (check log file(s) for error message)
    shell:
        
        aws s3 cp s3://1000genomes/1000G_2504_high_coverage/data/ERR3241980/HG01704.final.cram /scratch/Shares/layer/workspace/devin_sra/sv_step/sv_results/human/data/ERR3241980/HG01704.final.cram  2> /scratch/Shares/layer/workspace/devin_sra/sv_step/sv_results/human/data/log/ERR3241980/HG01704.final.get_data.log
        aws s3 cp s3://1000genomes/1000G_2504_high_coverage/data/ERR3241980/HG01704.final.cram.cram.crai /scratch/Shares/layer/workspace/devin_sra/sv_step/sv_results/human/data/ERR3241980/HG01704.final.cram.crai 2>> /scratch/Shares/layer/workspace/devin_sra/sv_step/sv_results/human/data/log/ERR3241980/HG01704.final.get_data.log
        
        (one of the commands exited with non-zero exit code; note that snakemake uses bash strict mode!)

Removing output files of failed job GetData since they might be corrupted:
/scratch/Shares/layer/workspace/devin_sra/sv_step/sv_results/human/data/ERR3241980/HG01704.final.cram
[Sat Nov 13 14:05:22 2021]
Error in rule GetData:
    jobid: 55
    output: /scratch/Shares/layer/workspace/devin_sra/sv_step/sv_results/human/data/ERR3241682/HG00479.final.cram, /scratch/Shares/layer/workspace/devin_sra/sv_step/sv_results/human/data/ERR3241682/HG00479.final.cram.crai
    log: /scratch/Shares/layer/workspace/devin_sra/sv_step/sv_results/human/data/log/ERR3241682/HG00479.final.get_data.log (check log file(s) for error message)
    shell:
        
        aws s3 cp s3://1000genomes/1000G_2504_high_coverage/data/ERR3241682/HG00479.final.cram /scratch/Shares/layer/workspace/devin_sra/sv_step/sv_results/human/data/ERR3241682/HG00479.final.cram  2> /scratch/Shares/layer/workspace/devin_sra/sv_step/sv_results/human/data/log/ERR3241682/HG00479.final.get_data.log
        aws s3 cp s3://1000genomes/1000G_2504_high_coverage/data/ERR3241682/HG00479.final.cram.cram.crai /scratch/Shares/layer/workspace/devin_sra/sv_step/sv_results/human/data/ERR3241682/HG00479.final.cram.crai 2>> /scratch/Shares/layer/workspace/devin_sra/sv_step/sv_results/human/data/log/ERR3241682/HG00479.final.get_data.log
        
        (one of the commands exited with non-zero exit code; note that snakemake uses bash strict mode!)

Removing output files of failed job GetData since they might be corrupted:
/scratch/Shares/layer/workspace/devin_sra/sv_step/sv_results/human/data/ERR3241682/HG00479.final.cram
[Sat Nov 13 14:05:43 2021]
Error in rule GetData:
    jobid: 30
    output: /scratch/Shares/layer/workspace/devin_sra/sv_step/sv_results/human/data/ERR3239918/NA19711.final.cram, /scratch/Shares/layer/workspace/devin_sra/sv_step/sv_results/human/data/ERR3239918/NA19711.final.cram.crai
    log: /scratch/Shares/layer/workspace/devin_sra/sv_step/sv_results/human/data/log/ERR3239918/NA19711.final.get_data.log (check log file(s) for error message)
    shell:
        
        aws s3 cp s3://1000genomes/1000G_2504_high_coverage/data/ERR3239918/NA19711.final.cram /scratch/Shares/layer/workspace/devin_sra/sv_step/sv_results/human/data/ERR3239918/NA19711.final.cram  2> /scratch/Shares/layer/workspace/devin_sra/sv_step/sv_results/human/data/log/ERR3239918/NA19711.final.get_data.log
        aws s3 cp s3://1000genomes/1000G_2504_high_coverage/data/ERR3239918/NA19711.final.cram.cram.crai /scratch/Shares/layer/workspace/devin_sra/sv_step/sv_results/human/data/ERR3239918/NA19711.final.cram.crai 2>> /scratch/Shares/layer/workspace/devin_sra/sv_step/sv_results/human/data/log/ERR3239918/NA19711.final.get_data.log
        
        (one of the commands exited with non-zero exit code; note that snakemake uses bash strict mode!)

Removing output files of failed job GetData since they might be corrupted:
/scratch/Shares/layer/workspace/devin_sra/sv_step/sv_results/human/data/ERR3239918/NA19711.final.cram
[Sat Nov 13 14:05:59 2021]
Error in rule GetData:
    jobid: 40
    output: /scratch/Shares/layer/workspace/devin_sra/sv_step/sv_results/human/data/ERR3240170/HG00183.final.cram, /scratch/Shares/layer/workspace/devin_sra/sv_step/sv_results/human/data/ERR3240170/HG00183.final.cram.crai
    log: /scratch/Shares/layer/workspace/devin_sra/sv_step/sv_results/human/data/log/ERR3240170/HG00183.final.get_data.log (check log file(s) for error message)
    shell:
        
        aws s3 cp s3://1000genomes/1000G_2504_high_coverage/data/ERR3240170/HG00183.final.cram /scratch/Shares/layer/workspace/devin_sra/sv_step/sv_results/human/data/ERR3240170/HG00183.final.cram  2> /scratch/Shares/layer/workspace/devin_sra/sv_step/sv_results/human/data/log/ERR3240170/HG00183.final.get_data.log
        aws s3 cp s3://1000genomes/1000G_2504_high_coverage/data/ERR3240170/HG00183.final.cram.cram.crai /scratch/Shares/layer/workspace/devin_sra/sv_step/sv_results/human/data/ERR3240170/HG00183.final.cram.crai 2>> /scratch/Shares/layer/workspace/devin_sra/sv_step/sv_results/human/data/log/ERR3240170/HG00183.final.get_data.log
        
        (one of the commands exited with non-zero exit code; note that snakemake uses bash strict mode!)

Removing output files of failed job GetData since they might be corrupted:
/scratch/Shares/layer/workspace/devin_sra/sv_step/sv_results/human/data/ERR3240170/HG00183.final.cram
[Sat Nov 13 14:06:04 2021]
Error in rule GetData:
    jobid: 70
    output: /scratch/Shares/layer/workspace/devin_sra/sv_step/sv_results/human/data/ERR3242666/HG03644.final.cram, /scratch/Shares/layer/workspace/devin_sra/sv_step/sv_results/human/data/ERR3242666/HG03644.final.cram.crai
    log: /scratch/Shares/layer/workspace/devin_sra/sv_step/sv_results/human/data/log/ERR3242666/HG03644.final.get_data.log (check log file(s) for error message)
    shell:
        
        aws s3 cp s3://1000genomes/1000G_2504_high_coverage/data/ERR3242666/HG03644.final.cram /scratch/Shares/layer/workspace/devin_sra/sv_step/sv_results/human/data/ERR3242666/HG03644.final.cram  2> /scratch/Shares/layer/workspace/devin_sra/sv_step/sv_results/human/data/log/ERR3242666/HG03644.final.get_data.log
        aws s3 cp s3://1000genomes/1000G_2504_high_coverage/data/ERR3242666/HG03644.final.cram.cram.crai /scratch/Shares/layer/workspace/devin_sra/sv_step/sv_results/human/data/ERR3242666/HG03644.final.cram.crai 2>> /scratch/Shares/layer/workspace/devin_sra/sv_step/sv_results/human/data/log/ERR3242666/HG03644.final.get_data.log
        
        (one of the commands exited with non-zero exit code; note that snakemake uses bash strict mode!)

Removing output files of failed job GetData since they might be corrupted:
/scratch/Shares/layer/workspace/devin_sra/sv_step/sv_results/human/data/ERR3242666/HG03644.final.cram
[Sat Nov 13 14:08:14 2021]
Error in rule GetData:
    jobid: 25
    output: /scratch/Shares/layer/workspace/devin_sra/sv_step/sv_results/human/data/ERR3239806/NA20524.final.cram, /scratch/Shares/layer/workspace/devin_sra/sv_step/sv_results/human/data/ERR3239806/NA20524.final.cram.crai
    log: /scratch/Shares/layer/workspace/devin_sra/sv_step/sv_results/human/data/log/ERR3239806/NA20524.final.get_data.log (check log file(s) for error message)
    shell:
        
        aws s3 cp s3://1000genomes/1000G_2504_high_coverage/data/ERR3239806/NA20524.final.cram /scratch/Shares/layer/workspace/devin_sra/sv_step/sv_results/human/data/ERR3239806/NA20524.final.cram  2> /scratch/Shares/layer/workspace/devin_sra/sv_step/sv_results/human/data/log/ERR3239806/NA20524.final.get_data.log
        aws s3 cp s3://1000genomes/1000G_2504_high_coverage/data/ERR3239806/NA20524.final.cram.cram.crai /scratch/Shares/layer/workspace/devin_sra/sv_step/sv_results/human/data/ERR3239806/NA20524.final.cram.crai 2>> /scratch/Shares/layer/workspace/devin_sra/sv_step/sv_results/human/data/log/ERR3239806/NA20524.final.get_data.log
        
        (one of the commands exited with non-zero exit code; note that snakemake uses bash strict mode!)

Removing output files of failed job GetData since they might be corrupted:
/scratch/Shares/layer/workspace/devin_sra/sv_step/sv_results/human/data/ERR3239806/NA20524.final.cram
[Sat Nov 13 14:08:27 2021]
Error in rule GetData:
    jobid: 10
    output: /scratch/Shares/layer/workspace/devin_sra/sv_step/sv_results/human/data/ERR3239484/NA12778.final.cram, /scratch/Shares/layer/workspace/devin_sra/sv_step/sv_results/human/data/ERR3239484/NA12778.final.cram.crai
    log: /scratch/Shares/layer/workspace/devin_sra/sv_step/sv_results/human/data/log/ERR3239484/NA12778.final.get_data.log (check log file(s) for error message)
    shell:
        
        aws s3 cp s3://1000genomes/1000G_2504_high_coverage/data/ERR3239484/NA12778.final.cram /scratch/Shares/layer/workspace/devin_sra/sv_step/sv_results/human/data/ERR3239484/NA12778.final.cram  2> /scratch/Shares/layer/workspace/devin_sra/sv_step/sv_results/human/data/log/ERR3239484/NA12778.final.get_data.log
        aws s3 cp s3://1000genomes/1000G_2504_high_coverage/data/ERR3239484/NA12778.final.cram.cram.crai /scratch/Shares/layer/workspace/devin_sra/sv_step/sv_results/human/data/ERR3239484/NA12778.final.cram.crai 2>> /scratch/Shares/layer/workspace/devin_sra/sv_step/sv_results/human/data/log/ERR3239484/NA12778.final.get_data.log
        
        (one of the commands exited with non-zero exit code; note that snakemake uses bash strict mode!)

Removing output files of failed job GetData since they might be corrupted:
/scratch/Shares/layer/workspace/devin_sra/sv_step/sv_results/human/data/ERR3239484/NA12778.final.cram
[Sat Nov 13 14:08:39 2021]
Error in rule GetData:
    jobid: 4
    output: /scratch/Shares/layer/workspace/devin_sra/sv_step/sv_results/human/data/ERR3239322/NA12761.final.cram, /scratch/Shares/layer/workspace/devin_sra/sv_step/sv_results/human/data/ERR3239322/NA12761.final.cram.crai
    log: /scratch/Shares/layer/workspace/devin_sra/sv_step/sv_results/human/data/log/ERR3239322/NA12761.final.get_data.log (check log file(s) for error message)
    shell:
        
        aws s3 cp s3://1000genomes/1000G_2504_high_coverage/data/ERR3239322/NA12761.final.cram /scratch/Shares/layer/workspace/devin_sra/sv_step/sv_results/human/data/ERR3239322/NA12761.final.cram  2> /scratch/Shares/layer/workspace/devin_sra/sv_step/sv_results/human/data/log/ERR3239322/NA12761.final.get_data.log
        aws s3 cp s3://1000genomes/1000G_2504_high_coverage/data/ERR3239322/NA12761.final.cram.cram.crai /scratch/Shares/layer/workspace/devin_sra/sv_step/sv_results/human/data/ERR3239322/NA12761.final.cram.crai 2>> /scratch/Shares/layer/workspace/devin_sra/sv_step/sv_results/human/data/log/ERR3239322/NA12761.final.get_data.log
        
        (one of the commands exited with non-zero exit code; note that snakemake uses bash strict mode!)

Removing output files of failed job GetData since they might be corrupted:
/scratch/Shares/layer/workspace/devin_sra/sv_step/sv_results/human/data/ERR3239322/NA12761.final.cram
[Sat Nov 13 14:08:41 2021]
Error in rule GetData:
    jobid: 35
    output: /scratch/Shares/layer/workspace/devin_sra/sv_step/sv_results/human/data/ERR3239967/NA19909.final.cram, /scratch/Shares/layer/workspace/devin_sra/sv_step/sv_results/human/data/ERR3239967/NA19909.final.cram.crai
    log: /scratch/Shares/layer/workspace/devin_sra/sv_step/sv_results/human/data/log/ERR3239967/NA19909.final.get_data.log (check log file(s) for error message)
    shell:
        
        aws s3 cp s3://1000genomes/1000G_2504_high_coverage/data/ERR3239967/NA19909.final.cram /scratch/Shares/layer/workspace/devin_sra/sv_step/sv_results/human/data/ERR3239967/NA19909.final.cram  2> /scratch/Shares/layer/workspace/devin_sra/sv_step/sv_results/human/data/log/ERR3239967/NA19909.final.get_data.log
        aws s3 cp s3://1000genomes/1000G_2504_high_coverage/data/ERR3239967/NA19909.final.cram.cram.crai /scratch/Shares/layer/workspace/devin_sra/sv_step/sv_results/human/data/ERR3239967/NA19909.final.cram.crai 2>> /scratch/Shares/layer/workspace/devin_sra/sv_step/sv_results/human/data/log/ERR3239967/NA19909.final.get_data.log
        
        (one of the commands exited with non-zero exit code; note that snakemake uses bash strict mode!)

Removing output files of failed job GetData since they might be corrupted:
/scratch/Shares/layer/workspace/devin_sra/sv_step/sv_results/human/data/ERR3239967/NA19909.final.cram
[Sat Nov 13 14:08:44 2021]
Error in rule GetData:
    jobid: 50
    output: /scratch/Shares/layer/workspace/devin_sra/sv_step/sv_results/human/data/ERR3240205/HG00239.final.cram, /scratch/Shares/layer/workspace/devin_sra/sv_step/sv_results/human/data/ERR3240205/HG00239.final.cram.crai
    log: /scratch/Shares/layer/workspace/devin_sra/sv_step/sv_results/human/data/log/ERR3240205/HG00239.final.get_data.log (check log file(s) for error message)
    shell:
        
        aws s3 cp s3://1000genomes/1000G_2504_high_coverage/data/ERR3240205/HG00239.final.cram /scratch/Shares/layer/workspace/devin_sra/sv_step/sv_results/human/data/ERR3240205/HG00239.final.cram  2> /scratch/Shares/layer/workspace/devin_sra/sv_step/sv_results/human/data/log/ERR3240205/HG00239.final.get_data.log
        aws s3 cp s3://1000genomes/1000G_2504_high_coverage/data/ERR3240205/HG00239.final.cram.cram.crai /scratch/Shares/layer/workspace/devin_sra/sv_step/sv_results/human/data/ERR3240205/HG00239.final.cram.crai 2>> /scratch/Shares/layer/workspace/devin_sra/sv_step/sv_results/human/data/log/ERR3240205/HG00239.final.get_data.log
        
        (one of the commands exited with non-zero exit code; note that snakemake uses bash strict mode!)

Removing output files of failed job GetData since they might be corrupted:
/scratch/Shares/layer/workspace/devin_sra/sv_step/sv_results/human/data/ERR3240205/HG00239.final.cram
[Sat Nov 13 14:08:55 2021]
Error in rule GetData:
    jobid: 20
    output: /scratch/Shares/layer/workspace/devin_sra/sv_step/sv_results/human/data/ERR3239768/NA19451.final.cram, /scratch/Shares/layer/workspace/devin_sra/sv_step/sv_results/human/data/ERR3239768/NA19451.final.cram.crai
    log: /scratch/Shares/layer/workspace/devin_sra/sv_step/sv_results/human/data/log/ERR3239768/NA19451.final.get_data.log (check log file(s) for error message)
    shell:
        
        aws s3 cp s3://1000genomes/1000G_2504_high_coverage/data/ERR3239768/NA19451.final.cram /scratch/Shares/layer/workspace/devin_sra/sv_step/sv_results/human/data/ERR3239768/NA19451.final.cram  2> /scratch/Shares/layer/workspace/devin_sra/sv_step/sv_results/human/data/log/ERR3239768/NA19451.final.get_data.log
        aws s3 cp s3://1000genomes/1000G_2504_high_coverage/data/ERR3239768/NA19451.final.cram.cram.crai /scratch/Shares/layer/workspace/devin_sra/sv_step/sv_results/human/data/ERR3239768/NA19451.final.cram.crai 2>> /scratch/Shares/layer/workspace/devin_sra/sv_step/sv_results/human/data/log/ERR3239768/NA19451.final.get_data.log
        
        (one of the commands exited with non-zero exit code; note that snakemake uses bash strict mode!)

Removing output files of failed job GetData since they might be corrupted:
/scratch/Shares/layer/workspace/devin_sra/sv_step/sv_results/human/data/ERR3239768/NA19451.final.cram
[Sat Nov 13 14:09:03 2021]
Error in rule GetData:
    jobid: 65
    output: /scratch/Shares/layer/workspace/devin_sra/sv_step/sv_results/human/data/ERR3242089/HG01864.final.cram, /scratch/Shares/layer/workspace/devin_sra/sv_step/sv_results/human/data/ERR3242089/HG01864.final.cram.crai
    log: /scratch/Shares/layer/workspace/devin_sra/sv_step/sv_results/human/data/log/ERR3242089/HG01864.final.get_data.log (check log file(s) for error message)
    shell:
        
        aws s3 cp s3://1000genomes/1000G_2504_high_coverage/data/ERR3242089/HG01864.final.cram /scratch/Shares/layer/workspace/devin_sra/sv_step/sv_results/human/data/ERR3242089/HG01864.final.cram  2> /scratch/Shares/layer/workspace/devin_sra/sv_step/sv_results/human/data/log/ERR3242089/HG01864.final.get_data.log
        aws s3 cp s3://1000genomes/1000G_2504_high_coverage/data/ERR3242089/HG01864.final.cram.cram.crai /scratch/Shares/layer/workspace/devin_sra/sv_step/sv_results/human/data/ERR3242089/HG01864.final.cram.crai 2>> /scratch/Shares/layer/workspace/devin_sra/sv_step/sv_results/human/data/log/ERR3242089/HG01864.final.get_data.log
        
        (one of the commands exited with non-zero exit code; note that snakemake uses bash strict mode!)

Removing output files of failed job GetData since they might be corrupted:
/scratch/Shares/layer/workspace/devin_sra/sv_step/sv_results/human/data/ERR3242089/HG01864.final.cram
[Sat Nov 13 14:09:07 2021]
Error in rule GetData:
    jobid: 15
    output: /scratch/Shares/layer/workspace/devin_sra/sv_step/sv_results/human/data/ERR3239684/NA19019.final.cram, /scratch/Shares/layer/workspace/devin_sra/sv_step/sv_results/human/data/ERR3239684/NA19019.final.cram.crai
    log: /scratch/Shares/layer/workspace/devin_sra/sv_step/sv_results/human/data/log/ERR3239684/NA19019.final.get_data.log (check log file(s) for error message)
    shell:
        
        aws s3 cp s3://1000genomes/1000G_2504_high_coverage/data/ERR3239684/NA19019.final.cram /scratch/Shares/layer/workspace/devin_sra/sv_step/sv_results/human/data/ERR3239684/NA19019.final.cram  2> /scratch/Shares/layer/workspace/devin_sra/sv_step/sv_results/human/data/log/ERR3239684/NA19019.final.get_data.log
        aws s3 cp s3://1000genomes/1000G_2504_high_coverage/data/ERR3239684/NA19019.final.cram.cram.crai /scratch/Shares/layer/workspace/devin_sra/sv_step/sv_results/human/data/ERR3239684/NA19019.final.cram.crai 2>> /scratch/Shares/layer/workspace/devin_sra/sv_step/sv_results/human/data/log/ERR3239684/NA19019.final.get_data.log
        
        (one of the commands exited with non-zero exit code; note that snakemake uses bash strict mode!)

Removing output files of failed job GetData since they might be corrupted:
/scratch/Shares/layer/workspace/devin_sra/sv_step/sv_results/human/data/ERR3239684/NA19019.final.cram
[Sat Nov 13 14:09:26 2021]
Error in rule GetData:
    jobid: 45
    output: /scratch/Shares/layer/workspace/devin_sra/sv_step/sv_results/human/data/ERR3240178/HG00234.final.cram, /scratch/Shares/layer/workspace/devin_sra/sv_step/sv_results/human/data/ERR3240178/HG00234.final.cram.crai
    log: /scratch/Shares/layer/workspace/devin_sra/sv_step/sv_results/human/data/log/ERR3240178/HG00234.final.get_data.log (check log file(s) for error message)
    shell:
        
        aws s3 cp s3://1000genomes/1000G_2504_high_coverage/data/ERR3240178/HG00234.final.cram /scratch/Shares/layer/workspace/devin_sra/sv_step/sv_results/human/data/ERR3240178/HG00234.final.cram  2> /scratch/Shares/layer/workspace/devin_sra/sv_step/sv_results/human/data/log/ERR3240178/HG00234.final.get_data.log
        aws s3 cp s3://1000genomes/1000G_2504_high_coverage/data/ERR3240178/HG00234.final.cram.cram.crai /scratch/Shares/layer/workspace/devin_sra/sv_step/sv_results/human/data/ERR3240178/HG00234.final.cram.crai 2>> /scratch/Shares/layer/workspace/devin_sra/sv_step/sv_results/human/data/log/ERR3240178/HG00234.final.get_data.log
        
        (one of the commands exited with non-zero exit code; note that snakemake uses bash strict mode!)

Removing output files of failed job GetData since they might be corrupted:
/scratch/Shares/layer/workspace/devin_sra/sv_step/sv_results/human/data/ERR3240178/HG00234.final.cram
[Sat Nov 13 14:09:34 2021]
Error in rule GetData:
    jobid: 75
    output: /scratch/Shares/layer/workspace/devin_sra/sv_step/sv_results/human/data/ERR3243018/HG02691.final.cram, /scratch/Shares/layer/workspace/devin_sra/sv_step/sv_results/human/data/ERR3243018/HG02691.final.cram.crai
    log: /scratch/Shares/layer/workspace/devin_sra/sv_step/sv_results/human/data/log/ERR3243018/HG02691.final.get_data.log (check log file(s) for error message)
    shell:
        
        aws s3 cp s3://1000genomes/1000G_2504_high_coverage/data/ERR3243018/HG02691.final.cram /scratch/Shares/layer/workspace/devin_sra/sv_step/sv_results/human/data/ERR3243018/HG02691.final.cram  2> /scratch/Shares/layer/workspace/devin_sra/sv_step/sv_results/human/data/log/ERR3243018/HG02691.final.get_data.log
        aws s3 cp s3://1000genomes/1000G_2504_high_coverage/data/ERR3243018/HG02691.final.cram.cram.crai /scratch/Shares/layer/workspace/devin_sra/sv_step/sv_results/human/data/ERR3243018/HG02691.final.cram.crai 2>> /scratch/Shares/layer/workspace/devin_sra/sv_step/sv_results/human/data/log/ERR3243018/HG02691.final.get_data.log
        
        (one of the commands exited with non-zero exit code; note that snakemake uses bash strict mode!)

Removing output files of failed job GetData since they might be corrupted:
/scratch/Shares/layer/workspace/devin_sra/sv_step/sv_results/human/data/ERR3243018/HG02691.final.cram
Shutting down, this might take some time.
Exiting because a job execution failed. Look above for error message
Complete log: /scratch/Shares/layer/workspace/devin_sra/sv_step/.snakemake/log/2021-11-13T133328.598777.snakemake.log
