Building DAG of jobs...
Using shell: /usr/bin/bash
Provided cores: 16
Rules claiming more threads will be scaled down.
Provided resources: disk_mb=700000
Job stats:
job               count    min threads    max threads
--------------  -------  -------------  -------------
AllCall               1              1              1
ExcludeRegions       58              1              1
GapRegions            1             16             16
GetData              58              1              1
GetHighCov           58              1              1
Mosdepth             58              1              1
SmooveCall           58              1              1
SmooveMerge           1              1              1
total               293              1             16

Select jobs to execute...

[Sun Nov 14 15:15:46 2021]
rule GapRegions:
    input: /scratch/Shares/layer/workspace/devin_sra/sv_step/sv_results/data/human/ref/ref.fa
    output: /scratch/Shares/layer/workspace/devin_sra/sv_step/sv_results/human/data/gap_regions.bed
    jobid: 6
    priority: 2
    threads: 16
    resources: tmpdir=/tmp

Activating conda environment: /scratch/Shares/layer/workspace/devin_sra/sv_step/sv_results/snakemake-conda/c6e4c93014a7b9665befbcb33e1d3642
Will exit after finishing currently running jobs.
[Sun Nov 14 15:15:48 2021]
Error in rule GapRegions:
    jobid: 6
    output: /scratch/Shares/layer/workspace/devin_sra/sv_step/sv_results/human/data/gap_regions.bed
    conda-env: /scratch/Shares/layer/workspace/devin_sra/sv_step/sv_results/snakemake-conda/c6e4c93014a7b9665befbcb33e1d3642
    shell:
        python /scratch/Shares/layer/workspace/devin_sra/sv_step/sv_pipe/src/scripts/gap_regions.py /scratch/Shares/layer/workspace/devin_sra/sv_step/sv_results/data/human/ref/ref.fa 16 > /scratch/Shares/layer/workspace/devin_sra/sv_step/sv_results/human/data/gap_regions.bed
        (one of the commands exited with non-zero exit code; note that snakemake uses bash strict mode!)

Removing output files of failed job GapRegions since they might be corrupted:
/scratch/Shares/layer/workspace/devin_sra/sv_step/sv_results/human/data/gap_regions.bed
