du: cannot read directory ‘/scratch/Shares/layer/projects/chco/kristen/exome-bakeoff/GATK_NEXTFLOW_PIPELINE/roche/work/40/b6f01344c4722e901e49acbff5e9e8/X_1-40000001.gdb’: Permission denied
du: cannot read directory ‘/scratch/Shares/layer/projects/chco/kristen/exome-bakeoff/GATK_NEXTFLOW_PIPELINE/roche/work/eb/191f890914507e5d2c911d6c7a7cda/11_40000001-51644205.gdb’: Permission denied
du: cannot read directory ‘/scratch/Shares/layer/projects/chco/kristen/exome-bakeoff/GATK_NEXTFLOW_PIPELINE/roche/work/c2/a6c397d5b69fd80cfdb931dd2c33dc/5_40000001-46405641.gdb’: Permission denied
du: cannot read directory ‘/scratch/Shares/layer/projects/chco/kristen/exome-bakeoff/GATK_NEXTFLOW_PIPELINE/roche/work/69/63336e172cc9be997a1138ae74e60b/X_61632012-101632012.gdb’: Permission denied
du: cannot read directory ‘/scratch/Shares/layer/projects/chco/kristen/exome-bakeoff/GATK_NEXTFLOW_PIPELINE/roche/work/a5/c237ce93ee6e3e2b2764fc27d9ef78/1_204535434-244535434.gdb’: Permission denied
du: cannot read directory ‘/scratch/Shares/layer/projects/chco/kristen/exome-bakeoff/GATK_NEXTFLOW_PIPELINE/roche/work/4a/057b3ee6eeefc0ea7985d470308ebb/4_172660117-191154276.gdb’: Permission denied
du: cannot read directory ‘/scratch/Shares/layer/projects/chco/kristen/exome-bakeoff/GATK_NEXTFLOW_PIPELINE/roche/work/3a/83d54eff474e1723a713383f240e90/22_1-13000000.gdb’: Permission denied
du: cannot read directory ‘/scratch/Shares/layer/projects/chco/kristen/exome-bakeoff/GATK_NEXTFLOW_PIPELINE/roche/work/aa/35ca789709af17addd046395e35fc4/9_50367679-90367679.gdb’: Permission denied
du: cannot read directory ‘/scratch/Shares/layer/projects/chco/kristen/exome-bakeoff/GATK_NEXTFLOW_PIPELINE/roche/work/5d/65bfdb629e28dbfab99dc63a97c96d/20_1-26369569.gdb’: Permission denied
du: cannot read directory ‘/scratch/Shares/layer/projects/chco/kristen/exome-bakeoff/GATK_NEXTFLOW_PIPELINE/roche/work/a3/3feeaee9e0ed1af0ada171c2061121/7_101054331-141054331.gdb’: Permission denied
du: cannot read directory ‘/scratch/Shares/layer/projects/chco/kristen/exome-bakeoff/GATK_NEXTFLOW_PIPELINE/roche/work/01/8e992cf378d6281214948859a107ef/1_120000001-121485432.gdb’: Permission denied
du: cannot read directory ‘/scratch/Shares/layer/projects/chco/kristen/exome-bakeoff/GATK_NEXTFLOW_PIPELINE/roche/work/99/a195304d16204a84e24d3874a06d99/13_19000000-59000000.gdb’: Permission denied
du: cannot read directory ‘/scratch/Shares/layer/projects/chco/kristen/exome-bakeoff/GATK_NEXTFLOW_PIPELINE/roche/work/8e/c39bfd976734309c591836f2374053/3_173504854-198022430.gdb’: Permission denied
du: cannot read directory ‘/scratch/Shares/layer/projects/chco/kristen/exome-bakeoff/GATK_NEXTFLOW_PIPELINE/roche/work/4c/d51a72bd8eed7838ef07acd2a65a43/15_20000000-60000000.gdb’: Permission denied
du: cannot read directory ‘/scratch/Shares/layer/projects/chco/kristen/exome-bakeoff/GATK_NEXTFLOW_PIPELINE/roche/work/9f/d972677de822f37898c47f899669d9/2_1-40000001.gdb’: Permission denied
du: cannot read directory ‘/scratch/Shares/layer/projects/chco/kristen/exome-bakeoff/GATK_NEXTFLOW_PIPELINE/roche/work/a4/6322ee4dd653b9927b958955260632/22_16000000-51304566.gdb’: Permission denied
du: cannot read directory ‘/scratch/Shares/layer/projects/chco/kristen/exome-bakeoff/GATK_NEXTFLOW_PIPELINE/roche/work/0d/02bc556af931d37d58aac221789e6f/2_175326171-215326171.gdb’: Permission denied
du: cannot read directory ‘/scratch/Shares/layer/projects/chco/kristen/exome-bakeoff/GATK_NEXTFLOW_PIPELINE/roche/work/0d/f40a496736e319ba8b1d097f17f9b6/5_1-40000001.gdb’: Permission denied
du: cannot read directory ‘/scratch/Shares/layer/projects/chco/kristen/exome-bakeoff/GATK_NEXTFLOW_PIPELINE/roche/work/46/d404a5a2e15f35252b75fe3357dbe0/3_40000001-80000001.gdb’: Permission denied
du: cannot read directory ‘/scratch/Shares/layer/projects/chco/kristen/exome-bakeoff/GATK_NEXTFLOW_PIPELINE/roche/work/cb/acca3a2f11403577ecf9eeea70a560/4_40000001-49660117.gdb’: Permission denied
du: cannot read directory ‘/scratch/Shares/layer/projects/chco/kristen/exome-bakeoff/GATK_NEXTFLOW_PIPELINE/roche/work/22/10a468d70a7832c2ec70060409c40a/14_99000000-107349540.gdb’: Permission denied
du: cannot read directory ‘/scratch/Shares/layer/projects/chco/kristen/exome-bakeoff/GATK_NEXTFLOW_PIPELINE/roche/work/28/09cbd319307744d2e16a73b80369d0/15_100000000-102531392.gdb’: Permission denied
du: cannot read directory ‘/scratch/Shares/layer/projects/chco/kristen/exome-bakeoff/GATK_NEXTFLOW_PIPELINE/roche/work/2e/7b3080eff4722b433bf7aea5bd4b38/8_46838887-86838887.gdb’: Permission denied
du: cannot read directory ‘/scratch/Shares/layer/projects/chco/kristen/exome-bakeoff/GATK_NEXTFLOW_PIPELINE/roche/work/94/76b11d5d40415afc0b7b9e4ebc7846/19_1-24681782.gdb’: Permission denied
du: cannot read directory ‘/scratch/Shares/layer/projects/chco/kristen/exome-bakeoff/GATK_NEXTFLOW_PIPELINE/roche/work/ad/079d4fe650256f9e55b38163301a72/2_80000001-92326171.gdb’: Permission denied
du: cannot read directory ‘/scratch/Shares/layer/projects/chco/kristen/exome-bakeoff/GATK_NEXTFLOW_PIPELINE/roche/work/87/b04e94a6e32a327695e8e16aa396d0/Y_13104553-53104553.gdb’: Permission denied
du: cannot read directory ‘/scratch/Shares/layer/projects/chco/kristen/exome-bakeoff/GATK_NEXTFLOW_PIPELINE/roche/work/5e/4d95b0a737b7ae6e45da29c2f1ae20/3_133504854-173504854.gdb’: Permission denied
du: cannot read directory ‘/scratch/Shares/layer/projects/chco/kristen/exome-bakeoff/GATK_NEXTFLOW_PIPELINE/roche/work/59/3137b42af0bc0b16a0cd8cc5920daf/1_80000001-120000001.gdb’: Permission denied
du: cannot read directory ‘/scratch/Shares/layer/projects/chco/kristen/exome-bakeoff/GATK_NEXTFLOW_PIPELINE/roche/work/b5/f768e0a94bbd06a3fa38c848d05356/12_117856694-133851895.gdb’: Permission denied
du: cannot read directory ‘/scratch/Shares/layer/projects/chco/kristen/exome-bakeoff/GATK_NEXTFLOW_PIPELINE/roche/work/1b/951ac233d192c34c3b71b3e1e8b903/5_129405641-169405641.gdb’: Permission denied
du: cannot read directory ‘/scratch/Shares/layer/projects/chco/kristen/exome-bakeoff/GATK_NEXTFLOW_PIPELINE/roche/work/39/63e26139bec6cb3469bb583da2a16d/6_1-40000001.gdb’: Permission denied
du: cannot read directory ‘/scratch/Shares/layer/projects/chco/kristen/exome-bakeoff/GATK_NEXTFLOW_PIPELINE/roche/work/e2/c65adfe35db282a84eb6acc8f2f905/5_169405641-180915260.gdb’: Permission denied
du: cannot read directory ‘/scratch/Shares/layer/projects/chco/kristen/exome-bakeoff/GATK_NEXTFLOW_PIPELINE/roche/work/d2/f2b41e267fa21f7631afb7e6d1ba24/4_52660117-92660117.gdb’: Permission denied
du: cannot read directory ‘/scratch/Shares/layer/projects/chco/kristen/exome-bakeoff/GATK_NEXTFLOW_PIPELINE/roche/work/17/17685c26c35afb17fca7094e2f4dc0/6_141830166-171115067.gdb’: Permission denied
du: cannot read directory ‘/scratch/Shares/layer/projects/chco/kristen/exome-bakeoff/GATK_NEXTFLOW_PIPELINE/roche/work/c8/6129ee68fa8b8ae351d2330b605ea6/18_1-15460898.gdb’: Permission denied
du: cannot read directory ‘/scratch/Shares/layer/projects/chco/kristen/exome-bakeoff/GATK_NEXTFLOW_PIPELINE/roche/work/0c/d2db27983c8afcd52fd4018b2cc7db/11_1-40000001.gdb’: Permission denied
du: cannot read directory ‘/scratch/Shares/layer/projects/chco/kristen/exome-bakeoff/GATK_NEXTFLOW_PIPELINE/roche/work/0f/126944e98ce068b6c79cfc587b8ed5/1_1-40000001.gdb’: Permission denied
du: cannot read directory ‘/scratch/Shares/layer/projects/chco/kristen/exome-bakeoff/GATK_NEXTFLOW_PIPELINE/roche/work/c6/ca799b72873989faea3209fed5080c/6_61830166-101830166.gdb’: Permission denied
du: cannot read directory ‘/scratch/Shares/layer/projects/chco/kristen/exome-bakeoff/GATK_NEXTFLOW_PIPELINE/roche/work/d0/7be196e845b2db14794a30540a2973/17_25263006-65263006.gdb’: Permission denied
du: cannot read directory ‘/scratch/Shares/layer/projects/chco/kristen/exome-bakeoff/GATK_NEXTFLOW_PIPELINE/roche/work/d0/cc9b220701a1c43c99c0c18977e3da/4_92660117-132660117.gdb’: Permission denied
du: cannot read directory ‘/scratch/Shares/layer/projects/chco/kristen/exome-bakeoff/GATK_NEXTFLOW_PIPELINE/roche/work/b7/33185e3b6d291803192c307b50f9ea/10_82254935-122254935.gdb’: Permission denied
du: cannot read directory ‘/scratch/Shares/layer/projects/chco/kristen/exome-bakeoff/GATK_NEXTFLOW_PIPELINE/roche/work/10/7b54c993422447dd606ac1b9880402/4_132660117-172660117.gdb’: Permission denied
du: cannot read directory ‘/scratch/Shares/layer/projects/chco/kristen/exome-bakeoff/GATK_NEXTFLOW_PIPELINE/roche/work/2a/a61aef293ee39c56f21a279c33f45b/X_40000001-58632012.gdb’: Permission denied
du: cannot read directory ‘/scratch/Shares/layer/projects/chco/kristen/exome-bakeoff/GATK_NEXTFLOW_PIPELINE/roche/work/47/8783b0f9a3419013e2da93db5b8a9a/3_93504854-133504854.gdb’: Permission denied
du: cannot read directory ‘/scratch/Shares/layer/projects/chco/kristen/exome-bakeoff/GATK_NEXTFLOW_PIPELINE/roche/work/be/7c88af03afaec78f6fe689dd13d914/10_1-39254935.gdb’: Permission denied
du: cannot read directory ‘/scratch/Shares/layer/projects/chco/kristen/exome-bakeoff/GATK_NEXTFLOW_PIPELINE/roche/work/be/79cb2950e2f11b7059bf1b6e497738/19_27681782-59128983.gdb’: Permission denied
du: cannot read directory ‘/scratch/Shares/layer/projects/chco/kristen/exome-bakeoff/GATK_NEXTFLOW_PIPELINE/roche/work/97/3de5c3148ef8a9051cef076f73f884/6_40000001-58830166.gdb’: Permission denied
du: cannot read directory ‘/scratch/Shares/layer/projects/chco/kristen/exome-bakeoff/GATK_NEXTFLOW_PIPELINE/roche/work/97/31dea517327086458eb1595f95a211/18_18460898-58460898.gdb’: Permission denied
du: cannot read directory ‘/scratch/Shares/layer/projects/chco/kristen/exome-bakeoff/GATK_NEXTFLOW_PIPELINE/roche/work/6d/cc21938af16c45e9c7d1fada1b328c/7_141054331-159138663.gdb’: Permission denied
du: cannot read directory ‘/scratch/Shares/layer/projects/chco/kristen/exome-bakeoff/GATK_NEXTFLOW_PIPELINE/roche/work/6d/98ac674a2220dcebd2a4fc802b1161/18_58460898-78077248.gdb’: Permission denied
du: cannot read directory ‘/scratch/Shares/layer/projects/chco/kristen/exome-bakeoff/GATK_NEXTFLOW_PIPELINE/roche/work/d4/f8afbef05dd3e22a077025ddb03b50/9_130367679-141213431.gdb’: Permission denied
du: cannot read directory ‘/scratch/Shares/layer/projects/chco/kristen/exome-bakeoff/GATK_NEXTFLOW_PIPELINE/roche/work/24/2c7500fdb09aed903adbfca526f33a/9_1-40000001.gdb’: Permission denied
du: cannot read directory ‘/scratch/Shares/layer/projects/chco/kristen/exome-bakeoff/GATK_NEXTFLOW_PIPELINE/roche/work/24/038921fff04202796e916d8f65b60c/1_244535434-249250621.gdb’: Permission denied
du: cannot read directory ‘/scratch/Shares/layer/projects/chco/kristen/exome-bakeoff/GATK_NEXTFLOW_PIPELINE/roche/work/27/6f8797b122a8a6f563f598b34630db/Y_53104553-59373566.gdb’: Permission denied
du: cannot read directory ‘/scratch/Shares/layer/projects/chco/kristen/exome-bakeoff/GATK_NEXTFLOW_PIPELINE/roche/work/67/858257f07d7293fb1e4405034f0a70/13_59000000-99000000.gdb’: Permission denied
du: cannot read directory ‘/scratch/Shares/layer/projects/chco/kristen/exome-bakeoff/GATK_NEXTFLOW_PIPELINE/roche/work/67/ee45b726ba123955cad29189487d30/9_90367679-130367679.gdb’: Permission denied
du: cannot read directory ‘/scratch/Shares/layer/projects/chco/kristen/exome-bakeoff/GATK_NEXTFLOW_PIPELINE/roche/work/67/e38d48a7b4feaa0b67eca9d5673132/11_134644205-135006516.gdb’: Permission denied
du: cannot read directory ‘/scratch/Shares/layer/projects/chco/kristen/exome-bakeoff/GATK_NEXTFLOW_PIPELINE/roche/work/fe/457c103581dbd98c0b83cbff4970ec/20_29369569-63025520.gdb’: Permission denied
du: cannot read directory ‘/scratch/Shares/layer/projects/chco/kristen/exome-bakeoff/GATK_NEXTFLOW_PIPELINE/roche/work/25/e91c397331c28b9e9dd763b10ac55b/5_49405641-89405641.gdb’: Permission denied
du: cannot read directory ‘/scratch/Shares/layer/projects/chco/kristen/exome-bakeoff/GATK_NEXTFLOW_PIPELINE/roche/work/dc/8b13c34974467984996caf71f860b4/12_37856694-77856694.gdb’: Permission denied
du: cannot read directory ‘/scratch/Shares/layer/projects/chco/kristen/exome-bakeoff/GATK_NEXTFLOW_PIPELINE/roche/work/dc/6a19ad5abcea27c1ebcf7f7b0cebf2/6_101830166-141830166.gdb’: Permission denied
du: cannot read directory ‘/scratch/Shares/layer/projects/chco/kristen/exome-bakeoff/GATK_NEXTFLOW_PIPELINE/roche/work/e9/9c434a455aa5856878a75ee4f68ee7/7_40000001-58054331.gdb’: Permission denied
du: cannot read directory ‘/scratch/Shares/layer/projects/chco/kristen/exome-bakeoff/GATK_NEXTFLOW_PIPELINE/roche/work/57/dfa79056cb7acb388771c00cfd89b3/2_40000001-80000001.gdb’: Permission denied
du: cannot read directory ‘/scratch/Shares/layer/projects/chco/kristen/exome-bakeoff/GATK_NEXTFLOW_PIPELINE/roche/work/fc/4334f2ea814c3820add31b461a41a6/17_65263006-81195210.gdb’: Permission denied
du: cannot read directory ‘/scratch/Shares/layer/projects/chco/kristen/exome-bakeoff/GATK_NEXTFLOW_PIPELINE/roche/work/fc/0c468acb4d8be761705699b7995d4a/21_14288129-48129895.gdb’: Permission denied
du: cannot read directory ‘/scratch/Shares/layer/projects/chco/kristen/exome-bakeoff/GATK_NEXTFLOW_PIPELINE/roche/work/e1/ff1bf5dee3693ab0a1a23b4754846f/21_1-11288129.gdb’: Permission denied
du: cannot read directory ‘/scratch/Shares/layer/projects/chco/kristen/exome-bakeoff/GATK_NEXTFLOW_PIPELINE/roche/work/e1/1de75cd3164a72704d0140fdc60b5a/10_122254935-135534747.gdb’: Permission denied
du: cannot read directory ‘/scratch/Shares/layer/projects/chco/kristen/exome-bakeoff/GATK_NEXTFLOW_PIPELINE/roche/work/b3/733cf7ab8765c48ff9ea6e76123833/Y_1-10104553.gdb’: Permission denied
du: cannot read directory ‘/scratch/Shares/layer/projects/chco/kristen/exome-bakeoff/GATK_NEXTFLOW_PIPELINE/roche/work/90/af1c36359a63ab08cd98e0a597b631/14_59000000-99000000.gdb’: Permission denied
du: cannot read directory ‘/scratch/Shares/layer/projects/chco/kristen/exome-bakeoff/GATK_NEXTFLOW_PIPELINE/roche/work/70/ac68225c42b4c82a362f4bb1b4155f/11_94644205-134644205.gdb’: Permission denied
du: cannot read directory ‘/scratch/Shares/layer/projects/chco/kristen/exome-bakeoff/GATK_NEXTFLOW_PIPELINE/roche/work/70/bdfb85ee6db03163e74a833d80a54b/4_1-40000001.gdb’: Permission denied
du: cannot read directory ‘/scratch/Shares/layer/projects/chco/kristen/exome-bakeoff/GATK_NEXTFLOW_PIPELINE/roche/work/b6/627f77d63dfaa8e85518a6f1ea8716/8_40000001-43838887.gdb’: Permission denied
du: cannot read directory ‘/scratch/Shares/layer/projects/chco/kristen/exome-bakeoff/GATK_NEXTFLOW_PIPELINE/roche/work/a2/a99914df8471b9fa34f87e0cf17611/14_19000000-59000000.gdb’: Permission denied
du: cannot read directory ‘/scratch/Shares/layer/projects/chco/kristen/exome-bakeoff/GATK_NEXTFLOW_PIPELINE/roche/work/a2/f9a34858bb0dcc00220bc2c3a45677/8_126838887-146364022.gdb’: Permission denied
du: cannot read directory ‘/scratch/Shares/layer/projects/chco/kristen/exome-bakeoff/GATK_NEXTFLOW_PIPELINE/roche/work/c3/16bccf95b0b30cd964362e7c41449b/2_215326171-243199373.gdb’: Permission denied
du: cannot read directory ‘/scratch/Shares/layer/projects/chco/kristen/exome-bakeoff/GATK_NEXTFLOW_PIPELINE/roche/work/45/d641e56841e7c76537e93a3d9e0a2a/16_78335801-90354753.gdb’: Permission denied
du: cannot read directory ‘/scratch/Shares/layer/projects/chco/kristen/exome-bakeoff/GATK_NEXTFLOW_PIPELINE/roche/work/3e/9eaf092ddb13dadfa65d65048dd2e8/1_164535434-204535434.gdb’: Permission denied
du: cannot read directory ‘/scratch/Shares/layer/projects/chco/kristen/exome-bakeoff/GATK_NEXTFLOW_PIPELINE/roche/work/03/40755164187b0dfed98eb126cc93be/2_95326171-135326171.gdb’: Permission denied
du: cannot read directory ‘/scratch/Shares/layer/projects/chco/kristen/exome-bakeoff/GATK_NEXTFLOW_PIPELINE/roche/work/e3/c04bff8062d18fe8f652af9bbcaad4/15_60000000-100000000.gdb’: Permission denied
du: cannot read directory ‘/scratch/Shares/layer/projects/chco/kristen/exome-bakeoff/GATK_NEXTFLOW_PIPELINE/roche/work/d5/165ec45806709e8ed8418c782bcd8d/12_1-34856694.gdb’: Permission denied
du: cannot read directory ‘/scratch/Shares/layer/projects/chco/kristen/exome-bakeoff/GATK_NEXTFLOW_PIPELINE/roche/work/54/3f1bc6505e533ad544881c19c762dd/5_89405641-129405641.gdb’: Permission denied
du: cannot read directory ‘/scratch/Shares/layer/projects/chco/kristen/exome-bakeoff/GATK_NEXTFLOW_PIPELINE/roche/work/74/d885a26a06cfac529512980637b61b/7_61054331-101054331.gdb’: Permission denied
du: cannot read directory ‘/scratch/Shares/layer/projects/chco/kristen/exome-bakeoff/GATK_NEXTFLOW_PIPELINE/roche/work/1d/8c2d6251d007dc86e92591500e9f68/2_135326171-175326171.gdb’: Permission denied
du: cannot read directory ‘/scratch/Shares/layer/projects/chco/kristen/exome-bakeoff/GATK_NEXTFLOW_PIPELINE/roche/work/5c/cfda8a981b9b9c35ad8b36c9f100ab/13_99000000-115169878.gdb’: Permission denied
du: cannot read directory ‘/scratch/Shares/layer/projects/chco/kristen/exome-bakeoff/GATK_NEXTFLOW_PIPELINE/roche/work/15/c2ec3a46ff938582861ac4da04efd4/16_1-35335801.gdb’: Permission denied
du: cannot read directory ‘/scratch/Shares/layer/projects/chco/kristen/exome-bakeoff/GATK_NEXTFLOW_PIPELINE/roche/work/95/b9f56fe9029e839246c763ef0d7c9c/10_42254935-82254935.gdb’: Permission denied
du: cannot read directory ‘/scratch/Shares/layer/projects/chco/kristen/exome-bakeoff/GATK_NEXTFLOW_PIPELINE/roche/work/f3/1df46ca37a78c2862512db3ed76e02/1_124535434-164535434.gdb’: Permission denied
du: cannot read directory ‘/scratch/Shares/layer/projects/chco/kristen/exome-bakeoff/GATK_NEXTFLOW_PIPELINE/roche/work/1f/be0bb2046dfc700804d5a61225ed06/17_1-22263006.gdb’: Permission denied
du: cannot read directory ‘/scratch/Shares/layer/projects/chco/kristen/exome-bakeoff/GATK_NEXTFLOW_PIPELINE/roche/work/2b/26e57a0c613ab54db41e871396b9cb/7_1-40000001.gdb’: Permission denied
du: cannot read directory ‘/scratch/Shares/layer/projects/chco/kristen/exome-bakeoff/GATK_NEXTFLOW_PIPELINE/roche/work/c5/b962e517c2274e7caaa34b4b1adf17/3_1-40000001.gdb’: Permission denied
du: cannot read directory ‘/scratch/Shares/layer/projects/chco/kristen/exome-bakeoff/GATK_NEXTFLOW_PIPELINE/roche/work/58/4d5737153bcdfaa855749a30e46b78/X_141632012-155270560.gdb’: Permission denied
du: cannot read directory ‘/scratch/Shares/layer/projects/chco/kristen/exome-bakeoff/GATK_NEXTFLOW_PIPELINE/roche/work/58/e23998f6710ea36114705e8c2ee0e8/X_101632012-141632012.gdb’: Permission denied
du: cannot read directory ‘/scratch/Shares/layer/projects/chco/kristen/exome-bakeoff/GATK_NEXTFLOW_PIPELINE/roche/work/c7/e11a4f2c11bc21d81febc5d511d36c/8_86838887-126838887.gdb’: Permission denied
du: cannot read directory ‘/scratch/Shares/layer/projects/chco/kristen/exome-bakeoff/GATK_NEXTFLOW_PIPELINE/roche/work/c7/ece5131c09c3e520411f353a88d2bd/9_40000001-47367679.gdb’: Permission denied
du: cannot read directory ‘/scratch/Shares/layer/projects/chco/kristen/exome-bakeoff/GATK_NEXTFLOW_PIPELINE/roche/work/44/ebda1153b17d817ad608469f68cdbd/16_38335801-78335801.gdb’: Permission denied
du: cannot read directory ‘/scratch/Shares/layer/projects/chco/kristen/exome-bakeoff/GATK_NEXTFLOW_PIPELINE/roche/work/3f/528a4ddcec8020f952e34d7de92ee6/3_80000001-90504854.gdb’: Permission denied
du: cannot read directory ‘/scratch/Shares/layer/projects/chco/kristen/exome-bakeoff/GATK_NEXTFLOW_PIPELINE/roche/work/9c/c5b8f09c349d664c2a765eeb830551/MT_1-16569.gdb’: Permission denied
du: cannot read directory ‘/scratch/Shares/layer/projects/chco/kristen/exome-bakeoff/GATK_NEXTFLOW_PIPELINE/idt/work/3b/3deeca54d6ed48e45ea7c479333dda/9_1-141213431.gdb’: Permission denied
du: cannot read directory ‘/scratch/Shares/layer/projects/chco/kristen/exome-bakeoff/GATK_NEXTFLOW_PIPELINE/idt/work/f2/a4f0dd8674196115f2776af3d0138f/5_1-180915260.gdb’: Permission denied
du: cannot read directory ‘/scratch/Shares/layer/projects/chco/kristen/exome-bakeoff/GATK_NEXTFLOW_PIPELINE/idt/work/66/69a5ea3ef4bcc4272e73996385a636/22_1-51304566.gdb’: Permission denied
du: cannot read directory ‘/scratch/Shares/layer/projects/chco/kristen/exome-bakeoff/GATK_NEXTFLOW_PIPELINE/idt/work/90/b622ce862ceedeb0796fabdc16e5d3/3_1-198022430.gdb’: Permission denied
du: cannot read directory ‘/scratch/Shares/layer/projects/chco/kristen/exome-bakeoff/GATK_NEXTFLOW_PIPELINE/idt/work/bf/fafed120551dc3bc77247bf7cf791a/11_1-135006516.gdb’: Permission denied
du: cannot read directory ‘/scratch/Shares/layer/projects/chco/kristen/exome-bakeoff/GATK_NEXTFLOW_PIPELINE/idt/work/36/2f1c0405d9b487ea964abf5e2a8fb9/18_1-78077248.gdb’: Permission denied
du: cannot read directory ‘/scratch/Shares/layer/projects/chco/kristen/exome-bakeoff/GATK_NEXTFLOW_PIPELINE/idt/work/a0/fc6f4c6f71769fdb23681af0177451/8_1-146364022.gdb’: Permission denied
du: cannot read directory ‘/scratch/Shares/layer/projects/chco/kristen/exome-bakeoff/GATK_NEXTFLOW_PIPELINE/idt/work/bb/0a6ce25cda17f4991160b83216b7bc/15_20000000-102531392.gdb’: Permission denied
du: cannot read directory ‘/scratch/Shares/layer/projects/chco/kristen/exome-bakeoff/GATK_NEXTFLOW_PIPELINE/idt/work/8d/436a70f4102af19260f89ddd4a3791/21_1-48129895.gdb’: Permission denied
du: cannot read directory ‘/scratch/Shares/layer/projects/chco/kristen/exome-bakeoff/GATK_NEXTFLOW_PIPELINE/idt/work/43/09fb064ee55fc7e3e8493f2959b964/X_1-155270560.gdb’: Permission denied
du: cannot read directory ‘/scratch/Shares/layer/projects/chco/kristen/exome-bakeoff/GATK_NEXTFLOW_PIPELINE/idt/work/9c/0c8223688027eac446b09f4c164762/13_19000000-115169878.gdb’: Permission denied
du: cannot read directory ‘/scratch/Shares/layer/projects/chco/kristen/exome-bakeoff/GATK_NEXTFLOW_PIPELINE/idt/work/e7/5dca73fc184e5e4a59b83896347c03/6_1-171115067.gdb’: Permission denied
du: cannot read directory ‘/scratch/Shares/layer/projects/chco/kristen/exome-bakeoff/GATK_NEXTFLOW_PIPELINE/idt/work/94/7ca0f9568b1406ef2a2edff1d9779f/17_1-81195210.gdb’: Permission denied
du: cannot read directory ‘/scratch/Shares/layer/projects/chco/kristen/exome-bakeoff/GATK_NEXTFLOW_PIPELINE/idt/work/ee/aab8cefef65cd1b4b9e6c3c738c0dc/1_1-249250621.gdb’: Permission denied
du: cannot read directory ‘/scratch/Shares/layer/projects/chco/kristen/exome-bakeoff/GATK_NEXTFLOW_PIPELINE/idt/work/8c/f7fad82eb276e6187909f7a421c7b3/10_1-135534747.gdb’: Permission denied
du: cannot read directory ‘/scratch/Shares/layer/projects/chco/kristen/exome-bakeoff/GATK_NEXTFLOW_PIPELINE/idt/work/80/fef5316fd9f532ed35fa9fd8771681/16_1-90354753.gdb’: Permission denied
du: cannot read directory ‘/scratch/Shares/layer/projects/chco/kristen/exome-bakeoff/GATK_NEXTFLOW_PIPELINE/idt/work/68/1478c6d3b8152aa10c2a62fd608aeb/4_1-191154276.gdb’: Permission denied
du: cannot read directory ‘/scratch/Shares/layer/projects/chco/kristen/exome-bakeoff/GATK_NEXTFLOW_PIPELINE/idt/work/15/a3215d1fbbe538b3e3cb21a61310ea/12_1-133851895.gdb’: Permission denied
du: cannot read directory ‘/scratch/Shares/layer/projects/chco/kristen/exome-bakeoff/GATK_NEXTFLOW_PIPELINE/idt/work/f6/e143a4b67d19305a05242ee0b383d0/14_1900000-107349540.gdb’: Permission denied
du: cannot read directory ‘/scratch/Shares/layer/projects/chco/kristen/exome-bakeoff/GATK_NEXTFLOW_PIPELINE/idt/work/87/5b55b8227c61d7cf1c8673f74a79fe/2_1-243199373.gdb’: Permission denied
du: cannot read directory ‘/scratch/Shares/layer/projects/chco/kristen/exome-bakeoff/GATK_NEXTFLOW_PIPELINE/idt/work/5e/159481a08f4ce240d90b616a43a96e/Y_1-59373566.gdb’: Permission denied
du: cannot read directory ‘/scratch/Shares/layer/projects/chco/kristen/exome-bakeoff/GATK_NEXTFLOW_PIPELINE/idt/work/2a/c2907df76cf6aa9dc25f50212a0260/20_1-63025520.gdb’: Permission denied
du: cannot read directory ‘/scratch/Shares/layer/projects/chco/kristen/exome-bakeoff/GATK_NEXTFLOW_PIPELINE/idt/work/16/d983263e734b7ae170d9996976c817/19_1-59128983.gdb’: Permission denied
du: cannot read directory ‘/scratch/Shares/layer/projects/chco/kristen/exome-bakeoff/GATK_NEXTFLOW_PIPELINE/idt/work/be/495a1eae0b837f60e1185740c27128/7_1-159138663.gdb’: Permission denied
du: cannot access ‘/scratch/Shares/layer/projects/chco/kristen/exome-bakeoff/1501199.precision.csv’: No such file or directory
du: cannot access ‘/scratch/Shares/layer/projects/chco/kristen/exome-bakeoff/0720ME25.sites.union.precision.bed’: No such file or directory
du: cannot access ‘/scratch/Shares/layer/projects/chco/kristen/exome-bakeoff/0720ME25.precision.csv’: No such file or directory
du: cannot access ‘/scratch/Shares/layer/projects/chco/kristen/exome-bakeoff/1501199.sites.union.precision.bed’: No such file or directory
du: cannot read directory ‘/scratch/Shares/layer/projects/chco/kristen/exome-bakeoff/kristen_test_pipline/work/6e/9ae35dc5f6b6c794873d5f4b62461f/4_1-191154276.gdb’: Permission denied
du: cannot read directory ‘/scratch/Shares/layer/projects/chco/kristen/exome-bakeoff/kristen_test_pipline/work/64/edc1ce8989e9d973c38cc798be5202/21_1-48129895.gdb’: Permission denied
du: cannot read directory ‘/scratch/Shares/layer/projects/chco/kristen/exome-bakeoff/kristen_test_pipline/work/d6/4213d8e31a6e6eaa544306bbdabdc3/5_1-180915260.gdb’: Permission denied
du: cannot read directory ‘/scratch/Shares/layer/projects/chco/kristen/exome-bakeoff/kristen_test_pipline/work/9d/aa6b5e3d6505958ae0aaa339ee5fd3/16_1-90354753.gdb’: Permission denied
du: cannot read directory ‘/scratch/Shares/layer/projects/chco/kristen/exome-bakeoff/kristen_test_pipline/work/9d/e70b0c149503ba774be0ffe4ca6303/10_1-135534747.gdb’: Permission denied
du: cannot read directory ‘/scratch/Shares/layer/projects/chco/kristen/exome-bakeoff/kristen_test_pipline/work/d3/4a339823253e898315887f5d6cdec4/8_1-146364022.gdb’: Permission denied
du: cannot read directory ‘/scratch/Shares/layer/projects/chco/kristen/exome-bakeoff/kristen_test_pipline/work/ac/011a913665a2dbfe475a09811ac8bf/1_1-249250621.gdb’: Permission denied
du: cannot read directory ‘/scratch/Shares/layer/projects/chco/kristen/exome-bakeoff/kristen_test_pipline/work/cc/ad1367f22276a25a3e23d634052083/2_1-243199373.gdb’: Permission denied
du: cannot read directory ‘/scratch/Shares/layer/projects/chco/kristen/exome-bakeoff/kristen_test_pipline/work/d1/6c9657402880f7c787d899a6b2ff6f/12_1-133851895.gdb’: Permission denied
du: cannot read directory ‘/scratch/Shares/layer/projects/chco/kristen/exome-bakeoff/kristen_test_pipline/work/48/3582227b13e1ca0f2f364140398e71/19_1-59128983.gdb’: Permission denied
du: cannot read directory ‘/scratch/Shares/layer/projects/chco/kristen/exome-bakeoff/kristen_test_pipline/work/f9/82cfff2b5b6da8dfddc0720f1017fe/9_1-141213431.gdb’: Permission denied
du: cannot read directory ‘/scratch/Shares/layer/projects/chco/kristen/exome-bakeoff/kristen_test_pipline/work/86/bfd256a30fdcd1618f7b3624ce786e/Y_1-59373566.gdb’: Permission denied
du: cannot read directory ‘/scratch/Shares/layer/projects/chco/kristen/exome-bakeoff/kristen_test_pipline/work/8f/99e27498d11970a75e30f39f15e73a/18_1-78077248.gdb’: Permission denied
du: cannot read directory ‘/scratch/Shares/layer/projects/chco/kristen/exome-bakeoff/kristen_test_pipline/work/51/e74a169e2eac1fa739ced8cf9dd384/3_1-198022430.gdb’: Permission denied
du: cannot read directory ‘/scratch/Shares/layer/projects/chco/kristen/exome-bakeoff/kristen_test_pipline/work/78/82d8a3e2d0d25c9f6f1a02420cce0e/7_1-159138663.gdb’: Permission denied
du: cannot read directory ‘/scratch/Shares/layer/projects/chco/kristen/exome-bakeoff/kristen_test_pipline/work/78/48d952e9020ddec741c2d4a0942829/13_1-115169878.gdb’: Permission denied
du: cannot read directory ‘/scratch/Shares/layer/projects/chco/kristen/exome-bakeoff/kristen_test_pipline/work/60/5845befcf25fb20f8d3e39e9b4334d/MT_1-16569.gdb’: Permission denied
du: cannot read directory ‘/scratch/Shares/layer/projects/chco/kristen/exome-bakeoff/kristen_test_pipline/work/ef/583efef58bdf3802d0d7b481f05b5a/6_1-171115067.gdb’: Permission denied
du: cannot read directory ‘/scratch/Shares/layer/projects/chco/kristen/exome-bakeoff/kristen_test_pipline/work/8a/7b89d6a3f1bacc55a8315ae3df9f03/17_1-81195210.gdb’: Permission denied
du: cannot read directory ‘/scratch/Shares/layer/projects/chco/kristen/exome-bakeoff/kristen_test_pipline/work/9f/4b05209d10c5fd6b59e537235cf5e1/20_1-63025520.gdb’: Permission denied
du: cannot read directory ‘/scratch/Shares/layer/projects/chco/kristen/exome-bakeoff/kristen_test_pipline/work/5a/ecb75d97ce1c1da5622b26faab1ca7/11_1-135006516.gdb’: Permission denied
du: cannot read directory ‘/scratch/Shares/layer/projects/chco/kristen/exome-bakeoff/kristen_test_pipline/work/5a/02f0098ad4251f118a82c8f80e50fd/X_1-155270560.gdb’: Permission denied
du: cannot read directory ‘/scratch/Shares/layer/projects/chco/kristen/exome-bakeoff/kristen_test_pipline/work/91/7dcf424838b2345a436d42f9b68d2c/15_1-102531392.gdb’: Permission denied
du: cannot read directory ‘/scratch/Shares/layer/projects/chco/kristen/exome-bakeoff/kristen_test_pipline/work/7b/c1eb5086d8fe60115fd5f3433ee02f/22_1-51304566.gdb’: Permission denied
du: cannot read directory ‘/scratch/Shares/layer/projects/chco/kristen/exome-bakeoff/kristen_test_pipline/work/65/4d09b5f1bc19ab48ce48dc10e9da80/14_1-107349540.gdb’: Permission denied
du: cannot access ‘/scratch/Shares/layer/projects/chco/kristen/mkdir’: No such file or directory
slurmstepd: error: *** JOB 8304872 ON fijinode-15 CANCELLED AT 2022-05-18T14:47:29 ***
