Building DAG of jobs...
Updating job Mosdepth.
Updating job SmooveCall.
Updating job Mosdepth.
Updating job SmooveCall.
Updating job Mosdepth.
Updating job SmooveCall.
Updating job Mosdepth.
Updating job SmooveCall.
Updating job Mosdepth.
Updating job SmooveCall.
Updating job Mosdepth.
Updating job SmooveCall.
Updating job Mosdepth.
Updating job SmooveCall.
Updating job Mosdepth.
Updating job SmooveCall.
Updating job Mosdepth.
Updating job SmooveCall.
Updating job Mosdepth.
Updating job SmooveCall.
Updating job Mosdepth.
Updating job SmooveCall.
Updating job Mosdepth.
Updating job SmooveCall.
Updating job Mosdepth.
Updating job SmooveCall.
Updating job Mosdepth.
Updating job SmooveCall.
Updating job Mosdepth.
Updating job SmooveCall.
Updating job Mosdepth.
Updating job SmooveCall.
Updating job Mosdepth.
Updating job SmooveCall.
Updating job Mosdepth.
Updating job SmooveCall.
Updating job Mosdepth.
Updating job SmooveCall.
Updating job Mosdepth.
Updating job SmooveCall.
Updating job Mosdepth.
Updating job SmooveCall.
Updating job Mosdepth.
Updating job SmooveCall.
Updating job Mosdepth.
Updating job SmooveCall.
Updating job Mosdepth.
Updating job SmooveCall.
Updating job Mosdepth.
Updating job SmooveCall.
Updating job Mosdepth.
Updating job SmooveCall.
Updating job Mosdepth.
Updating job SmooveCall.
Updating job Mosdepth.
Updating job SmooveCall.
Updating job Mosdepth.
Updating job SmooveCall.
Updating job Mosdepth.
Updating job SmooveCall.
Updating job Mosdepth.
Updating job SmooveCall.
Updating job Mosdepth.
Updating job SmooveCall.
Updating job Mosdepth.
Updating job SmooveCall.
Updating job Mosdepth.
Updating job SmooveCall.
Updating job Mosdepth.
Updating job SmooveCall.
Updating job Mosdepth.
Updating job SmooveCall.
Updating job Mosdepth.
Updating job SmooveCall.
Updating job Mosdepth.
Updating job SmooveCall.
Updating job Mosdepth.
Updating job SmooveCall.
Updating job Mosdepth.
Updating job SmooveCall.
Updating job Mosdepth.
Updating job SmooveCall.
Updating job Mosdepth.
Updating job SmooveCall.
Updating job Mosdepth.
Updating job SmooveCall.
Updating job Mosdepth.
Updating job SmooveCall.
Updating job Mosdepth.
Updating job SmooveCall.
Updating job Mosdepth.
Updating job SmooveCall.
Updating job Mosdepth.
Updating job SmooveCall.
Updating job Mosdepth.
Updating job SmooveCall.
Updating job Mosdepth.
Updating job SmooveCall.
Updating job Mosdepth.
Updating job SmooveCall.
Updating job Mosdepth.
Updating job SmooveCall.
Updating job Mosdepth.
Updating job SmooveCall.
Updating job Mosdepth.
Updating job SmooveCall.
Updating job Mosdepth.
Updating job SmooveCall.
Updating job Mosdepth.
Updating job SmooveCall.
Updating job Mosdepth.
Updating job SmooveCall.
Updating job Mosdepth.
Updating job SmooveCall.
Updating job Mosdepth.
Updating job SmooveCall.
Updating job Mosdepth.
Updating job SmooveCall.
Updating job Mosdepth.
Updating job SmooveCall.
Updating job Mosdepth.
Updating job SmooveCall.
Updating job Mosdepth.
Updating job SmooveCall.
Updating job Mosdepth.
Updating job SmooveCall.
Updating job Mosdepth.
Updating job SmooveCall.
Updating job Mosdepth.
Updating job SmooveCall.
Updating job Mosdepth.
Updating job SmooveCall.
Updating job Mosdepth.
Updating job SmooveCall.
Updating job Mosdepth.
Updating job SmooveCall.
Updating job Mosdepth.
Updating job SmooveCall.
Updating job Mosdepth.
Updating job SmooveCall.
Updating job Mosdepth.
Updating job SmooveCall.
Updating job Mosdepth.
Updating job SmooveCall.
Updating job Mosdepth.
Updating job SmooveCall.
Updating job Mosdepth.
Updating job SmooveCall.
Updating job Mosdepth.
Updating job SmooveCall.
Updating job Mosdepth.
Updating job SmooveCall.
Updating job Mosdepth.
Updating job SmooveCall.
Updating job Mosdepth.
Updating job SmooveCall.
Updating job Mosdepth.
Updating job SmooveCall.
Updating job Mosdepth.
Updating job SmooveCall.
Updating job Mosdepth.
Updating job SmooveCall.
Updating job Mosdepth.
Updating job SmooveCall.
Updating job Mosdepth.
Updating job SmooveCall.
Updating job Mosdepth.
Updating job SmooveCall.
Updating job Mosdepth.
Updating job SmooveCall.
Updating job Mosdepth.
Updating job SmooveCall.
Updating job Mosdepth.
Updating job SmooveCall.
Updating job Mosdepth.
Updating job SmooveCall.
Updating job Mosdepth.
Updating job SmooveCall.
Updating job Mosdepth.
Updating job SmooveCall.
Updating job Mosdepth.
Updating job SmooveCall.
Updating job Mosdepth.
Updating job SmooveCall.
Updating job Mosdepth.
Updating job SmooveCall.
Updating job Mosdepth.
Updating job SmooveCall.
Updating job Mosdepth.
Updating job SmooveCall.
Updating job Mosdepth.
Updating job SmooveCall.
Updating job Mosdepth.
Updating job SmooveCall.
Updating job Mosdepth.
Updating job SmooveCall.
Updating job Mosdepth.
Updating job SmooveCall.
Updating job Mosdepth.
Updating job SmooveCall.
Nothing to be done.
Complete log: /scratch/Shares/layer/workspace/devin_sra/sv_step/.snakemake/log/2022-05-23T111544.312896.snakemake.log
Building DAG of jobs...
Updating job SmooveGenotype.
Updating job SmooveGenotype.
Updating job SmooveGenotype.
Updating job SmooveGenotype.
Updating job SmooveGenotype.
Updating job SmooveGenotype.
Updating job SmooveGenotype.
Updating job SmooveGenotype.
Updating job SmooveGenotype.
Updating job SmooveGenotype.
Updating job SmooveGenotype.
Updating job SmooveGenotype.
Updating job SmooveGenotype.
Updating job SmooveGenotype.
Updating job SmooveGenotype.
Updating job SmooveGenotype.
Updating job SmooveGenotype.
Updating job SmooveGenotype.
Updating job SmooveGenotype.
Updating job SmooveGenotype.
Updating job SmooveGenotype.
Updating job SmooveGenotype.
Updating job SmooveGenotype.
Updating job SmooveGenotype.
Updating job SmooveGenotype.
Updating job SmooveGenotype.
Updating job SmooveGenotype.
Updating job SmooveGenotype.
Updating job SmooveGenotype.
Updating job SmooveGenotype.
Updating job SmooveGenotype.
Updating job SmooveGenotype.
Updating job SmooveGenotype.
Updating job SmooveGenotype.
Updating job SmooveGenotype.
Updating job SmooveGenotype.
Updating job SmooveGenotype.
Updating job SmooveGenotype.
Updating job SmooveGenotype.
Updating job SmooveGenotype.
Updating job SmooveGenotype.
Updating job SmooveGenotype.
Updating job SmooveGenotype.
Updating job SmooveGenotype.
Updating job SmooveGenotype.
Updating job SmooveGenotype.
Updating job SmooveGenotype.
Updating job SmooveGenotype.
Updating job SmooveGenotype.
Updating job SmooveGenotype.
Updating job SmooveGenotype.
Updating job SmooveGenotype.
Updating job SmooveGenotype.
Updating job SmooveGenotype.
Updating job SmooveGenotype.
Updating job SmooveGenotype.
Updating job SmooveGenotype.
Updating job SmooveGenotype.
Updating job SmooveGenotype.
Updating job SmooveGenotype.
Updating job SmooveGenotype.
Updating job SmooveGenotype.
Updating job SmooveGenotype.
Updating job SmooveGenotype.
Updating job SmooveGenotype.
Updating job SmooveGenotype.
Updating job SmooveGenotype.
Updating job SmooveGenotype.
Updating job SmooveGenotype.
Updating job SmooveGenotype.
Updating job SmooveGenotype.
Updating job SmooveGenotype.
Updating job SmooveGenotype.
Updating job SmooveGenotype.
Updating job SmooveGenotype.
Updating job SmooveGenotype.
Updating job SmooveGenotype.
Updating job SmooveGenotype.
Using shell: /usr/bin/bash
Provided cores: 64
Rules claiming more threads will be scaled down.
Provided resources: disk_mb=500000
Job stats:
job               count    min threads    max threads
--------------  -------  -------------  -------------
AllGenotype           1              1              1
GetData              22              1              1
SmooveGenotype      100             64             64
SmoovePaste           1              1              1
total               124              1             64

Select jobs to execute...

[Mon May 23 11:15:59 2022]
rule SmooveGenotype:
    input: /scratch/Shares/layer/workspace/devin_sra/sv_step/sv_results/chicken/data/SRR12532408/SRR12532408.sorted.bam, /scratch/Shares/layer/workspace/devin_sra/sv_step/sv_results/chicken/data/SRR12532408/SRR12532408.sorted.bam.bai, /scratch/Shares/layer/workspace/devin_sra/sv_step/sv_results/chicken/old_ref/ref.fa, /scratch/Shares/layer/workspace/devin_sra/sv_step/sv_results/chicken/old_ref/ref.fa.fai, /scratch/Shares/layer/workspace/devin_sra/sv_step/sv_results/chicken/data/merged.sites.vcf.gz
    output: /scratch/Shares/layer/workspace/devin_sra/sv_step/sv_results/chicken/data/SRR12532408/SRR12532408-smoove.genotyped.vcf.gz
    jobid: 63
    wildcards: sample=SRR12532408
    priority: 1
    threads: 64
    resources: tmpdir=/tmp, disk_mb=500000

Activating conda environment: /scratch/Shares/layer/workspace/devin_sra/sv_step/sv_results/snakemake-conda/2569facf81f9a8b701f5dc78534d4ddf
[smoove] 2022/05/23 11:16:00 starting with version 0.2.8
[smoove] 2022/05/23 11:16:00 writing sorted, indexed file to /scratch/Shares/layer/workspace/devin_sra/sv_step/sv_results/chicken/data/SRR12532408/SRR12532408-smoove.genotyped.vcf.gz
[smoove] 2022/05/23 11:16:00 > gsort version 0.1.4
